Configuring ansi-wl-pprint-0.6.9...
Preprocessing library for ansi-wl-pprint-0.6.9..
Building library for ansi-wl-pprint-0.6.9..
[1 of 2] Compiling Text.PrettyPrint.ANSI.Leijen.Internal ( Text/PrettyPrint/ANSI/Leijen/Internal.hs, .stack-work/dist/x86_64-osx/Cabal-2.4.0.1/build/Text/PrettyPrint/ANSI/Leijen/Internal.o )
[2 of 2] Compiling Text.PrettyPrint.ANSI.Leijen ( Text/PrettyPrint/ANSI/Leijen.hs, .stack-work/dist/x86_64-osx/Cabal-2.4.0.1/build/Text/PrettyPrint/ANSI/Leijen.o )
Preprocessing library for ansi-wl-pprint-0.6.9..
Running Haddock on library for ansi-wl-pprint-0.6.9..
Haddock coverage:
  89% (117 /132) in 'Text.PrettyPrint.ANSI.Leijen.Internal'
  Missing documentation for:
    fold (Text/PrettyPrint/ANSI/Leijen/Internal.hs:221)
    width (Text/PrettyPrint/ANSI/Leijen/Internal.hs:516)
    beside (Text/PrettyPrint/ANSI/Leijen/Internal.hs:701)
    column (Text/PrettyPrint/ANSI/Leijen/Internal.hs:720)
    nesting (Text/PrettyPrint/ANSI/Leijen/Internal.hs:720)
    columns (Text/PrettyPrint/ANSI/Leijen/Internal.hs:724)
    flatten (Text/PrettyPrint/ANSI/Leijen/Internal.hs:740)
    colorFunctions (Text/PrettyPrint/ANSI/Leijen/Internal.hs:807)
    oncolorFunctions (Text/PrettyPrint/ANSI/Leijen/Internal.hs:858)
    Docs (Text/PrettyPrint/ANSI/Leijen/Internal.hs:942)
    renderFits (Text/PrettyPrint/ANSI/Leijen/Internal.hs:991)
    fits1 (Text/PrettyPrint/ANSI/Leijen/Internal.hs:1059)
    fitsR (Text/PrettyPrint/ANSI/Leijen/Internal.hs:1078)
    spaces (Text/PrettyPrint/ANSI/Leijen/Internal.hs:1211)
    indentation (Text/PrettyPrint/ANSI/Leijen/Internal.hs:1215)
Warning: '<$>' is ambiguous. It is defined
    * in ‘Data.Functor’
    * at Text/PrettyPrint/ANSI/Leijen/Internal.hs:254:3
    You may be able to disambiguate the identifier by qualifying it or
    by hiding some imports.
    Defaulting to '<$>' defined at Text/PrettyPrint/ANSI/Leijen/Internal.hs:254:3
  97% (137 /141) in 'Text.PrettyPrint.ANSI.Leijen'
  Missing documentation for:
    column (Text/PrettyPrint/ANSI/Leijen/Internal.hs:720)
    columns (Text/PrettyPrint/ANSI/Leijen/Internal.hs:724)
    nesting (Text/PrettyPrint/ANSI/Leijen/Internal.hs:720)
    width (Text/PrettyPrint/ANSI/Leijen/Internal.hs:516)
Documentation created:
.stack-work/dist/x86_64-osx/Cabal-2.4.0.1/doc/html/ansi-wl-pprint/index.html,
.stack-work/dist/x86_64-osx/Cabal-2.4.0.1/doc/html/ansi-wl-pprint/ansi-wl-pprint.txt
Installing library in /Users/daidohinari/.stack/snapshots/x86_64-osx/lts-14.1/8.6.5/lib/x86_64-osx-ghc-8.6.5/ansi-wl-pprint-0.6.9-Cz5pneQ8Hse3VAFYZHVfdH
Registering library for ansi-wl-pprint-0.6.9..
