Configuring ansi-terminal-0.9.1...
Preprocessing library for ansi-terminal-0.9.1..
Building library for ansi-terminal-0.9.1..
[1 of 4] Compiling System.Console.ANSI.Types ( src/System/Console/ANSI/Types.hs, .stack-work/dist/x86_64-osx/Cabal-2.4.0.1/build/System/Console/ANSI/Types.o )
[2 of 4] Compiling System.Console.ANSI.Codes ( src/System/Console/ANSI/Codes.hs, .stack-work/dist/x86_64-osx/Cabal-2.4.0.1/build/System/Console/ANSI/Codes.o )
[3 of 4] Compiling System.Console.ANSI.Unix ( src/System/Console/ANSI/Unix.hs, .stack-work/dist/x86_64-osx/Cabal-2.4.0.1/build/System/Console/ANSI/Unix.o )
[4 of 4] Compiling System.Console.ANSI ( src/System/Console/ANSI.hs, .stack-work/dist/x86_64-osx/Cabal-2.4.0.1/build/System/Console/ANSI.o )
Preprocessing library for ansi-terminal-0.9.1..
Running Haddock on library for ansi-terminal-0.9.1..
Haddock coverage:
 100% ( 13 / 13) in 'System.Console.ANSI.Types'
Warning: 'getReportedCursorPosition' is out of scope.
    If you qualify the identifier, haddock can try to link it
    it anyway.
Warning: 'getCursorPosition0' is out of scope.
    If you qualify the identifier, haddock can try to link it
    it anyway.
Warning: 'hGetBufNonBlocking' is out of scope.
    If you qualify the identifier, haddock can try to link it
    it anyway.
  58% ( 23 / 40) in 'System.Console.ANSI.Codes'
  Missing documentation for:
    cursorUpCode (src/System/Console/ANSI/Codes.hs:128)
    cursorDownCode (src/System/Console/ANSI/Codes.hs:128)
    cursorForwardCode (src/System/Console/ANSI/Codes.hs:128)
    cursorBackwardCode (src/System/Console/ANSI/Codes.hs:128)
    cursorUpLineCode (src/System/Console/ANSI/Codes.hs:136)
    cursorDownLineCode (src/System/Console/ANSI/Codes.hs:136)
    clearFromCursorToScreenEndCode (src/System/Console/ANSI/Codes.hs:179)
    clearFromCursorToScreenBeginningCode (src/System/Console/ANSI/Codes.hs:179)
    clearScreenCode (src/System/Console/ANSI/Codes.hs:179)
    clearFromCursorToLineEndCode (src/System/Console/ANSI/Codes.hs:181)
    clearFromCursorToLineBeginningCode (src/System/Console/ANSI/Codes.hs:181)
    clearLineCode (src/System/Console/ANSI/Codes.hs:181)
    scrollPageUpCode (src/System/Console/ANSI/Codes.hs:191)
    scrollPageDownCode (src/System/Console/ANSI/Codes.hs:191)
    setSGRCode (src/System/Console/ANSI/Codes.hs:196)
    hideCursorCode (src/System/Console/ANSI/Codes.hs:203)
    showCursorCode (src/System/Console/ANSI/Codes.hs:203)
Warning: 'hGetBufNonBlocking' is out of scope.
    If you qualify the identifier, haddock can try to link it
    it anyway.
Warning: 'stdout' is out of scope.
    If you qualify the identifier, haddock can try to link it
    it anyway.
  46% ( 43 / 93) in 'System.Console.ANSI'
  Missing documentation for:
    cursorUp (src/includes/Common-Include.hs:21)
    cursorDown (src/includes/Common-Include.hs:21)
    cursorForward (src/includes/Common-Include.hs:21)
    cursorBackward (src/includes/Common-Include.hs:21)
    hCursorUp (src/includes/Common-Include.hs:17)
    hCursorDown (src/includes/Common-Include.hs:17)
    hCursorForward (src/includes/Common-Include.hs:17)
    hCursorBackward (src/includes/Common-Include.hs:17)
    cursorUpCode (src/System/Console/ANSI/Codes.hs:128)
    cursorDownCode (src/System/Console/ANSI/Codes.hs:128)
    cursorForwardCode (src/System/Console/ANSI/Codes.hs:128)
    cursorBackwardCode (src/System/Console/ANSI/Codes.hs:128)
    cursorUpLine (src/includes/Common-Include.hs:32)
    cursorDownLine (src/includes/Common-Include.hs:32)
    hCursorUpLine (src/includes/Common-Include.hs:29)
    hCursorDownLine (src/includes/Common-Include.hs:29)
    cursorUpLineCode (src/System/Console/ANSI/Codes.hs:136)
    cursorDownLineCode (src/System/Console/ANSI/Codes.hs:136)
    hSetCursorColumn (src/includes/Common-Include.hs:37)
    hSetCursorPosition (src/includes/Common-Include.hs:47)
    hSaveCursor (src/includes/Common-Include.hs:59)
    hRestoreCursor (src/includes/Common-Include.hs:59)
    hReportCursorPosition (src/includes/Common-Include.hs:59)
    clearFromCursorToScreenEnd (src/includes/Common-Include-Enabled.hs:27)
    clearFromCursorToScreenBeginning (src/includes/Common-Include-Enabled.hs:27)
    clearScreen (src/includes/Common-Include-Enabled.hs:27)
    hClearFromCursorToScreenEnd (src/includes/Common-Include-Enabled.hs:23)
    hClearFromCursorToScreenBeginning (src/includes/Common-Include-Enabled.hs:23)
    hClearScreen (src/includes/Common-Include-Enabled.hs:23)
    clearFromCursorToScreenEndCode (src/System/Console/ANSI/Codes.hs:179)
    clearFromCursorToScreenBeginningCode (src/System/Console/ANSI/Codes.hs:179)
    clearScreenCode (src/System/Console/ANSI/Codes.hs:179)
    clearFromCursorToLineEnd (src/includes/Common-Include-Enabled.hs:37)
    clearFromCursorToLineBeginning (src/includes/Common-Include-Enabled.hs:37)
    clearLine (src/includes/Common-Include-Enabled.hs:37)
    hClearFromCursorToLineEnd (src/includes/Common-Include-Enabled.hs:33)
    hClearFromCursorToLineBeginning (src/includes/Common-Include-Enabled.hs:33)
    hClearLine (src/includes/Common-Include-Enabled.hs:33)
    clearFromCursorToLineEndCode (src/System/Console/ANSI/Codes.hs:181)
    clearFromCursorToLineBeginningCode (src/System/Console/ANSI/Codes.hs:181)
    clearLineCode (src/System/Console/ANSI/Codes.hs:181)
    scrollPageUpCode (src/System/Console/ANSI/Codes.hs:191)
    scrollPageDownCode (src/System/Console/ANSI/Codes.hs:191)
    setSGRCode (src/System/Console/ANSI/Codes.hs:196)
    hideCursor (src/includes/Common-Include.hs:101)
    showCursor (src/includes/Common-Include.hs:101)
    hHideCursor (src/includes/Common-Include.hs:99)
    hShowCursor (src/includes/Common-Include.hs:99)
    hideCursorCode (src/System/Console/ANSI/Codes.hs:203)
    showCursorCode (src/System/Console/ANSI/Codes.hs:203)
Warning: System.Console.ANSI.Types: could not find link destinations for:
    unsafeIndex unsafeRangeSize
Documentation created:
.stack-work/dist/x86_64-osx/Cabal-2.4.0.1/doc/html/ansi-terminal/index.html,
.stack-work/dist/x86_64-osx/Cabal-2.4.0.1/doc/html/ansi-terminal/ansi-terminal.txt
Installing library in /Users/daidohinari/.stack/snapshots/x86_64-osx/lts-14.1/8.6.5/lib/x86_64-osx-ghc-8.6.5/ansi-terminal-0.9.1-KAtSkkD7GHFKoP9eT8kWXE
Registering library for ansi-terminal-0.9.1..
