Configuring blaze-markup-0.8.2.2...
Preprocessing library for blaze-markup-0.8.2.2..
Building library for blaze-markup-0.8.2.2..
[1 of 6] Compiling Text.Blaze.Internal ( src/Text/Blaze/Internal.hs, .stack-work/dist/x86_64-osx/Cabal-2.4.0.1/build/Text/Blaze/Internal.o )
[2 of 6] Compiling Text.Blaze       ( src/Text/Blaze.hs, .stack-work/dist/x86_64-osx/Cabal-2.4.0.1/build/Text/Blaze.o )
[3 of 6] Compiling Text.Blaze.Renderer.String ( src/Text/Blaze/Renderer/String.hs, .stack-work/dist/x86_64-osx/Cabal-2.4.0.1/build/Text/Blaze/Renderer/String.o )
[4 of 6] Compiling Text.Blaze.Renderer.Pretty ( src/Text/Blaze/Renderer/Pretty.hs, .stack-work/dist/x86_64-osx/Cabal-2.4.0.1/build/Text/Blaze/Renderer/Pretty.o )
[5 of 6] Compiling Text.Blaze.Renderer.Text ( src/Text/Blaze/Renderer/Text.hs, .stack-work/dist/x86_64-osx/Cabal-2.4.0.1/build/Text/Blaze/Renderer/Text.o )
[6 of 6] Compiling Text.Blaze.Renderer.Utf8 ( src/Text/Blaze/Renderer/Utf8.hs, .stack-work/dist/x86_64-osx/Cabal-2.4.0.1/build/Text/Blaze/Renderer/Utf8.o )
Preprocessing library for blaze-markup-0.8.2.2..
Running Haddock on library for blaze-markup-0.8.2.2..
Haddock coverage:
Warning: 'String' is ambiguous. It is defined
    * at src/Text/Blaze/Internal.hs:123:7
    * in ‘GHC.Base’
    You may be able to disambiguate the identifier by qualifying it or
    by hiding some imports.
    Defaulting to 'String' defined at src/Text/Blaze/Internal.hs:119:1
Warning: 'ByteString' is ambiguous. It is defined
    * at src/Text/Blaze/Internal.hs:127:7
    * in ‘Data.ByteString.Internal’
    You may be able to disambiguate the identifier by qualifying it or
    by hiding some imports.
    Defaulting to 'ByteString' defined at src/Text/Blaze/Internal.hs:119:1
Warning: 'Text' is ambiguous. It is defined
    * at src/Text/Blaze/Internal.hs:125:7
    * in ‘Data.Text.Internal’
    You may be able to disambiguate the identifier by qualifying it or
    by hiding some imports.
    Defaulting to 'Text' defined at src/Text/Blaze/Internal.hs:119:1
 100% ( 55 / 55) in 'Text.Blaze.Internal'
 100% ( 43 / 43) in 'Text.Blaze'
Warning: 'String' is ambiguous. It is defined
    * at src/Text/Blaze/Internal.hs:123:7
    * in ‘GHC.Base’
    You may be able to disambiguate the identifier by qualifying it or
    by hiding some imports.
    Defaulting to 'String' defined at src/Text/Blaze/Internal.hs:119:1
  75% (  3 /  4) in 'Text.Blaze.Renderer.String'
  Missing documentation for:
    renderHtml (src/Text/Blaze/Renderer/String.hs:93)
Warning: 'String' is ambiguous. It is defined
    * at src/Text/Blaze/Internal.hs:123:7
    * in ‘GHC.Base’
    You may be able to disambiguate the identifier by qualifying it or
    by hiding some imports.
    Defaulting to 'String' defined at src/Text/Blaze/Internal.hs:119:1
  67% (  2 /  3) in 'Text.Blaze.Renderer.Pretty'
  Missing documentation for:
    renderHtml (src/Text/Blaze/Renderer/Pretty.hs:56)
  56% (  5 /  9) in 'Text.Blaze.Renderer.Text'
  Missing documentation for:
    renderHtmlBuilder (src/Text/Blaze/Renderer/Text.hs:73)
    renderHtmlBuilderWith (src/Text/Blaze/Renderer/Text.hs:133)
    renderHtml (src/Text/Blaze/Renderer/Text.hs:149)
    renderHtmlWith (src/Text/Blaze/Renderer/Text.hs:164)
  86% (  6 /  7) in 'Text.Blaze.Renderer.Utf8'
  Missing documentation for:
    Module header
Documentation created:
.stack-work/dist/x86_64-osx/Cabal-2.4.0.1/doc/html/blaze-markup/index.html,
.stack-work/dist/x86_64-osx/Cabal-2.4.0.1/doc/html/blaze-markup/blaze-markup.txt
Installing library in /Users/daidohinari/.stack/snapshots/x86_64-osx/lts-14.1/8.6.5/lib/x86_64-osx-ghc-8.6.5/blaze-markup-0.8.2.2-IwLwNWRUxfsEuYbkQ0Gv5Q
Registering library for blaze-markup-0.8.2.2..
