Configuring colour-2.3.5...
Preprocessing library for colour-2.3.5..
Building library for colour-2.3.5..
[ 1 of 14] Compiling Data.Colour.CIE.Chromaticity ( Data/Colour/CIE/Chromaticity.hs, .stack-work/dist/x86_64-osx/Cabal-2.4.0.1/build/Data/Colour/CIE/Chromaticity.o )
[ 2 of 14] Compiling Data.Colour.CIE.Illuminant ( Data/Colour/CIE/Illuminant.hs, .stack-work/dist/x86_64-osx/Cabal-2.4.0.1/build/Data/Colour/CIE/Illuminant.o )
[ 3 of 14] Compiling Data.Colour.Chan ( Data/Colour/Chan.hs, .stack-work/dist/x86_64-osx/Cabal-2.4.0.1/build/Data/Colour/Chan.o )
[ 4 of 14] Compiling Data.Colour.Internal ( Data/Colour/Internal.hs, .stack-work/dist/x86_64-osx/Cabal-2.4.0.1/build/Data/Colour/Internal.o )
[ 5 of 14] Compiling Data.Colour.Matrix ( Data/Colour/Matrix.hs, .stack-work/dist/x86_64-osx/Cabal-2.4.0.1/build/Data/Colour/Matrix.o )
[ 6 of 14] Compiling Data.Colour.RGB  ( Data/Colour/RGB.hs, .stack-work/dist/x86_64-osx/Cabal-2.4.0.1/build/Data/Colour/RGB.o )
[ 7 of 14] Compiling Data.Colour.RGBSpace.HSL ( Data/Colour/RGBSpace/HSL.hs, .stack-work/dist/x86_64-osx/Cabal-2.4.0.1/build/Data/Colour/RGBSpace/HSL.o )
[ 8 of 14] Compiling Data.Colour.RGBSpace.HSV ( Data/Colour/RGBSpace/HSV.hs, .stack-work/dist/x86_64-osx/Cabal-2.4.0.1/build/Data/Colour/RGBSpace/HSV.o )
[ 9 of 14] Compiling Data.Colour.SRGB.Linear ( Data/Colour/SRGB/Linear.hs, .stack-work/dist/x86_64-osx/Cabal-2.4.0.1/build/Data/Colour/SRGB/Linear.o )
[10 of 14] Compiling Data.Colour.RGBSpace ( Data/Colour/RGBSpace.hs, .stack-work/dist/x86_64-osx/Cabal-2.4.0.1/build/Data/Colour/RGBSpace.o )
[11 of 14] Compiling Data.Colour.SRGB ( Data/Colour/SRGB.hs, .stack-work/dist/x86_64-osx/Cabal-2.4.0.1/build/Data/Colour/SRGB.o )
[12 of 14] Compiling Data.Colour      ( Data/Colour.hs, .stack-work/dist/x86_64-osx/Cabal-2.4.0.1/build/Data/Colour.o )
[13 of 14] Compiling Data.Colour.Names ( Data/Colour/Names.hs, .stack-work/dist/x86_64-osx/Cabal-2.4.0.1/build/Data/Colour/Names.o )
[14 of 14] Compiling Data.Colour.CIE  ( Data/Colour/CIE.hs, .stack-work/dist/x86_64-osx/Cabal-2.4.0.1/build/Data/Colour/CIE.o )
Preprocessing library for colour-2.3.5..
Running Haddock on library for colour-2.3.5..
Haddock coverage:
 100% ( 21 / 21) in 'Data.Colour.CIE.Illuminant'
  86% (  6 /  7) in 'Data.Colour.RGBSpace.HSL'
  Missing documentation for:
    Module header
  86% (  6 /  7) in 'Data.Colour.RGBSpace.HSV'
  Missing documentation for:
    Module header
 100% (  6 /  6) in 'Data.Colour.SRGB.Linear'
  83% ( 20 / 24) in 'Data.Colour.RGBSpace'
  Missing documentation for:
    primaries (Data/Colour/RGB.hs:55)
    whitePoint (Data/Colour/RGB.hs:56)
    gamut (Data/Colour/RGBSpace.hs:125)
    transferFunction (Data/Colour/RGBSpace.hs:126)
 100% ( 14 / 14) in 'Data.Colour.SRGB'
  85% ( 17 / 20) in 'Data.Colour'
  Missing documentation for:
    black (Data/Colour/Internal.hs:54)
    AffineSpace (Data/Colour/Internal.hs:113)
    ColourOps (Data/Colour/Internal.hs:150)
   1% (  1 /149) in 'Data.Colour.Names'
  Missing documentation for:
    readColourName (Data/Colour/Names.hs:189)
    aliceblue (Data/Colour/Names.hs:340)
    antiquewhite (Data/Colour/Names.hs:343)
    aqua (Data/Colour/Names.hs:346)
    aquamarine (Data/Colour/Names.hs:349)
    azure (Data/Colour/Names.hs:352)
    beige (Data/Colour/Names.hs:355)
    bisque (Data/Colour/Names.hs:358)
    black (Data/Colour/Internal.hs:54)
    blanchedalmond (Data/Colour/Names.hs:363)
    blue (Data/Colour/Names.hs:366)
    blueviolet (Data/Colour/Names.hs:369)
    brown (Data/Colour/Names.hs:372)
    burlywood (Data/Colour/Names.hs:375)
    cadetblue (Data/Colour/Names.hs:378)
    chartreuse (Data/Colour/Names.hs:381)
    chocolate (Data/Colour/Names.hs:384)
    coral (Data/Colour/Names.hs:387)
    cornflowerblue (Data/Colour/Names.hs:390)
    cornsilk (Data/Colour/Names.hs:393)
    crimson (Data/Colour/Names.hs:396)
    cyan (Data/Colour/Names.hs:399)
    darkblue (Data/Colour/Names.hs:402)
    darkcyan (Data/Colour/Names.hs:405)
    darkgoldenrod (Data/Colour/Names.hs:408)
    darkgray (Data/Colour/Names.hs:411)
    darkgreen (Data/Colour/Names.hs:414)
    darkgrey (Data/Colour/Names.hs:417)
    darkkhaki (Data/Colour/Names.hs:420)
    darkmagenta (Data/Colour/Names.hs:423)
    darkolivegreen (Data/Colour/Names.hs:426)
    darkorange (Data/Colour/Names.hs:429)
    darkorchid (Data/Colour/Names.hs:432)
    darkred (Data/Colour/Names.hs:435)
    darksalmon (Data/Colour/Names.hs:438)
    darkseagreen (Data/Colour/Names.hs:441)
    darkslateblue (Data/Colour/Names.hs:444)
    darkslategray (Data/Colour/Names.hs:447)
    darkslategrey (Data/Colour/Names.hs:450)
    darkturquoise (Data/Colour/Names.hs:453)
    darkviolet (Data/Colour/Names.hs:456)
    deeppink (Data/Colour/Names.hs:459)
    deepskyblue (Data/Colour/Names.hs:462)
    dimgray (Data/Colour/Names.hs:465)
    dimgrey (Data/Colour/Names.hs:468)
    dodgerblue (Data/Colour/Names.hs:471)
    firebrick (Data/Colour/Names.hs:474)
    floralwhite (Data/Colour/Names.hs:477)
    forestgreen (Data/Colour/Names.hs:480)
    fuchsia (Data/Colour/Names.hs:483)
    gainsboro (Data/Colour/Names.hs:486)
    ghostwhite (Data/Colour/Names.hs:489)
    gold (Data/Colour/Names.hs:492)
    goldenrod (Data/Colour/Names.hs:495)
    gray (Data/Colour/Names.hs:498)
    grey (Data/Colour/Names.hs:501)
    green (Data/Colour/Names.hs:504)
    greenyellow (Data/Colour/Names.hs:507)
    honeydew (Data/Colour/Names.hs:510)
    hotpink (Data/Colour/Names.hs:513)
    indianred (Data/Colour/Names.hs:516)
    indigo (Data/Colour/Names.hs:519)
    ivory (Data/Colour/Names.hs:522)
    khaki (Data/Colour/Names.hs:525)
    lavender (Data/Colour/Names.hs:528)
    lavenderblush (Data/Colour/Names.hs:531)
    lawngreen (Data/Colour/Names.hs:534)
    lemonchiffon (Data/Colour/Names.hs:537)
    lightblue (Data/Colour/Names.hs:540)
    lightcoral (Data/Colour/Names.hs:543)
    lightcyan (Data/Colour/Names.hs:546)
    lightgoldenrodyellow (Data/Colour/Names.hs:549)
    lightgray (Data/Colour/Names.hs:552)
    lightgreen (Data/Colour/Names.hs:555)
    lightgrey (Data/Colour/Names.hs:558)
    lightpink (Data/Colour/Names.hs:561)
    lightsalmon (Data/Colour/Names.hs:564)
    lightseagreen (Data/Colour/Names.hs:567)
    lightskyblue (Data/Colour/Names.hs:570)
    lightslategray (Data/Colour/Names.hs:573)
    lightslategrey (Data/Colour/Names.hs:576)
    lightsteelblue (Data/Colour/Names.hs:579)
    lightyellow (Data/Colour/Names.hs:582)
    lime (Data/Colour/Names.hs:585)
    limegreen (Data/Colour/Names.hs:588)
    linen (Data/Colour/Names.hs:591)
    magenta (Data/Colour/Names.hs:594)
    maroon (Data/Colour/Names.hs:597)
    mediumaquamarine (Data/Colour/Names.hs:600)
    mediumblue (Data/Colour/Names.hs:603)
    mediumorchid (Data/Colour/Names.hs:606)
    mediumpurple (Data/Colour/Names.hs:609)
    mediumseagreen (Data/Colour/Names.hs:612)
    mediumslateblue (Data/Colour/Names.hs:615)
    mediumspringgreen (Data/Colour/Names.hs:618)
    mediumturquoise (Data/Colour/Names.hs:621)
    mediumvioletred (Data/Colour/Names.hs:624)
    midnightblue (Data/Colour/Names.hs:627)
    mintcream (Data/Colour/Names.hs:630)
    mistyrose (Data/Colour/Names.hs:633)
    moccasin (Data/Colour/Names.hs:636)
    navajowhite (Data/Colour/Names.hs:639)
    navy (Data/Colour/Names.hs:642)
    oldlace (Data/Colour/Names.hs:645)
    olive (Data/Colour/Names.hs:648)
    olivedrab (Data/Colour/Names.hs:651)
    orange (Data/Colour/Names.hs:654)
    orangered (Data/Colour/Names.hs:657)
    orchid (Data/Colour/Names.hs:660)
    palegoldenrod (Data/Colour/Names.hs:663)
    palegreen (Data/Colour/Names.hs:666)
    paleturquoise (Data/Colour/Names.hs:669)
    palevioletred (Data/Colour/Names.hs:672)
    papayawhip (Data/Colour/Names.hs:675)
    peachpuff (Data/Colour/Names.hs:678)
    peru (Data/Colour/Names.hs:681)
    pink (Data/Colour/Names.hs:684)
    plum (Data/Colour/Names.hs:687)
    powderblue (Data/Colour/Names.hs:690)
    purple (Data/Colour/Names.hs:693)
    red (Data/Colour/Names.hs:696)
    rosybrown (Data/Colour/Names.hs:699)
    royalblue (Data/Colour/Names.hs:702)
    saddlebrown (Data/Colour/Names.hs:705)
    salmon (Data/Colour/Names.hs:708)
    sandybrown (Data/Colour/Names.hs:711)
    seagreen (Data/Colour/Names.hs:714)
    seashell (Data/Colour/Names.hs:717)
    sienna (Data/Colour/Names.hs:720)
    silver (Data/Colour/Names.hs:723)
    skyblue (Data/Colour/Names.hs:726)
    slateblue (Data/Colour/Names.hs:729)
    slategray (Data/Colour/Names.hs:732)
    slategrey (Data/Colour/Names.hs:735)
    snow (Data/Colour/Names.hs:738)
    springgreen (Data/Colour/Names.hs:741)
    steelblue (Data/Colour/Names.hs:744)
    tan (Data/Colour/Names.hs:747)
    teal (Data/Colour/Names.hs:750)
    thistle (Data/Colour/Names.hs:753)
    tomato (Data/Colour/Names.hs:756)
    turquoise (Data/Colour/Names.hs:759)
    violet (Data/Colour/Names.hs:762)
    wheat (Data/Colour/Names.hs:765)
    white (Data/Colour/Names.hs:768)
    whitesmoke (Data/Colour/Names.hs:771)
    yellow (Data/Colour/Names.hs:774)
    yellowgreen (Data/Colour/Names.hs:777)
  88% ( 15 / 17) in 'Data.Colour.CIE'
  Missing documentation for:
    toCIEXYZ (Data/Colour/CIE.hs:65)
    Chromaticity (Data/Colour/CIE/Chromaticity.hs:25)
Documentation created:
.stack-work/dist/x86_64-osx/Cabal-2.4.0.1/doc/html/colour/index.html,
.stack-work/dist/x86_64-osx/Cabal-2.4.0.1/doc/html/colour/colour.txt
Installing library in /Users/daidohinari/.stack/snapshots/x86_64-osx/lts-14.1/8.6.5/lib/x86_64-osx-ghc-8.6.5/colour-2.3.5-y0xjV3ONUd40VuBtReEvC
Registering library for colour-2.3.5..
