Configuring conduit-1.2.9...
Building conduit-1.2.9...
Preprocessing library conduit-1.2.9...
[1 of 8] Compiling Data.Conduit.Internal.Pipe ( Data/Conduit/Internal/Pipe.hs, .stack-work/dist/x86_64-osx/Cabal-1.24.2.0/build/Data/Conduit/Internal/Pipe.o )

Data/Conduit/Internal/Pipe.hs:222:11: warning: [-Winline-rule-shadowing]
    Rule "conduit: CI.await >>= maybe" may never fire
      because ‘maybe’ might inline first
    Probable fix: add an INLINE[n] or NOINLINE[n] pragma for ‘maybe’

Data/Conduit/Internal/Pipe.hs:231:11: warning: [-Winline-rule-shadowing]
    Rule "conduit: awaitE >>= either" may never fire
      because ‘either’ might inline first
    Probable fix: add an INLINE[n] or NOINLINE[n] pragma for ‘either’

Data/Conduit/Internal/Pipe.hs:273:5: warning: [-Winline-rule-shadowing]
    Rule "lift m >>= CI.yield" may never fire
      because ‘lift’ might inline first
    Probable fix: add an INLINE[n] or NOINLINE[n] pragma for ‘lift’

Data/Conduit/Internal/Pipe.hs:634:11: warning: [-Winline-rule-shadowing]
    Rule "conduit: Pipe: lift x >>= f" may never fire
      because ‘lift’ might inline first
    Probable fix: add an INLINE[n] or NOINLINE[n] pragma for ‘lift’

Data/Conduit/Internal/Pipe.hs:635:11: warning: [-Winline-rule-shadowing]
    Rule "conduit: Pipe: lift x >> f" may never fire
      because ‘lift’ might inline first
    Probable fix: add an INLINE[n] or NOINLINE[n] pragma for ‘lift’
[2 of 8] Compiling Data.Conduit.Internal.Conduit ( Data/Conduit/Internal/Conduit.hs, .stack-work/dist/x86_64-osx/Cabal-1.24.2.0/build/Data/Conduit/Internal/Conduit.o )

Data/Conduit/Internal/Conduit.hs:88:1: warning: [-Wdodgy-imports]
    Module ‘Prelude’ does not export ‘catch’

Data/Conduit/Internal/Conduit.hs:832:11: warning: [-Winline-rule-shadowing]
    Rule "conduit: await >>= maybe" may never fire
      because ‘maybe’ might inline first
    Probable fix: add an INLINE[n] or NOINLINE[n] pragma for ‘maybe’
[3 of 8] Compiling Data.Conduit.Internal.Fusion ( Data/Conduit/Internal/Fusion.hs, .stack-work/dist/x86_64-osx/Cabal-1.24.2.0/build/Data/Conduit/Internal/Fusion.o )
[4 of 8] Compiling Data.Conduit.Internal.List.Stream ( Data/Conduit/Internal/List/Stream.hs, .stack-work/dist/x86_64-osx/Cabal-1.24.2.0/build/Data/Conduit/Internal/List/Stream.o )
[5 of 8] Compiling Data.Conduit.Internal ( Data/Conduit/Internal.hs, .stack-work/dist/x86_64-osx/Cabal-1.24.2.0/build/Data/Conduit/Internal.o )
[6 of 8] Compiling Data.Conduit     ( Data/Conduit.hs, .stack-work/dist/x86_64-osx/Cabal-1.24.2.0/build/Data/Conduit.o )
[7 of 8] Compiling Data.Conduit.Lift ( Data/Conduit/Lift.hs, .stack-work/dist/x86_64-osx/Cabal-1.24.2.0/build/Data/Conduit/Lift.o )

Data/Conduit/Lift.hs:78:1: warning: [-Wdeprecations]
    Module ‘Control.Monad.Trans.Error’ is deprecated:
      Use Control.Monad.Trans.Except instead

Data/Conduit/Lift.hs:129:26: warning: [-Wdeprecations]
    In the use of type constructor or class ‘ErrorT’
    (imported from Control.Monad.Trans.Error):
    Deprecated: "Use Control.Monad.Trans.Except instead"

Data/Conduit/Lift.hs:129:56: warning: [-Wdeprecations]
    In the use of type constructor or class ‘Error’
    (imported from Control.Monad.Trans.Error):
    Deprecated: "Use Control.Monad.Trans.Except instead"

Data/Conduit/Lift.hs:131:29: warning: [-Wdeprecations]
    In the use of type constructor or class ‘ErrorT’
    (imported from Control.Monad.Trans.Error):
    Deprecated: "Use Control.Monad.Trans.Except instead"

Data/Conduit/Lift.hs:134:12: warning: [-Wdeprecations]
    In the use of data constructor ‘ErrorT’
    (imported from Control.Monad.Trans.Error):
    Deprecated: "Use Control.Monad.Trans.Except instead"

Data/Conduit/Lift.hs:140:16: warning: [-Wdeprecations]
    In the use of type constructor or class ‘Error’
    (imported from Control.Monad.Trans.Error):
    Deprecated: "Use Control.Monad.Trans.Except instead"

Data/Conduit/Lift.hs:141:20: warning: [-Wdeprecations]
    In the use of type constructor or class ‘ErrorT’
    (imported from Control.Monad.Trans.Error):
    Deprecated: "Use Control.Monad.Trans.Except instead"

Data/Conduit/Lift.hs:146:25: warning: [-Wdeprecations]
    In the use of ‘runErrorT’
    (imported from Control.Monad.Trans.Error):
    Deprecated: "Use Control.Monad.Trans.Except instead"

Data/Conduit/Lift.hs:151:56: warning: [-Wdeprecations]
    In the use of ‘runErrorT’
    (imported from Control.Monad.Trans.Error):
    Deprecated: "Use Control.Monad.Trans.Except instead"

Data/Conduit/Lift.hs:160:16: warning: [-Wdeprecations]
    In the use of type constructor or class ‘Error’
    (imported from Control.Monad.Trans.Error):
    Deprecated: "Use Control.Monad.Trans.Except instead"

Data/Conduit/Lift.hs:161:20: warning: [-Wdeprecations]
    In the use of type constructor or class ‘ErrorT’
    (imported from Control.Monad.Trans.Error):
    Deprecated: "Use Control.Monad.Trans.Except instead"

Data/Conduit/Lift.hs:162:29: warning: [-Wdeprecations]
    In the use of type constructor or class ‘ErrorT’
    (imported from Control.Monad.Trans.Error):
    Deprecated: "Use Control.Monad.Trans.Except instead"

Data/Conduit/Lift.hs:163:23: warning: [-Wdeprecations]
    In the use of type constructor or class ‘ErrorT’
    (imported from Control.Monad.Trans.Error):
    Deprecated: "Use Control.Monad.Trans.Except instead"

Data/Conduit/Lift.hs:168:32: warning: [-Wdeprecations]
    In the use of ‘runErrorT’
    (imported from Control.Monad.Trans.Error):
    Deprecated: "Use Control.Monad.Trans.Except instead"
[8 of 8] Compiling Data.Conduit.List ( Data/Conduit/List.hs, .stack-work/dist/x86_64-osx/Cabal-1.24.2.0/build/Data/Conduit/List.o )
Running Haddock for conduit-1.2.9...
Preprocessing library conduit-1.2.9...

Data/Conduit/Internal/Conduit.hs:88:1: warning: [-Wdodgy-imports]
    Module ‘Prelude’ does not export ‘catch’

Data/Conduit/Lift.hs:78:1: warning: [-Wdeprecations]
    Module ‘Control.Monad.Trans.Error’ is deprecated:
      Use Control.Monad.Trans.Except instead

Data/Conduit/Lift.hs:129:26: warning: [-Wdeprecations]
    In the use of type constructor or class ‘ErrorT’
    (imported from Control.Monad.Trans.Error):
    Deprecated: "Use Control.Monad.Trans.Except instead"

Data/Conduit/Lift.hs:129:56: warning: [-Wdeprecations]
    In the use of type constructor or class ‘Error’
    (imported from Control.Monad.Trans.Error):
    Deprecated: "Use Control.Monad.Trans.Except instead"

Data/Conduit/Lift.hs:131:29: warning: [-Wdeprecations]
    In the use of type constructor or class ‘ErrorT’
    (imported from Control.Monad.Trans.Error):
    Deprecated: "Use Control.Monad.Trans.Except instead"

Data/Conduit/Lift.hs:134:12: warning: [-Wdeprecations]
    In the use of data constructor ‘ErrorT’
    (imported from Control.Monad.Trans.Error):
    Deprecated: "Use Control.Monad.Trans.Except instead"

Data/Conduit/Lift.hs:140:16: warning: [-Wdeprecations]
    In the use of type constructor or class ‘Error’
    (imported from Control.Monad.Trans.Error):
    Deprecated: "Use Control.Monad.Trans.Except instead"

Data/Conduit/Lift.hs:141:20: warning: [-Wdeprecations]
    In the use of type constructor or class ‘ErrorT’
    (imported from Control.Monad.Trans.Error):
    Deprecated: "Use Control.Monad.Trans.Except instead"

Data/Conduit/Lift.hs:146:25: warning: [-Wdeprecations]
    In the use of ‘runErrorT’
    (imported from Control.Monad.Trans.Error):
    Deprecated: "Use Control.Monad.Trans.Except instead"

Data/Conduit/Lift.hs:151:56: warning: [-Wdeprecations]
    In the use of ‘runErrorT’
    (imported from Control.Monad.Trans.Error):
    Deprecated: "Use Control.Monad.Trans.Except instead"

Data/Conduit/Lift.hs:160:16: warning: [-Wdeprecations]
    In the use of type constructor or class ‘Error’
    (imported from Control.Monad.Trans.Error):
    Deprecated: "Use Control.Monad.Trans.Except instead"

Data/Conduit/Lift.hs:161:20: warning: [-Wdeprecations]
    In the use of type constructor or class ‘ErrorT’
    (imported from Control.Monad.Trans.Error):
    Deprecated: "Use Control.Monad.Trans.Except instead"

Data/Conduit/Lift.hs:162:29: warning: [-Wdeprecations]
    In the use of type constructor or class ‘ErrorT’
    (imported from Control.Monad.Trans.Error):
    Deprecated: "Use Control.Monad.Trans.Except instead"

Data/Conduit/Lift.hs:163:23: warning: [-Wdeprecations]
    In the use of type constructor or class ‘ErrorT’
    (imported from Control.Monad.Trans.Error):
    Deprecated: "Use Control.Monad.Trans.Except instead"

Data/Conduit/Lift.hs:168:32: warning: [-Wdeprecations]
    In the use of ‘runErrorT’
    (imported from Control.Monad.Trans.Error):
    Deprecated: "Use Control.Monad.Trans.Except instead"
Haddock coverage:
  91% ( 32 / 35) in 'Data.Conduit.Internal.Pipe'
  Missing documentation for:
    Module header
    yieldM (Data/Conduit/Internal/Pipe.hs:255)
    enumFromTo (Data/Conduit/Internal/Pipe.hs:504)
  95% ( 71 / 75) in 'Data.Conduit.Internal.Conduit'
  Missing documentation for:
    Module header
    sourceToPipe (Data/Conduit/Internal/Conduit.hs:332)
    sinkToPipe (Data/Conduit/Internal/Conduit.hs:342)
    conduitToPipe (Data/Conduit/Internal/Conduit.hs:352)
  19% (  3 / 16) in 'Data.Conduit.Internal.Fusion'
  Missing documentation for:
    Module header
    Stream (Data/Conduit/Internal/Fusion.hs:37)
    ConduitWithStream (Data/Conduit/Internal/Fusion.hs:41)
    StreamConduitM (Data/Conduit/Internal/Fusion.hs:45)
    StreamConduit (Data/Conduit/Internal/Fusion.hs:47)
    StreamSource (Data/Conduit/Internal/Fusion.hs:49)
    StreamProducer (Data/Conduit/Internal/Fusion.hs:51)
    StreamSink (Data/Conduit/Internal/Fusion.hs:53)
    StreamConsumer (Data/Conduit/Internal/Fusion.hs:55)
    streamConduit (Data/Conduit/Internal/Fusion.hs:174)
    streamSource (Data/Conduit/Internal/Fusion.hs:180)
    streamSourcePure (Data/Conduit/Internal/Fusion.hs:198)
    unstream (Data/Conduit/Internal/Fusion.hs:57)
   0% (  0 / 39) in 'Data.Conduit.Internal.List.Stream'
  Missing documentation for:
    Module header
    unfoldS (Data/Conduit/Internal/List/Stream.hs:13)
    unfoldMS (Data/Conduit/Internal/List/Stream.hs:26)
    sourceListS (Data/Conduit/Internal/List/Stream.hs:40)
    enumFromToS (Data/Conduit/Internal/List/Stream.hs:48)
    enumFromToS_int (Data/Conduit/Internal/List/Stream.hs:60)
    iterateS (Data/Conduit/Internal/List/Stream.hs:74)
    replicateS (Data/Conduit/Internal/List/Stream.hs:83)
    replicateMS (Data/Conduit/Internal/List/Stream.hs:92)
    foldS (Data/Conduit/Internal/List/Stream.hs:101)
    foldMS (Data/Conduit/Internal/List/Stream.hs:113)
    mapM_S (Data/Conduit/Internal/List/Stream.hs:127)
    dropS (Data/Conduit/Internal/List/Stream.hs:141)
    takeS (Data/Conduit/Internal/List/Stream.hs:156)
    headS (Data/Conduit/Internal/List/Stream.hs:171)
    mapS (Data/Conduit/Internal/List/Stream.hs:183)
    mapMS (Data/Conduit/Internal/List/Stream.hs:195)
    iterMS (Data/Conduit/Internal/List/Stream.hs:207)
    mapMaybeS (Data/Conduit/Internal/List/Stream.hs:219)
    mapMaybeMS (Data/Conduit/Internal/List/Stream.hs:234)
    catMaybesS (Data/Conduit/Internal/List/Stream.hs:250)
    concatS (Data/Conduit/Internal/List/Stream.hs:263)
    concatMapS (Data/Conduit/Internal/List/Stream.hs:276)
    concatMapMS (Data/Conduit/Internal/List/Stream.hs:289)
    concatMapAccumS (Data/Conduit/Internal/List/Stream.hs:304)
    mapAccumS (Data/Conduit/Internal/List/Stream.hs:319)
    mapAccumMS (Data/Conduit/Internal/List/Stream.hs:333)
    concatMapAccumMS (Data/Conduit/Internal/List/Stream.hs:347)
    mapFoldableS (Data/Conduit/Internal/List/Stream.hs:362)
    mapFoldableMS (Data/Conduit/Internal/List/Stream.hs:375)
    consumeS (Data/Conduit/Internal/List/Stream.hs:390)
    groupByS (Data/Conduit/Internal/List/Stream.hs:402)
    groupOn1S (Data/Conduit/Internal/List/Stream.hs:406)
    GroupByState (Data/Conduit/Internal/List/Stream.hs:410)
    groupBy1S (Data/Conduit/Internal/List/Stream.hs:415)
    isolateS (Data/Conduit/Internal/List/Stream.hs:436)
    filterS (Data/Conduit/Internal/List/Stream.hs:449)
    sinkNullS (Data/Conduit/Internal/List/Stream.hs:462)
    sourceNullS (Data/Conduit/Internal/List/Stream.hs:474)
  95% (107 /113) in 'Data.Conduit.Internal'
  Missing documentation for:
    Module header
    yieldM (Data/Conduit/Internal/Pipe.hs:255)
    enumFromTo (Data/Conduit/Internal/Pipe.hs:504)
    sourceToPipe (Data/Conduit/Internal/Conduit.hs:332)
    sinkToPipe (Data/Conduit/Internal/Conduit.hs:342)
    conduitToPipe (Data/Conduit/Internal/Conduit.hs:352)
 100% ( 80 / 80) in 'Data.Conduit'
  98% ( 43 / 44) in 'Data.Conduit.Lift'
  Missing documentation for:
    distribute (Data/Conduit/Lift.hs:119)
 100% ( 53 / 53) in 'Data.Conduit.List'
Documentation created:
.stack-work/dist/x86_64-osx/Cabal-1.24.2.0/doc/html/conduit/index.html,
.stack-work/dist/x86_64-osx/Cabal-1.24.2.0/doc/html/conduit/conduit.txt
Installing library in
/Users/daidohinari/.stack/snapshots/x86_64-osx/lts-8.5/8.0.2/lib/x86_64-osx-ghc-8.0.2/conduit-1.2.9-KyEH1gT2SFlFXLffDx2XOT
Registering conduit-1.2.9...
