Configuring conduit-extra-1.1.15...
Building conduit-extra-1.1.15...
Preprocessing library conduit-extra-1.1.15...
[ 1 of 12] Compiling Data.Conduit.Zlib ( Data/Conduit/Zlib.hs, .stack-work/dist/x86_64-osx/Cabal-1.24.2.0/build/Data/Conduit/Zlib.o )
[ 2 of 12] Compiling Data.Conduit.Text ( Data/Conduit/Text.hs, .stack-work/dist/x86_64-osx/Cabal-1.24.2.0/build/Data/Conduit/Text.o )
[ 3 of 12] Compiling Data.Conduit.Network.UDP ( Data/Conduit/Network/UDP.hs, .stack-work/dist/x86_64-osx/Cabal-1.24.2.0/build/Data/Conduit/Network/UDP.o )
[ 4 of 12] Compiling Data.Conduit.Network ( Data/Conduit/Network.hs, .stack-work/dist/x86_64-osx/Cabal-1.24.2.0/build/Data/Conduit/Network.o )
[ 5 of 12] Compiling Data.Conduit.Network.Unix ( Data/Conduit/Network/Unix.hs, .stack-work/dist/x86_64-osx/Cabal-1.24.2.0/build/Data/Conduit/Network/Unix.o )
[ 6 of 12] Compiling Data.Conduit.Lazy ( Data/Conduit/Lazy.hs, .stack-work/dist/x86_64-osx/Cabal-1.24.2.0/build/Data/Conduit/Lazy.o )
[ 7 of 12] Compiling Data.Conduit.Filesystem ( Data/Conduit/Filesystem.hs, .stack-work/dist/x86_64-osx/Cabal-1.24.2.0/build/Data/Conduit/Filesystem.o )
[ 8 of 12] Compiling Data.Conduit.ByteString.Builder ( Data/Conduit/ByteString/Builder.hs, .stack-work/dist/x86_64-osx/Cabal-1.24.2.0/build/Data/Conduit/ByteString/Builder.o )
[ 9 of 12] Compiling Data.Conduit.Blaze ( Data/Conduit/Blaze.hs, .stack-work/dist/x86_64-osx/Cabal-1.24.2.0/build/Data/Conduit/Blaze.o )
[10 of 12] Compiling Data.Conduit.Binary ( Data/Conduit/Binary.hs, .stack-work/dist/x86_64-osx/Cabal-1.24.2.0/build/Data/Conduit/Binary.o )

Data/Conduit/Binary.hs:513:28: warning: [-Wdeprecations]
    In the use of ‘inlinePerformIO’
    (imported from Data.ByteString.Internal):
    Deprecated: "If you think you know what you are doing, use 'unsafePerformIO'. If you are sure you know what you are doing, use 'unsafeDupablePerformIO'. If you enjoy sharing an address space with a malevolent agent of chaos, try 'accursedUnutterablePerformIO'."

Data/Conduit/Binary.hs:515:20: warning: [-Wdeprecations]
    In the use of ‘inlinePerformIO’
    (imported from Data.ByteString.Internal):
    Deprecated: "If you think you know what you are doing, use 'unsafePerformIO'. If you are sure you know what you are doing, use 'unsafeDupablePerformIO'. If you enjoy sharing an address space with a malevolent agent of chaos, try 'accursedUnutterablePerformIO'."

Data/Conduit/Binary.hs:566:33: warning: [-Wname-shadowing]
    This binding for ‘bs’ shadows the existing binding
      bound at Data/Conduit/Binary.hs:558:18

Data/Conduit/Binary.hs:580:36: warning: [-Wdeprecations]
    In the use of ‘inlinePerformIO’
    (imported from Data.ByteString.Internal):
    Deprecated: "If you think you know what you are doing, use 'unsafePerformIO'. If you are sure you know what you are doing, use 'unsafeDupablePerformIO'. If you enjoy sharing an address space with a malevolent agent of chaos, try 'accursedUnutterablePerformIO'."
[11 of 12] Compiling Data.Conduit.Process ( Data/Conduit/Process.hs, .stack-work/dist/x86_64-osx/Cabal-1.24.2.0/build/Data/Conduit/Process.o )
[12 of 12] Compiling Data.Conduit.Attoparsec ( Data/Conduit/Attoparsec.hs, .stack-work/dist/x86_64-osx/Cabal-1.24.2.0/build/Data/Conduit/Attoparsec.o )

Data/Conduit/Attoparsec.hs:77:5: warning: [-Wunused-top-binds]
    Defined but not used: ‘notEmpty’
Running Haddock for conduit-extra-1.1.15...
Preprocessing library conduit-extra-1.1.15...

Data/Conduit/Binary.hs:513:28: warning: [-Wdeprecations]
    In the use of ‘inlinePerformIO’
    (imported from Data.ByteString.Internal):
    Deprecated: "If you think you know what you are doing, use 'unsafePerformIO'. If you are sure you know what you are doing, use 'unsafeDupablePerformIO'. If you enjoy sharing an address space with a malevolent agent of chaos, try 'accursedUnutterablePerformIO'."

Data/Conduit/Binary.hs:515:20: warning: [-Wdeprecations]
    In the use of ‘inlinePerformIO’
    (imported from Data.ByteString.Internal):
    Deprecated: "If you think you know what you are doing, use 'unsafePerformIO'. If you are sure you know what you are doing, use 'unsafeDupablePerformIO'. If you enjoy sharing an address space with a malevolent agent of chaos, try 'accursedUnutterablePerformIO'."

Data/Conduit/Binary.hs:566:33: warning: [-Wname-shadowing]
    This binding for ‘bs’ shadows the existing binding
      bound at Data/Conduit/Binary.hs:558:18

Data/Conduit/Binary.hs:580:36: warning: [-Wdeprecations]
    In the use of ‘inlinePerformIO’
    (imported from Data.ByteString.Internal):
    Deprecated: "If you think you know what you are doing, use 'unsafePerformIO'. If you are sure you know what you are doing, use 'unsafeDupablePerformIO'. If you enjoy sharing an address space with a malevolent agent of chaos, try 'accursedUnutterablePerformIO'."

Data/Conduit/Attoparsec.hs:77:5: warning: [-Wunused-top-binds]
    Defined but not used: ‘notEmpty’
Haddock coverage:
 100% ( 14 / 14) in 'Data.Conduit.Zlib'
 100% ( 25 / 25) in 'Data.Conduit.Text'
  91% ( 10 / 11) in 'Data.Conduit.Network.UDP'
  Missing documentation for:
    Module header
  53% ( 18 / 34) in 'Data.Conduit.Network'
  Missing documentation for:
    Module header
    appSource (Data/Conduit/Network.hs:87)
    appSink (Data/Conduit/Network.hs:98)
    appSockAddr
    appLocalAddr
    serverSettings (Data/Conduit/Network.hs:81)
    runTCPServerWithHandle
    clientSettings (Data/Conduit/Network.hs:84)
    getPort
    getHost
    getAfterBind
    getNeedLocalAddr
    setPort
    setHost
    setAfterBind
    setNeedLocalAddr
  59% ( 13 / 22) in 'Data.Conduit.Network.Unix'
  Missing documentation for:
    Module header
    appSource (Data/Conduit/Network.hs:87)
    appSink (Data/Conduit/Network.hs:98)
    serverSettings (Data/Conduit/Network/Unix.hs:35)
    clientSettings (Data/Conduit/Network/Unix.hs:32)
    getPath
    getAfterBind
    setPath
    setAfterBind
 100% (  3 /  3) in 'Data.Conduit.Lazy'
  67% (  2 /  3) in 'Data.Conduit.Filesystem'
  Missing documentation for:
    Module header
 100% ( 25 / 25) in 'Data.Conduit.ByteString.Builder'
 100% ( 25 / 25) in 'Data.Conduit.Blaze'
 100% ( 39 / 39) in 'Data.Conduit.Binary'
 100% (  9 /  9) in 'Data.Conduit.Process'
  85% ( 11 / 13) in 'Data.Conduit.Attoparsec'
  Missing documentation for:
    Position (Data/Conduit/Attoparsec.hs:53)
    PositionRange (Data/Conduit/Attoparsec.hs:62)
Warning: Data.Conduit.Binary: could not find link destinations for:
    SinkStorableInsufficientBytes
Warning: Data.Conduit.Process: could not find link destinations for:
    ~
Warning: Data.Conduit.Attoparsec: could not find link destinations for:
    parseA feedA empty isNull notEmpty getLinesCols stripFromEnd
Documentation created:
.stack-work/dist/x86_64-osx/Cabal-1.24.2.0/doc/html/conduit-extra/index.html,
.stack-work/dist/x86_64-osx/Cabal-1.24.2.0/doc/html/conduit-extra/conduit-extra.txt
Installing library in
/Users/daidohinari/.stack/snapshots/x86_64-osx/lts-8.5/8.0.2/lib/x86_64-osx-ghc-8.0.2/conduit-extra-1.1.15-2VMH3VugTl95Hhk0jMjPg6
Registering conduit-extra-1.1.15...
