Configuring conduit-1.3.1.1...
Preprocessing library for conduit-1.3.1.1..
Building library for conduit-1.3.1.1..
[ 1 of 14] Compiling Data.Conduit.Internal.Pipe ( src/Data/Conduit/Internal/Pipe.hs, .stack-work/dist/x86_64-osx/Cabal-2.4.0.1/build/Data/Conduit/Internal/Pipe.o )

[;1msrc/Data/Conduit/Internal/Pipe.hs:215:11: [;1m[35mwarning:[0m[0m[;1m [[;1m[35m-Winline-rule-shadowing[0m[0m[;1m][0m[0m[;1m
    Rule "conduit: CI.await >>= maybe" may never fire
      because ‘maybe’ might inline first
    Probable fix: add an INLINE[n] or NOINLINE[n] pragma for ‘maybe’[0m[0m
[;1m[34m    |[0m[0m
[;1m[34m215 |[0m[0m {-# RULES [;1m[35m"conduit: CI.await >>= maybe" forall x y. await >>= maybe x y = NeedInput y (const x)[0m[0m #-}
[;1m[34m    |[0m[0m[;1m[35m           ^^^^^^^^^^^^^^^^^^^^^^^^^^^^^^^^^^^^^^^^^^^^^^^^^^^^^^^^^^^^^^^^^^^^^^^^^^^^^^^^^^^^^[0m[0m
[0m[0m[0m
[;1msrc/Data/Conduit/Internal/Pipe.hs:224:11: [;1m[35mwarning:[0m[0m[;1m [[;1m[35m-Winline-rule-shadowing[0m[0m[;1m][0m[0m[;1m
    Rule "conduit: awaitE >>= either" may never fire
      because ‘either’ might inline first
    Probable fix: add an INLINE[n] or NOINLINE[n] pragma for ‘either’[0m[0m
[;1m[34m    |[0m[0m
[;1m[34m224 |[0m[0m {-# RULES [;1m[35m"conduit: awaitE >>= either" forall x y. awaitE >>= either x y = NeedInput y x[0m[0m #-}
[;1m[34m    |[0m[0m[;1m[35m           ^^^^^^^^^^^^^^^^^^^^^^^^^^^^^^^^^^^^^^^^^^^^^^^^^^^^^^^^^^^^^^^^^^^^^^^^^^^^^^[0m[0m
[0m[0m[0m[ 2 of 14] Compiling Data.Conduit.Internal.Conduit ( src/Data/Conduit/Internal/Conduit.hs, .stack-work/dist/x86_64-osx/Cabal-2.4.0.1/build/Data/Conduit/Internal/Conduit.o )

[;1msrc/Data/Conduit/Internal/Conduit.hs:841:11: [;1m[35mwarning:[0m[0m[;1m [[;1m[35m-Winline-rule-shadowing[0m[0m[;1m][0m[0m[;1m
    Rule "conduit: await >>= maybe" may never fire
      because ‘maybe’ might inline first
    Probable fix: add an INLINE[n] or NOINLINE[n] pragma for ‘maybe’[0m[0m
[;1m[34m    |[0m[0m
[;1m[34m841 |[0m[0m {-# RULES [;1m[35m"conduit: await >>= maybe" forall x y. await >>= maybe x y = await' x y[0m[0m #-}
[;1m[34m    |[0m[0m[;1m[35m           ^^^^^^^^^^^^^^^^^^^^^^^^^^^^^^^^^^^^^^^^^^^^^^^^^^^^^^^^^^^^^^^^^^^^^^^[0m[0m
[0m[0m[0m[ 3 of 14] Compiling Data.Conduit.Internal.Fusion ( src/Data/Conduit/Internal/Fusion.hs, .stack-work/dist/x86_64-osx/Cabal-2.4.0.1/build/Data/Conduit/Internal/Fusion.o )

[;1msrc/Data/Conduit/Internal/Fusion.hs:71:11: [;1m[35mwarning:[0m[0m[;1m [[;1m[35m-Winline-rule-shadowing[0m[0m[;1m][0m[0m[;1m
    Rule "conduit: fuseStream (.|)" may never fire
      because ‘.|’ might inline first
    Probable fix: add an INLINE[n] or NOINLINE[n] pragma for ‘.|’[0m[0m
[;1m[34m   |[0m[0m
[;1m[34m71 |[0m[0m {-# RULES [;1m[35m"conduit: fuseStream (.|)" forall left right.[0m[0m
[;1m[34m   |[0m[0m[;1m[35m           ^^^^^^^^^^^^^^^^^^^^^^^^^^^^^^^^^^^^^^^^^^^^^...[0m[0m
[0m[0m[0m
[;1msrc/Data/Conduit/Internal/Fusion.hs:74:11: [;1m[35mwarning:[0m[0m[;1m [[;1m[35m-Winline-rule-shadowing[0m[0m[;1m][0m[0m[;1m
    Rule "conduit: fuseStream (fuse)" may never fire
      because ‘fuse’ might inline first
    Probable fix: add an INLINE[n] or NOINLINE[n] pragma for ‘fuse’[0m[0m
[;1m[34m   |[0m[0m
[;1m[34m74 |[0m[0m {-# RULES [;1m[35m"conduit: fuseStream (fuse)" forall left right.[0m[0m
[;1m[34m   |[0m[0m[;1m[35m           ^^^^^^^^^^^^^^^^^^^^^^^^^^^^^^^^^^^^^^^^^^^^^^^...[0m[0m
[0m[0m[0m
[;1msrc/Data/Conduit/Internal/Fusion.hs:78:23: [;1m[35mwarning:[0m[0m[;1m [[;1m[35m-Wdeprecations[0m[0m[;1m][0m[0m[;1m
    In the use of ‘=$=’ (imported from Data.Conduit.Internal.Conduit):
    Deprecated: "Use .|"[0m[0m
[;1m[34m   |[0m[0m
[;1m[34m78 |[0m[0m         unstream left [;1m[35m=$=[0m[0m unstream right = unstream (fuseStream left right)
[;1m[34m   |[0m[0m[;1m[35m                       ^^^[0m[0m
[0m[0m[0m
[;1msrc/Data/Conduit/Internal/Fusion.hs:102:11: [;1m[35mwarning:[0m[0m[;1m [[;1m[35m-Winline-rule-shadowing[0m[0m[;1m][0m[0m[;1m
    Rule "conduit: runStream (pure)" may never fire
      because ‘runConduitPure’ might inline first
    Probable fix: add an INLINE[n] or NOINLINE[n] pragma for ‘runConduitPure’[0m[0m
[;1m[34m    |[0m[0m
[;1m[34m102 |[0m[0m {-# RULES [;1m[35m"conduit: runStream (pure)" forall stream.[0m[0m
[;1m[34m    |[0m[0m[;1m[35m           ^^^^^^^^^^^^^^^^^^^^^^^^^^^^^^^^^^^^^^^^^^...[0m[0m
[0m[0m[0m
[;1msrc/Data/Conduit/Internal/Fusion.hs:105:11: [;1m[35mwarning:[0m[0m[;1m [[;1m[35m-Winline-rule-shadowing[0m[0m[;1m][0m[0m[;1m
    Rule "conduit: runStream (ResourceT)" may never fire
      because ‘runConduitRes’ might inline first
    Probable fix: add an INLINE[n] or NOINLINE[n] pragma for ‘runConduitRes’[0m[0m
[;1m[34m    |[0m[0m
[;1m[34m105 |[0m[0m {-# RULES [;1m[35m"conduit: runStream (ResourceT)" forall stream.[0m[0m
[;1m[34m    |[0m[0m[;1m[35m           ^^^^^^^^^^^^^^^^^^^^^^^^^^^^^^^^^^^^^^^^^^^^^^^...[0m[0m
[0m[0m[0m
[;1msrc/Data/Conduit/Internal/Fusion.hs:129:23: [;1m[35mwarning:[0m[0m[;1m [[;1m[35m-Wdeprecations[0m[0m[;1m][0m[0m[;1m
    In the use of ‘$$’ (imported from Data.Conduit.Internal.Conduit):
    Deprecated: "Use runConduit and .|"[0m[0m
[;1m[34m    |[0m[0m
[;1m[34m129 |[0m[0m         unstream left [;1m[35m$$[0m[0m unstream right = connectStream left right
[;1m[34m    |[0m[0m[;1m[35m                       ^^[0m[0m
[0m[0m[0m
[;1msrc/Data/Conduit/Internal/Fusion.hs:154:23: [;1m[35mwarning:[0m[0m[;1m [[;1m[35m-Wdeprecations[0m[0m[;1m][0m[0m[;1m
    In the use of ‘$$’ (imported from Data.Conduit.Internal.Conduit):
    Deprecated: "Use runConduit and .|"[0m[0m
[;1m[34m    |[0m[0m
[;1m[34m154 |[0m[0m         unstream left [;1m[35m$$[0m[0m right = connectStream1 left right
[;1m[34m    |[0m[0m[;1m[35m                       ^^[0m[0m
[0m[0m[0m
[;1msrc/Data/Conduit/Internal/Fusion.hs:157:11: [;1m[35mwarning:[0m[0m[;1m [[;1m[35m-Winline-rule-shadowing[0m[0m[;1m][0m[0m[;1m
    Rule "conduit: connectStream1 (runConduit/.|)" may never fire
      because ‘.|’ might inline first
    Probable fix: add an INLINE[n] or NOINLINE[n] pragma for ‘.|’[0m[0m
[;1m[34m    |[0m[0m
[;1m[34m157 |[0m[0m {-# RULES [;1m[35m"conduit: connectStream1 (runConduit/.|)" forall left right.[0m[0m
[;1m[34m    |[0m[0m[;1m[35m           ^^^^^^^^^^^^^^^^^^^^^^^^^^^^^^^^^^^^^^^^^^^^^^^^^^^^^^^^^^^^...[0m[0m
[0m[0m[0m
[;1msrc/Data/Conduit/Internal/Fusion.hs:161:35: [;1m[35mwarning:[0m[0m[;1m [[;1m[35m-Wdeprecations[0m[0m[;1m][0m[0m[;1m
    In the use of ‘=$=’ (imported from Data.Conduit.Internal.Conduit):
    Deprecated: "Use .|"[0m[0m
[;1m[34m    |[0m[0m
[;1m[34m161 |[0m[0m         runConduit (unstream left [;1m[35m=$=[0m[0m right) = connectStream1 left right
[;1m[34m    |[0m[0m[;1m[35m                                   ^^^[0m[0m
[0m[0m[0m
[;1msrc/Data/Conduit/Internal/Fusion.hs:163:11: [;1m[35mwarning:[0m[0m[;1m [[;1m[35m-Winline-rule-shadowing[0m[0m[;1m][0m[0m[;1m
    Rule "conduit: connectStream1 (runConduit/fuse)" may never fire
      because ‘fuse’ might inline first
    Probable fix: add an INLINE[n] or NOINLINE[n] pragma for ‘fuse’[0m[0m
[;1m[34m    |[0m[0m
[;1m[34m163 |[0m[0m {-# RULES [;1m[35m"conduit: connectStream1 (runConduit/fuse)" forall left right.[0m[0m
[;1m[34m    |[0m[0m[;1m[35m           ^^^^^^^^^^^^^^^^^^^^^^^^^^^^^^^^^^^^^^^^^^^^^^^^^^^^^^^^^^^^^^...[0m[0m
[0m[0m[0m
[;1msrc/Data/Conduit/Internal/Fusion.hs:167:11: [;1m[35mwarning:[0m[0m[;1m [[;1m[35m-Winline-rule-shadowing[0m[0m[;1m][0m[0m[;1m
    Rule "conduit: connectStream1 (runConduitPure/.|)" may never fire
      because ‘runConduitPure’ might inline first
    Probable fix: add an INLINE[n] or NOINLINE[n] pragma for ‘runConduitPure’[0m[0m
[;1m[34m    |[0m[0m
[;1m[34m167 |[0m[0m {-# RULES [;1m[35m"conduit: connectStream1 (runConduitPure/.|)" forall left right.[0m[0m
[;1m[34m    |[0m[0m[;1m[35m           ^^^^^^^^^^^^^^^^^^^^^^^^^^^^^^^^^^^^^^^^^^^^^^^^^^^^^^^^^^^^^^^^...[0m[0m
[0m[0m[0m
[;1msrc/Data/Conduit/Internal/Fusion.hs:167:11: [;1m[35mwarning:[0m[0m[;1m [[;1m[35m-Winline-rule-shadowing[0m[0m[;1m][0m[0m[;1m
    Rule "conduit: connectStream1 (runConduitPure/.|)" may never fire
      because ‘.|’ might inline first
    Probable fix: add an INLINE[n] or NOINLINE[n] pragma for ‘.|’[0m[0m
[;1m[34m    |[0m[0m
[;1m[34m167 |[0m[0m {-# RULES [;1m[35m"conduit: connectStream1 (runConduitPure/.|)" forall left right.[0m[0m
[;1m[34m    |[0m[0m[;1m[35m           ^^^^^^^^^^^^^^^^^^^^^^^^^^^^^^^^^^^^^^^^^^^^^^^^^^^^^^^^^^^^^^^^...[0m[0m
[0m[0m[0m
[;1msrc/Data/Conduit/Internal/Fusion.hs:170:11: [;1m[35mwarning:[0m[0m[;1m [[;1m[35m-Winline-rule-shadowing[0m[0m[;1m][0m[0m[;1m
    Rule "conduit: connectStream1 (runConduitPure/=$=)" may never fire
      because ‘runConduitPure’ might inline first
    Probable fix: add an INLINE[n] or NOINLINE[n] pragma for ‘runConduitPure’[0m[0m
[;1m[34m    |[0m[0m
[;1m[34m170 |[0m[0m {-# RULES [;1m[35m"conduit: connectStream1 (runConduitPure/=$=)" forall left right.[0m[0m
[;1m[34m    |[0m[0m[;1m[35m           ^^^^^^^^^^^^^^^^^^^^^^^^^^^^^^^^^^^^^^^^^^^^^^^^^^^^^^^^^^^^^^^^^...[0m[0m
[0m[0m[0m
[;1msrc/Data/Conduit/Internal/Fusion.hs:171:39: [;1m[35mwarning:[0m[0m[;1m [[;1m[35m-Wdeprecations[0m[0m[;1m][0m[0m[;1m
    In the use of ‘=$=’ (imported from Data.Conduit.Internal.Conduit):
    Deprecated: "Use .|"[0m[0m
[;1m[34m    |[0m[0m
[;1m[34m171 |[0m[0m         runConduitPure (unstream left [;1m[35m=$=[0m[0m right) = runIdentity (connectStream1 left right)
[;1m[34m    |[0m[0m[;1m[35m                                       ^^^[0m[0m
[0m[0m[0m
[;1msrc/Data/Conduit/Internal/Fusion.hs:173:11: [;1m[35mwarning:[0m[0m[;1m [[;1m[35m-Winline-rule-shadowing[0m[0m[;1m][0m[0m[;1m
    Rule "conduit: connectStream1 (runConduitPure/fuse)" may never fire
      because ‘runConduitPure’ might inline first
    Probable fix: add an INLINE[n] or NOINLINE[n] pragma for ‘runConduitPure’[0m[0m
[;1m[34m    |[0m[0m
[;1m[34m173 |[0m[0m {-# RULES [;1m[35m"conduit: connectStream1 (runConduitPure/fuse)" forall left right.[0m[0m
[;1m[34m    |[0m[0m[;1m[35m           ^^^^^^^^^^^^^^^^^^^^^^^^^^^^^^^^^^^^^^^^^^^^^^^^^^^^^^^^^^^^^^^^^^...[0m[0m
[0m[0m[0m
[;1msrc/Data/Conduit/Internal/Fusion.hs:173:11: [;1m[35mwarning:[0m[0m[;1m [[;1m[35m-Winline-rule-shadowing[0m[0m[;1m][0m[0m[;1m
    Rule "conduit: connectStream1 (runConduitPure/fuse)" may never fire
      because ‘fuse’ might inline first
    Probable fix: add an INLINE[n] or NOINLINE[n] pragma for ‘fuse’[0m[0m
[;1m[34m    |[0m[0m
[;1m[34m173 |[0m[0m {-# RULES [;1m[35m"conduit: connectStream1 (runConduitPure/fuse)" forall left right.[0m[0m
[;1m[34m    |[0m[0m[;1m[35m           ^^^^^^^^^^^^^^^^^^^^^^^^^^^^^^^^^^^^^^^^^^^^^^^^^^^^^^^^^^^^^^^^^^...[0m[0m
[0m[0m[0m
[;1msrc/Data/Conduit/Internal/Fusion.hs:177:11: [;1m[35mwarning:[0m[0m[;1m [[;1m[35m-Winline-rule-shadowing[0m[0m[;1m][0m[0m[;1m
    Rule "conduit: connectStream1 (runConduitRes/.|)" may never fire
      because ‘runConduitRes’ might inline first
    Probable fix: add an INLINE[n] or NOINLINE[n] pragma for ‘runConduitRes’[0m[0m
[;1m[34m    |[0m[0m
[;1m[34m177 |[0m[0m {-# RULES [;1m[35m"conduit: connectStream1 (runConduitRes/.|)" forall left right.[0m[0m
[;1m[34m    |[0m[0m[;1m[35m           ^^^^^^^^^^^^^^^^^^^^^^^^^^^^^^^^^^^^^^^^^^^^^^^^^^^^^^^^^^^^^^^...[0m[0m
[0m[0m[0m
[;1msrc/Data/Conduit/Internal/Fusion.hs:177:11: [;1m[35mwarning:[0m[0m[;1m [[;1m[35m-Winline-rule-shadowing[0m[0m[;1m][0m[0m[;1m
    Rule "conduit: connectStream1 (runConduitRes/.|)" may never fire
      because ‘.|’ might inline first
    Probable fix: add an INLINE[n] or NOINLINE[n] pragma for ‘.|’[0m[0m
[;1m[34m    |[0m[0m
[;1m[34m177 |[0m[0m {-# RULES [;1m[35m"conduit: connectStream1 (runConduitRes/.|)" forall left right.[0m[0m
[;1m[34m    |[0m[0m[;1m[35m           ^^^^^^^^^^^^^^^^^^^^^^^^^^^^^^^^^^^^^^^^^^^^^^^^^^^^^^^^^^^^^^^...[0m[0m
[0m[0m[0m
[;1msrc/Data/Conduit/Internal/Fusion.hs:180:11: [;1m[35mwarning:[0m[0m[;1m [[;1m[35m-Winline-rule-shadowing[0m[0m[;1m][0m[0m[;1m
    Rule "conduit: connectStream1 (runConduitRes/=$=)" may never fire
      because ‘runConduitRes’ might inline first
    Probable fix: add an INLINE[n] or NOINLINE[n] pragma for ‘runConduitRes’[0m[0m
[;1m[34m    |[0m[0m
[;1m[34m180 |[0m[0m {-# RULES [;1m[35m"conduit: connectStream1 (runConduitRes/=$=)" forall left right.[0m[0m
[;1m[34m    |[0m[0m[;1m[35m           ^^^^^^^^^^^^^^^^^^^^^^^^^^^^^^^^^^^^^^^^^^^^^^^^^^^^^^^^^^^^^^^^...[0m[0m
[0m[0m[0m
[;1msrc/Data/Conduit/Internal/Fusion.hs:181:38: [;1m[35mwarning:[0m[0m[;1m [[;1m[35m-Wdeprecations[0m[0m[;1m][0m[0m[;1m
    In the use of ‘=$=’ (imported from Data.Conduit.Internal.Conduit):
    Deprecated: "Use .|"[0m[0m
[;1m[34m    |[0m[0m
[;1m[34m181 |[0m[0m         runConduitRes (unstream left [;1m[35m=$=[0m[0m right) = runResourceT (connectStream1 left right)
[;1m[34m    |[0m[0m[;1m[35m                                      ^^^[0m[0m
[0m[0m[0m
[;1msrc/Data/Conduit/Internal/Fusion.hs:183:11: [;1m[35mwarning:[0m[0m[;1m [[;1m[35m-Winline-rule-shadowing[0m[0m[;1m][0m[0m[;1m
    Rule "conduit: connectStream1 (runConduitRes/fuse)" may never fire
      because ‘runConduitRes’ might inline first
    Probable fix: add an INLINE[n] or NOINLINE[n] pragma for ‘runConduitRes’[0m[0m
[;1m[34m    |[0m[0m
[;1m[34m183 |[0m[0m {-# RULES [;1m[35m"conduit: connectStream1 (runConduitRes/fuse)" forall left right.[0m[0m
[;1m[34m    |[0m[0m[;1m[35m           ^^^^^^^^^^^^^^^^^^^^^^^^^^^^^^^^^^^^^^^^^^^^^^^^^^^^^^^^^^^^^^^^^...[0m[0m
[0m[0m[0m
[;1msrc/Data/Conduit/Internal/Fusion.hs:183:11: [;1m[35mwarning:[0m[0m[;1m [[;1m[35m-Winline-rule-shadowing[0m[0m[;1m][0m[0m[;1m
    Rule "conduit: connectStream1 (runConduitRes/fuse)" may never fire
      because ‘fuse’ might inline first
    Probable fix: add an INLINE[n] or NOINLINE[n] pragma for ‘fuse’[0m[0m
[;1m[34m    |[0m[0m
[;1m[34m183 |[0m[0m {-# RULES [;1m[35m"conduit: connectStream1 (runConduitRes/fuse)" forall left right.[0m[0m
[;1m[34m    |[0m[0m[;1m[35m           ^^^^^^^^^^^^^^^^^^^^^^^^^^^^^^^^^^^^^^^^^^^^^^^^^^^^^^^^^^^^^^^^^...[0m[0m
[0m[0m[0m
[;1msrc/Data/Conduit/Internal/Fusion.hs:214:14: [;1m[35mwarning:[0m[0m[;1m [[;1m[35m-Wdeprecations[0m[0m[;1m][0m[0m[;1m
    In the use of ‘$$’ (imported from Data.Conduit.Internal.Conduit):
    Deprecated: "Use runConduit and .|"[0m[0m
[;1m[34m    |[0m[0m
[;1m[34m214 |[0m[0m         left [;1m[35m$$[0m[0m unstream right = connectStream2 left right
[;1m[34m    |[0m[0m[;1m[35m              ^^[0m[0m
[0m[0m[0m
[;1msrc/Data/Conduit/Internal/Fusion.hs:217:11: [;1m[35mwarning:[0m[0m[;1m [[;1m[35m-Winline-rule-shadowing[0m[0m[;1m][0m[0m[;1m
    Rule "conduit: connectStream2 (runConduit/.|)" may never fire
      because ‘.|’ might inline first
    Probable fix: add an INLINE[n] or NOINLINE[n] pragma for ‘.|’[0m[0m
[;1m[34m    |[0m[0m
[;1m[34m217 |[0m[0m {-# RULES [;1m[35m"conduit: connectStream2 (runConduit/.|)" forall left right.[0m[0m
[;1m[34m    |[0m[0m[;1m[35m           ^^^^^^^^^^^^^^^^^^^^^^^^^^^^^^^^^^^^^^^^^^^^^^^^^^^^^^^^^^^^...[0m[0m
[0m[0m[0m
[;1msrc/Data/Conduit/Internal/Fusion.hs:220:11: [;1m[35mwarning:[0m[0m[;1m [[;1m[35m-Winline-rule-shadowing[0m[0m[;1m][0m[0m[;1m
    Rule "conduit: connectStream2 (runConduit/fuse)" may never fire
      because ‘fuse’ might inline first
    Probable fix: add an INLINE[n] or NOINLINE[n] pragma for ‘fuse’[0m[0m
[;1m[34m    |[0m[0m
[;1m[34m220 |[0m[0m {-# RULES [;1m[35m"conduit: connectStream2 (runConduit/fuse)" forall left right.[0m[0m
[;1m[34m    |[0m[0m[;1m[35m           ^^^^^^^^^^^^^^^^^^^^^^^^^^^^^^^^^^^^^^^^^^^^^^^^^^^^^^^^^^^^^^...[0m[0m
[0m[0m[0m
[;1msrc/Data/Conduit/Internal/Fusion.hs:224:26: [;1m[35mwarning:[0m[0m[;1m [[;1m[35m-Wdeprecations[0m[0m[;1m][0m[0m[;1m
    In the use of ‘=$=’ (imported from Data.Conduit.Internal.Conduit):
    Deprecated: "Use .|"[0m[0m
[;1m[34m    |[0m[0m
[;1m[34m224 |[0m[0m         runConduit (left [;1m[35m=$=[0m[0m unstream right) = connectStream2 left right
[;1m[34m    |[0m[0m[;1m[35m                          ^^^[0m[0m
[0m[0m[0m
[;1msrc/Data/Conduit/Internal/Fusion.hs:227:11: [;1m[35mwarning:[0m[0m[;1m [[;1m[35m-Winline-rule-shadowing[0m[0m[;1m][0m[0m[;1m
    Rule "conduit: connectStream2 (runConduitPure/.|)" may never fire
      because ‘runConduitPure’ might inline first
    Probable fix: add an INLINE[n] or NOINLINE[n] pragma for ‘runConduitPure’[0m[0m
[;1m[34m    |[0m[0m
[;1m[34m227 |[0m[0m {-# RULES [;1m[35m"conduit: connectStream2 (runConduitPure/.|)" forall left right.[0m[0m
[;1m[34m    |[0m[0m[;1m[35m           ^^^^^^^^^^^^^^^^^^^^^^^^^^^^^^^^^^^^^^^^^^^^^^^^^^^^^^^^^^^^^^^^...[0m[0m
[0m[0m[0m
[;1msrc/Data/Conduit/Internal/Fusion.hs:227:11: [;1m[35mwarning:[0m[0m[;1m [[;1m[35m-Winline-rule-shadowing[0m[0m[;1m][0m[0m[;1m
    Rule "conduit: connectStream2 (runConduitPure/.|)" may never fire
      because ‘.|’ might inline first
    Probable fix: add an INLINE[n] or NOINLINE[n] pragma for ‘.|’[0m[0m
[;1m[34m    |[0m[0m
[;1m[34m227 |[0m[0m {-# RULES [;1m[35m"conduit: connectStream2 (runConduitPure/.|)" forall left right.[0m[0m
[;1m[34m    |[0m[0m[;1m[35m           ^^^^^^^^^^^^^^^^^^^^^^^^^^^^^^^^^^^^^^^^^^^^^^^^^^^^^^^^^^^^^^^^...[0m[0m
[0m[0m[0m
[;1msrc/Data/Conduit/Internal/Fusion.hs:230:11: [;1m[35mwarning:[0m[0m[;1m [[;1m[35m-Winline-rule-shadowing[0m[0m[;1m][0m[0m[;1m
    Rule "conduit: connectStream2 (runConduitPure/fuse)" may never fire
      because ‘runConduitPure’ might inline first
    Probable fix: add an INLINE[n] or NOINLINE[n] pragma for ‘runConduitPure’[0m[0m
[;1m[34m    |[0m[0m
[;1m[34m230 |[0m[0m {-# RULES [;1m[35m"conduit: connectStream2 (runConduitPure/fuse)" forall left right.[0m[0m
[;1m[34m    |[0m[0m[;1m[35m           ^^^^^^^^^^^^^^^^^^^^^^^^^^^^^^^^^^^^^^^^^^^^^^^^^^^^^^^^^^^^^^^^^^...[0m[0m
[0m[0m[0m
[;1msrc/Data/Conduit/Internal/Fusion.hs:230:11: [;1m[35mwarning:[0m[0m[;1m [[;1m[35m-Winline-rule-shadowing[0m[0m[;1m][0m[0m[;1m
    Rule "conduit: connectStream2 (runConduitPure/fuse)" may never fire
      because ‘fuse’ might inline first
    Probable fix: add an INLINE[n] or NOINLINE[n] pragma for ‘fuse’[0m[0m
[;1m[34m    |[0m[0m
[;1m[34m230 |[0m[0m {-# RULES [;1m[35m"conduit: connectStream2 (runConduitPure/fuse)" forall left right.[0m[0m
[;1m[34m    |[0m[0m[;1m[35m           ^^^^^^^^^^^^^^^^^^^^^^^^^^^^^^^^^^^^^^^^^^^^^^^^^^^^^^^^^^^^^^^^^^...[0m[0m
[0m[0m[0m
[;1msrc/Data/Conduit/Internal/Fusion.hs:233:11: [;1m[35mwarning:[0m[0m[;1m [[;1m[35m-Winline-rule-shadowing[0m[0m[;1m][0m[0m[;1m
    Rule "conduit: connectStream2 (runConduitPure/=$=)" may never fire
      because ‘runConduitPure’ might inline first
    Probable fix: add an INLINE[n] or NOINLINE[n] pragma for ‘runConduitPure’[0m[0m
[;1m[34m    |[0m[0m
[;1m[34m233 |[0m[0m {-# RULES [;1m[35m"conduit: connectStream2 (runConduitPure/=$=)" forall left right.[0m[0m
[;1m[34m    |[0m[0m[;1m[35m           ^^^^^^^^^^^^^^^^^^^^^^^^^^^^^^^^^^^^^^^^^^^^^^^^^^^^^^^^^^^^^^^^^...[0m[0m
[0m[0m[0m
[;1msrc/Data/Conduit/Internal/Fusion.hs:234:30: [;1m[35mwarning:[0m[0m[;1m [[;1m[35m-Wdeprecations[0m[0m[;1m][0m[0m[;1m
    In the use of ‘=$=’ (imported from Data.Conduit.Internal.Conduit):
    Deprecated: "Use .|"[0m[0m
[;1m[34m    |[0m[0m
[;1m[34m234 |[0m[0m         runConduitPure (left [;1m[35m=$=[0m[0m unstream right) = runIdentity (connectStream2 left right)
[;1m[34m    |[0m[0m[;1m[35m                              ^^^[0m[0m
[0m[0m[0m
[;1msrc/Data/Conduit/Internal/Fusion.hs:237:11: [;1m[35mwarning:[0m[0m[;1m [[;1m[35m-Winline-rule-shadowing[0m[0m[;1m][0m[0m[;1m
    Rule "conduit: connectStream2 (runConduitRes/.|)" may never fire
      because ‘runConduitRes’ might inline first
    Probable fix: add an INLINE[n] or NOINLINE[n] pragma for ‘runConduitRes’[0m[0m
[;1m[34m    |[0m[0m
[;1m[34m237 |[0m[0m {-# RULES [;1m[35m"conduit: connectStream2 (runConduitRes/.|)" forall left right.[0m[0m
[;1m[34m    |[0m[0m[;1m[35m           ^^^^^^^^^^^^^^^^^^^^^^^^^^^^^^^^^^^^^^^^^^^^^^^^^^^^^^^^^^^^^^^...[0m[0m
[0m[0m[0m
[;1msrc/Data/Conduit/Internal/Fusion.hs:237:11: [;1m[35mwarning:[0m[0m[;1m [[;1m[35m-Winline-rule-shadowing[0m[0m[;1m][0m[0m[;1m
    Rule "conduit: connectStream2 (runConduitRes/.|)" may never fire
      because ‘.|’ might inline first
    Probable fix: add an INLINE[n] or NOINLINE[n] pragma for ‘.|’[0m[0m
[;1m[34m    |[0m[0m
[;1m[34m237 |[0m[0m {-# RULES [;1m[35m"conduit: connectStream2 (runConduitRes/.|)" forall left right.[0m[0m
[;1m[34m    |[0m[0m[;1m[35m           ^^^^^^^^^^^^^^^^^^^^^^^^^^^^^^^^^^^^^^^^^^^^^^^^^^^^^^^^^^^^^^^...[0m[0m
[0m[0m[0m
[;1msrc/Data/Conduit/Internal/Fusion.hs:240:11: [;1m[35mwarning:[0m[0m[;1m [[;1m[35m-Winline-rule-shadowing[0m[0m[;1m][0m[0m[;1m
    Rule "conduit: connectStream2 (runConduitRes/fuse)" may never fire
      because ‘runConduitRes’ might inline first
    Probable fix: add an INLINE[n] or NOINLINE[n] pragma for ‘runConduitRes’[0m[0m
[;1m[34m    |[0m[0m
[;1m[34m240 |[0m[0m {-# RULES [;1m[35m"conduit: connectStream2 (runConduitRes/fuse)" forall left right.[0m[0m
[;1m[34m    |[0m[0m[;1m[35m           ^^^^^^^^^^^^^^^^^^^^^^^^^^^^^^^^^^^^^^^^^^^^^^^^^^^^^^^^^^^^^^^^^...[0m[0m
[0m[0m[0m
[;1msrc/Data/Conduit/Internal/Fusion.hs:240:11: [;1m[35mwarning:[0m[0m[;1m [[;1m[35m-Winline-rule-shadowing[0m[0m[;1m][0m[0m[;1m
    Rule "conduit: connectStream2 (runConduitRes/fuse)" may never fire
      because ‘fuse’ might inline first
    Probable fix: add an INLINE[n] or NOINLINE[n] pragma for ‘fuse’[0m[0m
[;1m[34m    |[0m[0m
[;1m[34m240 |[0m[0m {-# RULES [;1m[35m"conduit: connectStream2 (runConduitRes/fuse)" forall left right.[0m[0m
[;1m[34m    |[0m[0m[;1m[35m           ^^^^^^^^^^^^^^^^^^^^^^^^^^^^^^^^^^^^^^^^^^^^^^^^^^^^^^^^^^^^^^^^^...[0m[0m
[0m[0m[0m
[;1msrc/Data/Conduit/Internal/Fusion.hs:243:11: [;1m[35mwarning:[0m[0m[;1m [[;1m[35m-Winline-rule-shadowing[0m[0m[;1m][0m[0m[;1m
    Rule "conduit: connectStream2 (runConduitRes/=$=)" may never fire
      because ‘runConduitRes’ might inline first
    Probable fix: add an INLINE[n] or NOINLINE[n] pragma for ‘runConduitRes’[0m[0m
[;1m[34m    |[0m[0m
[;1m[34m243 |[0m[0m {-# RULES [;1m[35m"conduit: connectStream2 (runConduitRes/=$=)" forall left right.[0m[0m
[;1m[34m    |[0m[0m[;1m[35m           ^^^^^^^^^^^^^^^^^^^^^^^^^^^^^^^^^^^^^^^^^^^^^^^^^^^^^^^^^^^^^^^^...[0m[0m
[0m[0m[0m
[;1msrc/Data/Conduit/Internal/Fusion.hs:244:29: [;1m[35mwarning:[0m[0m[;1m [[;1m[35m-Wdeprecations[0m[0m[;1m][0m[0m[;1m
    In the use of ‘=$=’ (imported from Data.Conduit.Internal.Conduit):
    Deprecated: "Use .|"[0m[0m
[;1m[34m    |[0m[0m
[;1m[34m244 |[0m[0m         runConduitRes (left [;1m[35m=$=[0m[0m unstream right) = runResourceT (connectStream2 left right)
[;1m[34m    |[0m[0m[;1m[35m                             ^^^[0m[0m
[0m[0m[0m[ 4 of 14] Compiling Data.Conduit.Internal.List.Stream ( src/Data/Conduit/Internal/List/Stream.hs, .stack-work/dist/x86_64-osx/Cabal-2.4.0.1/build/Data/Conduit/Internal/List/Stream.o )
[ 5 of 14] Compiling Data.Conduit.Combinators.Stream ( src/Data/Conduit/Combinators/Stream.hs, .stack-work/dist/x86_64-osx/Cabal-2.4.0.1/build/Data/Conduit/Combinators/Stream.o )
[ 6 of 14] Compiling Data.Conduit     ( src/Data/Conduit.hs, .stack-work/dist/x86_64-osx/Cabal-2.4.0.1/build/Data/Conduit.o )

[;1msrc/Data/Conduit.hs:104:1: [;1m[35mwarning:[0m[0m[;1m [[;1m[35m-Wunused-imports[0m[0m[;1m][0m[0m[;1m
    The import of ‘Data.Functor.Identity’ is redundant
      except perhaps to import instances from ‘Data.Functor.Identity’
    To import instances alone, use: import Data.Functor.Identity()[0m[0m
[;1m[34m    |[0m[0m
[;1m[34m104 |[0m[0m [;1m[35mimport Data.Functor.Identity (Identity, runIdentity)[0m[0m
[;1m[34m    |[0m[0m[;1m[35m ^^^^^^^^^^^^^^^^^^^^^^^^^^^^^^^^^^^^^^^^^^^^^^^^^^^^[0m[0m
[0m[0m[0m
[;1msrc/Data/Conduit.hs:105:1: [;1m[35mwarning:[0m[0m[;1m [[;1m[35m-Wunused-imports[0m[0m[;1m][0m[0m[;1m
    The import of ‘Control.Monad.Trans.Resource’ is redundant
      except perhaps to import instances from ‘Control.Monad.Trans.Resource’
    To import instances alone, use: import Control.Monad.Trans.Resource()[0m[0m
[;1m[34m    |[0m[0m
[;1m[34m105 |[0m[0m [;1m[35mimport Control.Monad.Trans.Resource (ResourceT, runResourceT)[0m[0m
[;1m[34m    |[0m[0m[;1m[35m ^^^^^^^^^^^^^^^^^^^^^^^^^^^^^^^^^^^^^^^^^^^^^^^^^^^^^^^^^^^^^[0m[0m
[0m[0m[0m
[;1msrc/Data/Conduit.hs:106:1: [;1m[35mwarning:[0m[0m[;1m [[;1m[35m-Wunused-imports[0m[0m[;1m][0m[0m[;1m
    The import of ‘Control.Monad.IO.Unlift’ is redundant
      except perhaps to import instances from ‘Control.Monad.IO.Unlift’
    To import instances alone, use: import Control.Monad.IO.Unlift()[0m[0m
[;1m[34m    |[0m[0m
[;1m[34m106 |[0m[0m [;1m[35mimport Control.Monad.IO.Unlift (MonadUnliftIO)[0m[0m
[;1m[34m    |[0m[0m[;1m[35m ^^^^^^^^^^^^^^^^^^^^^^^^^^^^^^^^^^^^^^^^^^^^^^[0m[0m
[0m[0m[0m[ 7 of 14] Compiling Data.Conduit.Internal ( src/Data/Conduit/Internal.hs, .stack-work/dist/x86_64-osx/Cabal-2.4.0.1/build/Data/Conduit/Internal.o )
[ 8 of 14] Compiling Data.Conduit.Lift ( src/Data/Conduit/Lift.hs, .stack-work/dist/x86_64-osx/Cabal-2.4.0.1/build/Data/Conduit/Lift.o )
[ 9 of 14] Compiling Data.Conduit.List ( src/Data/Conduit/List.hs, .stack-work/dist/x86_64-osx/Cabal-2.4.0.1/build/Data/Conduit/List.o )

[;1msrc/Data/Conduit/List.hs:304:11: [;1m[35mwarning:[0m[0m[;1m [[;1m[35m-Winline-rule-shadowing[0m[0m[;1m][0m[0m[;1m
    Rule "conduit: $$ fold" may never fire
      because ‘.|’ might inline first
    Probable fix: add an INLINE[n] or NOINLINE[n] pragma for ‘.|’[0m[0m
[;1m[34m    |[0m[0m
[;1m[34m304 |[0m[0m {-# RULES [;1m[35m"conduit: $$ fold" forall src f b. runConduit (src .| fold f b) = connectFold src f b[0m[0m #-}
[;1m[34m    |[0m[0m[;1m[35m           ^^^^^^^^^^^^^^^^^^^^^^^^^^^^^^^^^^^^^^^^^^^^^^^^^^^^^^^^^^^^^^^^^^^^^^^^^^^^^^^^^^^^^[0m[0m
[0m[0m[0m
[;1msrc/Data/Conduit/List.hs:320:11: [;1m[35mwarning:[0m[0m[;1m [[;1m[35m-Winline-rule-shadowing[0m[0m[;1m][0m[0m[;1m
    Rule "conduit: $$ foldM" may never fire
      because ‘.|’ might inline first
    Probable fix: add an INLINE[n] or NOINLINE[n] pragma for ‘.|’[0m[0m
[;1m[34m    |[0m[0m
[;1m[34m320 |[0m[0m {-# RULES [;1m[35m"conduit: $$ foldM" forall src f b. runConduit (src .| foldM f b) = connectFoldM src f b[0m[0m #-}
[;1m[34m    |[0m[0m[;1m[35m           ^^^^^^^^^^^^^^^^^^^^^^^^^^^^^^^^^^^^^^^^^^^^^^^^^^^^^^^^^^^^^^^^^^^^^^^^^^^^^^^^^^^^^^^^[0m[0m
[0m[0m[0m
[;1msrc/Data/Conduit/List.hs:363:11: [;1m[35mwarning:[0m[0m[;1m [[;1m[35m-Winline-rule-shadowing[0m[0m[;1m][0m[0m[;1m
    Rule "conduit: connect to mapM_" may never fire
      because ‘.|’ might inline first
    Probable fix: add an INLINE[n] or NOINLINE[n] pragma for ‘.|’[0m[0m
[;1m[34m    |[0m[0m
[;1m[34m363 |[0m[0m {-# RULES [;1m[35m"conduit: connect to mapM_" [2] forall f src. runConduit (src .| mapM_ f) = srcMapM_ src f[0m[0m #-}
[;1m[34m    |[0m[0m[;1m[35m           ^^^^^^^^^^^^^^^^^^^^^^^^^^^^^^^^^^^^^^^^^^^^^^^^^^^^^^^^^^^^^^^^^^^^^^^^^^^^^^^^^^^^^^^^^^[0m[0m
[0m[0m[0m
[;1msrc/Data/Conduit/List.hs:797:11: [;1m[35mwarning:[0m[0m[;1m [[;1m[35m-Winline-rule-shadowing[0m[0m[;1m][0m[0m[;1m
    Rule "conduit: source/filter fusion .|" may never fire
      because ‘.|’ might inline first
    Probable fix: add an INLINE[n] or NOINLINE[n] pragma for ‘.|’[0m[0m
[;1m[34m    |[0m[0m
[;1m[34m797 |[0m[0m {-# RULES [;1m[35m"conduit: source/filter fusion .|" forall f src. src .| filter f = filterFuseRight src f[0m[0m #-}
[;1m[34m    |[0m[0m[;1m[35m           ^^^^^^^^^^^^^^^^^^^^^^^^^^^^^^^^^^^^^^^^^^^^^^^^^^^^^^^^^^^^^^^^^^^^^^^^^^^^^^^^^^^^^^^^[0m[0m
[0m[0m[0m
[;1msrc/Data/Conduit/List.hs:821:11: [;1m[35mwarning:[0m[0m[;1m [[;1m[35m-Winline-rule-shadowing[0m[0m[;1m][0m[0m[;1m
    Rule "conduit: connect to sinkNull" may never fire
      because ‘.|’ might inline first
    Probable fix: add an INLINE[n] or NOINLINE[n] pragma for ‘.|’[0m[0m
[;1m[34m    |[0m[0m
[;1m[34m821 |[0m[0m {-# RULES [;1m[35m"conduit: connect to sinkNull" forall src. runConduit (src .| sinkNull) = srcSinkNull src[0m[0m #-}
[;1m[34m    |[0m[0m[;1m[35m           ^^^^^^^^^^^^^^^^^^^^^^^^^^^^^^^^^^^^^^^^^^^^^^^^^^^^^^^^^^^^^^^^^^^^^^^^^^^^^^^^^^^^^^^^^[0m[0m
[0m[0m[0m[10 of 14] Compiling Data.Streaming.FileRead ( src/Data/Streaming/FileRead.hs, .stack-work/dist/x86_64-osx/Cabal-2.4.0.1/build/Data/Streaming/FileRead.o )
[11 of 14] Compiling Data.Streaming.Filesystem ( src/Data/Streaming/Filesystem.hs, .stack-work/dist/x86_64-osx/Cabal-2.4.0.1/build/Data/Streaming/Filesystem.o )
[12 of 14] Compiling Data.Conduit.Combinators ( src/Data/Conduit/Combinators.hs, .stack-work/dist/x86_64-osx/Cabal-2.4.0.1/build/Data/Conduit/Combinators.o )
[13 of 14] Compiling Data.Conduit.Combinators.Unqualified ( src/Data/Conduit/Combinators/Unqualified.hs, .stack-work/dist/x86_64-osx/Cabal-2.4.0.1/build/Data/Conduit/Combinators/Unqualified.o )
[14 of 14] Compiling Conduit          ( src/Conduit.hs, .stack-work/dist/x86_64-osx/Cabal-2.4.0.1/build/Conduit.o )
Preprocessing library for conduit-1.3.1.1..
Running Haddock on library for conduit-1.3.1.1..

src/Data/Conduit/Internal/Fusion.hs:78:23: warning: [-Wdeprecations]
    In the use of ‘=$=’ (imported from Data.Conduit.Internal.Conduit):
    Deprecated: "Use .|"
   |
78 |         unstream left =$= unstream right = unstream (fuseStream left right)
   |                       ^^^

src/Data/Conduit/Internal/Fusion.hs:129:23: warning: [-Wdeprecations]
    In the use of ‘$$’ (imported from Data.Conduit.Internal.Conduit):
    Deprecated: "Use runConduit and .|"
    |
129 |         unstream left $$ unstream right = connectStream left right
    |                       ^^

src/Data/Conduit/Internal/Fusion.hs:154:23: warning: [-Wdeprecations]
    In the use of ‘$$’ (imported from Data.Conduit.Internal.Conduit):
    Deprecated: "Use runConduit and .|"
    |
154 |         unstream left $$ right = connectStream1 left right
    |                       ^^

src/Data/Conduit/Internal/Fusion.hs:161:35: warning: [-Wdeprecations]
    In the use of ‘=$=’ (imported from Data.Conduit.Internal.Conduit):
    Deprecated: "Use .|"
    |
161 |         runConduit (unstream left =$= right) = connectStream1 left right
    |                                   ^^^

src/Data/Conduit/Internal/Fusion.hs:171:39: warning: [-Wdeprecations]
    In the use of ‘=$=’ (imported from Data.Conduit.Internal.Conduit):
    Deprecated: "Use .|"
    |
171 |         runConduitPure (unstream left =$= right) = runIdentity (connectStream1 left right)
    |                                       ^^^

src/Data/Conduit/Internal/Fusion.hs:181:38: warning: [-Wdeprecations]
    In the use of ‘=$=’ (imported from Data.Conduit.Internal.Conduit):
    Deprecated: "Use .|"
    |
181 |         runConduitRes (unstream left =$= right) = runResourceT (connectStream1 left right)
    |                                      ^^^

src/Data/Conduit/Internal/Fusion.hs:214:14: warning: [-Wdeprecations]
    In the use of ‘$$’ (imported from Data.Conduit.Internal.Conduit):
    Deprecated: "Use runConduit and .|"
    |
214 |         left $$ unstream right = connectStream2 left right
    |              ^^

src/Data/Conduit/Internal/Fusion.hs:224:26: warning: [-Wdeprecations]
    In the use of ‘=$=’ (imported from Data.Conduit.Internal.Conduit):
    Deprecated: "Use .|"
    |
224 |         runConduit (left =$= unstream right) = connectStream2 left right
    |                          ^^^

src/Data/Conduit/Internal/Fusion.hs:234:30: warning: [-Wdeprecations]
    In the use of ‘=$=’ (imported from Data.Conduit.Internal.Conduit):
    Deprecated: "Use .|"
    |
234 |         runConduitPure (left =$= unstream right) = runIdentity (connectStream2 left right)
    |                              ^^^

src/Data/Conduit/Internal/Fusion.hs:244:29: warning: [-Wdeprecations]
    In the use of ‘=$=’ (imported from Data.Conduit.Internal.Conduit):
    Deprecated: "Use .|"
    |
244 |         runConduitRes (left =$= unstream right) = runResourceT (connectStream2 left right)
    |                             ^^^

src/Data/Conduit.hs:104:1: warning: [-Wunused-imports]
    The import of ‘Data.Functor.Identity’ is redundant
      except perhaps to import instances from ‘Data.Functor.Identity’
    To import instances alone, use: import Data.Functor.Identity()
    |
104 | import Data.Functor.Identity (Identity, runIdentity)
    | ^^^^^^^^^^^^^^^^^^^^^^^^^^^^^^^^^^^^^^^^^^^^^^^^^^^^

src/Data/Conduit.hs:105:1: warning: [-Wunused-imports]
    The import of ‘Control.Monad.Trans.Resource’ is redundant
      except perhaps to import instances from ‘Control.Monad.Trans.Resource’
    To import instances alone, use: import Control.Monad.Trans.Resource()
    |
105 | import Control.Monad.Trans.Resource (ResourceT, runResourceT)
    | ^^^^^^^^^^^^^^^^^^^^^^^^^^^^^^^^^^^^^^^^^^^^^^^^^^^^^^^^^^^^^

src/Data/Conduit.hs:106:1: warning: [-Wunused-imports]
    The import of ‘Control.Monad.IO.Unlift’ is redundant
      except perhaps to import instances from ‘Control.Monad.IO.Unlift’
    To import instances alone, use: import Control.Monad.IO.Unlift()
    |
106 | import Control.Monad.IO.Unlift (MonadUnliftIO)
    | ^^^^^^^^^^^^^^^^^^^^^^^^^^^^^^^^^^^^^^^^^^^^^^
Haddock coverage:
Warning: 'hoist' is out of scope.
    If you qualify the identifier, haddock can try to link it
    it anyway.
Warning: 'Source' is out of scope.
    If you qualify the identifier, haddock can try to link it
    it anyway.
Warning: 'Conduit' is out of scope.
    If you qualify the identifier, haddock can try to link it
    it anyway.
Warning: 'catchC' is out of scope.
    If you qualify the identifier, haddock can try to link it
    it anyway.
Warning: 'tryC' is out of scope.
    If you qualify the identifier, haddock can try to link it
    it anyway.
  19% (  3 / 16) in 'Data.Conduit.Internal.Fusion'
  Missing documentation for:
    Module header
    Stream (src/Data/Conduit/Internal/Fusion.hs:39)
    ConduitWithStream (src/Data/Conduit/Internal/Fusion.hs:43)
    StreamConduitT (src/Data/Conduit/Internal/Fusion.hs:47)
    StreamConduit (src/Data/Conduit/Internal/Fusion.hs:49)
    StreamSource (src/Data/Conduit/Internal/Fusion.hs:51)
    StreamProducer (src/Data/Conduit/Internal/Fusion.hs:53)
    StreamSink (src/Data/Conduit/Internal/Fusion.hs:55)
    StreamConsumer (src/Data/Conduit/Internal/Fusion.hs:57)
    streamConduit (src/Data/Conduit/Internal/Fusion.hs:247)
    streamSource (src/Data/Conduit/Internal/Fusion.hs:253)
    streamSourcePure (src/Data/Conduit/Internal/Fusion.hs:271)
    unstream (src/Data/Conduit/Internal/Fusion.hs:59)
   0% (  0 / 41) in 'Data.Conduit.Internal.List.Stream'
  Missing documentation for:
    Module header
    unfoldS (src/Data/Conduit/Internal/List/Stream.hs:13)
    unfoldEitherS (src/Data/Conduit/Internal/List/Stream.hs:26)
    unfoldMS (src/Data/Conduit/Internal/List/Stream.hs:39)
    unfoldEitherMS (src/Data/Conduit/Internal/List/Stream.hs:53)
    sourceListS (src/Data/Conduit/Internal/List/Stream.hs:66)
    enumFromToS (src/Data/Conduit/Internal/List/Stream.hs:74)
    enumFromToS_int (src/Data/Conduit/Internal/List/Stream.hs:86)
    iterateS (src/Data/Conduit/Internal/List/Stream.hs:100)
    replicateS (src/Data/Conduit/Internal/List/Stream.hs:109)
    replicateMS (src/Data/Conduit/Internal/List/Stream.hs:118)
    foldS (src/Data/Conduit/Internal/List/Stream.hs:127)
    foldMS (src/Data/Conduit/Internal/List/Stream.hs:139)
    mapM_S (src/Data/Conduit/Internal/List/Stream.hs:153)
    dropS (src/Data/Conduit/Internal/List/Stream.hs:167)
    takeS (src/Data/Conduit/Internal/List/Stream.hs:182)
    headS (src/Data/Conduit/Internal/List/Stream.hs:197)
    mapS (src/Data/Conduit/Internal/List/Stream.hs:209)
    mapMS (src/Data/Conduit/Internal/List/Stream.hs:221)
    iterMS (src/Data/Conduit/Internal/List/Stream.hs:233)
    mapMaybeS (src/Data/Conduit/Internal/List/Stream.hs:245)
    mapMaybeMS (src/Data/Conduit/Internal/List/Stream.hs:260)
    catMaybesS (src/Data/Conduit/Internal/List/Stream.hs:276)
    concatS (src/Data/Conduit/Internal/List/Stream.hs:289)
    concatMapS (src/Data/Conduit/Internal/List/Stream.hs:302)
    concatMapMS (src/Data/Conduit/Internal/List/Stream.hs:315)
    concatMapAccumS (src/Data/Conduit/Internal/List/Stream.hs:330)
    mapAccumS (src/Data/Conduit/Internal/List/Stream.hs:345)
    mapAccumMS (src/Data/Conduit/Internal/List/Stream.hs:359)
    concatMapAccumMS (src/Data/Conduit/Internal/List/Stream.hs:373)
    mapFoldableS (src/Data/Conduit/Internal/List/Stream.hs:388)
    mapFoldableMS (src/Data/Conduit/Internal/List/Stream.hs:401)
    consumeS (src/Data/Conduit/Internal/List/Stream.hs:416)
    groupByS (src/Data/Conduit/Internal/List/Stream.hs:428)
    groupOn1S (src/Data/Conduit/Internal/List/Stream.hs:432)
    GroupByState (src/Data/Conduit/Internal/List/Stream.hs:436)
    groupBy1S (src/Data/Conduit/Internal/List/Stream.hs:441)
    isolateS (src/Data/Conduit/Internal/List/Stream.hs:462)
    filterS (src/Data/Conduit/Internal/List/Stream.hs:475)
    sinkNullS (src/Data/Conduit/Internal/List/Stream.hs:488)
    sourceNullS (src/Data/Conduit/Internal/List/Stream.hs:500)
  11% (  3 / 27) in 'Data.Conduit.Combinators.Stream'
  Missing documentation for:
    yieldManyS (src/Data/Conduit/Combinators/Stream.hs:68)
    repeatMS (src/Data/Conduit/Combinators/Stream.hs:78)
    repeatWhileMS (src/Data/Conduit/Combinators/Stream.hs:87)
    foldl1S (src/Data/Conduit/Combinators/Stream.hs:101)
    allS (src/Data/Conduit/Combinators/Stream.hs:115)
    anyS (src/Data/Conduit/Combinators/Stream.hs:121)
    sinkLazyS (src/Data/Conduit/Combinators/Stream.hs:130)
    sinkVectorS (src/Data/Conduit/Combinators/Stream.hs:135)
    sinkVectorNS (src/Data/Conduit/Combinators/Stream.hs:160)
    sinkLazyBuilderS (src/Data/Conduit/Combinators/Stream.hs:181)
    lastS (src/Data/Conduit/Combinators/Stream.hs:185)
    lastES (src/Data/Conduit/Combinators/Stream.hs:198)
    findS (src/Data/Conduit/Combinators/Stream.hs:212)
    concatMapS (src/Data/Conduit/Combinators/Stream.hs:228)
    concatMapMS (src/Data/Conduit/Combinators/Stream.hs:243)
    concatS (src/Data/Conduit/Combinators/Stream.hs:260)
    scanlS (src/Data/Conduit/Combinators/Stream.hs:269)
    scanlMS (src/Data/Conduit/Combinators/Stream.hs:284)
    mapAccumWhileS (src/Data/Conduit/Combinators/Stream.hs:299)
    mapAccumWhileMS (src/Data/Conduit/Combinators/Stream.hs:314)
    intersperseS (src/Data/Conduit/Combinators/Stream.hs:336)
    slidingWindowS (src/Data/Conduit/Combinators/Stream.hs:362)
    filterMS (src/Data/Conduit/Combinators/Stream.hs:391)
    splitOnUnboundedES (src/Data/Conduit/Combinators/Stream.hs:418)
  97% ( 77 / 79) in 'Data.Conduit'
  Missing documentation for:
    sealConduitT (src/Data/Conduit/Internal/Conduit.hs:292)
    unsealConduitT (src/Data/Conduit/Internal/Conduit.hs:295)
  91% ( 85 / 93) in 'Data.Conduit.Internal'
  Missing documentation for:
    Module header
    yieldM (src/Data/Conduit/Internal/Pipe.hs:248)
    enumFromTo (src/Data/Conduit/Internal/Pipe.hs:466)
    sealConduitT (src/Data/Conduit/Internal/Conduit.hs:292)
    unsealConduitT (src/Data/Conduit/Internal/Conduit.hs:295)
    sourceToPipe (src/Data/Conduit/Internal/Conduit.hs:327)
    sinkToPipe (src/Data/Conduit/Internal/Conduit.hs:337)
    conduitToPipe (src/Data/Conduit/Internal/Conduit.hs:347)
 100% ( 42 / 42) in 'Data.Conduit.Lift'
Warning: 'succ' is out of scope.
    If you qualify the identifier, haddock can try to link it
    it anyway.
Warning: 'Foldable' is out of scope.
    If you qualify the identifier, haddock can try to link it
    it anyway.
 100% ( 55 / 55) in 'Data.Conduit.List'
Warning: 'ResourceT' is out of scope.
    If you qualify the identifier, haddock can try to link it
    it anyway.
Warning: 'chunkSize' is out of scope.
    If you qualify the identifier, haddock can try to link it
    it anyway.
 100% (166 /166) in 'Data.Conduit.Combinators'
Warning: 'succ' is out of scope.
    If you qualify the identifier, haddock can try to link it
    it anyway.
Warning: 'iterM' is out of scope.
    If you qualify the identifier, haddock can try to link it
    it anyway.
Warning: 'takeExactly' is out of scope.
    If you qualify the identifier, haddock can try to link it
    it anyway.
Warning: 'takeExactlyE' is out of scope.
    If you qualify the identifier, haddock can try to link it
    it anyway.
Warning: 'take' is out of scope.
    If you qualify the identifier, haddock can try to link it
    it anyway.
Warning: 'takeE' is out of scope.
    If you qualify the identifier, haddock can try to link it
    it anyway.
Warning: 'concatMap' is out of scope.
    If you qualify the identifier, haddock can try to link it
    it anyway.
Warning: 'chunkSize' is out of scope.
    If you qualify the identifier, haddock can try to link it
    it anyway.
Warning: 'chunksOfExactlyE' is out of scope.
    If you qualify the identifier, haddock can try to link it
    it anyway.
Warning: 'chunksOfE' is out of scope.
    If you qualify the identifier, haddock can try to link it
    it anyway.
Warning: 'mapM_' is out of scope.
    If you qualify the identifier, haddock can try to link it
    it anyway.
Warning: 'concatMapM' is out of scope.
    If you qualify the identifier, haddock can try to link it
    it anyway.
Warning: 'line' is out of scope.
    If you qualify the identifier, haddock can try to link it
    it anyway.
Warning: 'unlines' is out of scope.
    If you qualify the identifier, haddock can try to link it
    it anyway.
Warning: 'linesUnbounded' is out of scope.
    If you qualify the identifier, haddock can try to link it
    it anyway.
 100% (186 /186) in 'Conduit'
Warning: Data.Conduit: could not find link destinations for:
    unsafeIndex unsafeRangeSize
Warning: Data.Conduit.Combinators: could not find link destinations for:
    Buffer unsafeFreezeBuffer
Warning: Conduit: could not find link destinations for:
    Buffer unsafeIndex unsafeRangeSize
Documentation created:
.stack-work/dist/x86_64-osx/Cabal-2.4.0.1/doc/html/conduit/index.html,
.stack-work/dist/x86_64-osx/Cabal-2.4.0.1/doc/html/conduit/conduit.txt
Installing library in /Users/daidohinari/.stack/snapshots/x86_64-osx/lts-14.1/8.6.5/lib/x86_64-osx-ghc-8.6.5/conduit-1.3.1.1-2xEkX9ekoKU8QeTqwJ8TjM
Registering library for conduit-1.3.1.1..
