Configuring constraints-0.10.1...
Preprocessing library for constraints-0.10.1..
Building library for constraints-0.10.1..
[1 of 7] Compiling Data.Constraint  ( src/Data/Constraint.hs, .stack-work/dist/x86_64-osx/Cabal-2.4.0.1/build/Data/Constraint.o )
[2 of 7] Compiling Data.Constraint.Deferrable ( src/Data/Constraint/Deferrable.hs, .stack-work/dist/x86_64-osx/Cabal-2.4.0.1/build/Data/Constraint/Deferrable.o )
[3 of 7] Compiling Data.Constraint.Forall ( src/Data/Constraint/Forall.hs, .stack-work/dist/x86_64-osx/Cabal-2.4.0.1/build/Data/Constraint/Forall.o )
[4 of 7] Compiling Data.Constraint.Lifting ( src/Data/Constraint/Lifting.hs, .stack-work/dist/x86_64-osx/Cabal-2.4.0.1/build/Data/Constraint/Lifting.o )
[5 of 7] Compiling Data.Constraint.Nat ( src/Data/Constraint/Nat.hs, .stack-work/dist/x86_64-osx/Cabal-2.4.0.1/build/Data/Constraint/Nat.o )
[6 of 7] Compiling Data.Constraint.Symbol ( src/Data/Constraint/Symbol.hs, .stack-work/dist/x86_64-osx/Cabal-2.4.0.1/build/Data/Constraint/Symbol.o )
[7 of 7] Compiling Data.Constraint.Unsafe ( src/Data/Constraint/Unsafe.hs, .stack-work/dist/x86_64-osx/Cabal-2.4.0.1/build/Data/Constraint/Unsafe.o )
Preprocessing library for constraints-0.10.1..
Running Haddock on library for constraints-0.10.1..
Haddock coverage:
Warning: 'Sat' is out of scope.
    If you qualify the identifier, haddock can try to link it
    it anyway.
Warning: 'IncoherentInstances' is out of scope.
    If you qualify the identifier, haddock can try to link it
    it anyway.
Warning: '.' is ambiguous. It is defined
    * in ‘GHC.Base’
    * in ‘Control.Category’
    You may be able to disambiguate the identifier by qualifying it or
    by hiding some imports.
    Defaulting to '.' defined in ‘Control.Category’
Warning: 'id' is ambiguous. It is defined
    * in ‘GHC.Base’
    * in ‘Control.Category’
    You may be able to disambiguate the identifier by qualifying it or
    by hiding some imports.
    Defaulting to 'id' defined in ‘Control.Category’
Warning: 'Any' is out of scope.
    If you qualify the identifier, haddock can try to link it
    it anyway.
  93% ( 25 / 27) in 'Data.Constraint'
  Missing documentation for:
    strengthen1 (src/Data/Constraint.hs:296)
    strengthen2 (src/Data/Constraint.hs:299)
  78% (  7 /  9) in 'Data.Constraint.Deferrable'
  Missing documentation for:
    UnsatisfiedConstraint (src/Data/Constraint/Deferrable.hs:58)
    deferred (src/Data/Constraint/Deferrable.hs:72)
  83% ( 10 / 12) in 'Data.Constraint.Forall'
  Missing documentation for:
    Forall1 (src/Data/Constraint/Forall.hs:152)
    forall (src/Data/Constraint/Forall.hs:190)
   0% (  0 /  3) in 'Data.Constraint.Lifting'
  Missing documentation for:
    Module header
    Lifting (src/Data/Constraint/Lifting.hs:65)
    Lifting2 (src/Data/Constraint/Lifting.hs:424)
   3% (  3 / 96) in 'Data.Constraint.Nat'
  Missing documentation for:
    Min (src/Data/Constraint/Nat.hs:53)
    Max (src/Data/Constraint/Nat.hs:55)
    Lcm (src/Data/Constraint/Nat.hs:65)
    Gcd (src/Data/Constraint/Nat.hs:63)
    Divides (src/Data/Constraint/Nat.hs:68)
    plusNat (src/Data/Constraint/Nat.hs:114)
    timesNat (src/Data/Constraint/Nat.hs:123)
    powNat (src/Data/Constraint/Nat.hs:126)
    minNat (src/Data/Constraint/Nat.hs:117)
    maxNat (src/Data/Constraint/Nat.hs:120)
    gcdNat (src/Data/Constraint/Nat.hs:108)
    lcmNat (src/Data/Constraint/Nat.hs:111)
    divNat (src/Data/Constraint/Nat.hs:129)
    modNat (src/Data/Constraint/Nat.hs:132)
    plusZero (src/Data/Constraint/Nat.hs:135)
    timesZero (src/Data/Constraint/Nat.hs:138)
    timesOne (src/Data/Constraint/Nat.hs:141)
    powZero (src/Data/Constraint/Nat.hs:150)
    powOne (src/Data/Constraint/Nat.hs:204)
    maxZero (src/Data/Constraint/Nat.hs:147)
    minZero (src/Data/Constraint/Nat.hs:144)
    gcdZero (src/Data/Constraint/Nat.hs:96)
    gcdOne (src/Data/Constraint/Nat.hs:99)
    lcmZero (src/Data/Constraint/Nat.hs:102)
    lcmOne (src/Data/Constraint/Nat.hs:105)
    plusAssociates (src/Data/Constraint/Nat.hs:231)
    timesAssociates (src/Data/Constraint/Nat.hs:234)
    minAssociates (src/Data/Constraint/Nat.hs:237)
    maxAssociates (src/Data/Constraint/Nat.hs:240)
    gcdAssociates (src/Data/Constraint/Nat.hs:243)
    lcmAssociates (src/Data/Constraint/Nat.hs:246)
    plusCommutes (src/Data/Constraint/Nat.hs:219)
    timesCommutes (src/Data/Constraint/Nat.hs:222)
    minCommutes (src/Data/Constraint/Nat.hs:225)
    maxCommutes (src/Data/Constraint/Nat.hs:228)
    gcdCommutes (src/Data/Constraint/Nat.hs:90)
    lcmCommutes (src/Data/Constraint/Nat.hs:93)
    plusDistributesOverTimes (src/Data/Constraint/Nat.hs:291)
    timesDistributesOverPow (src/Data/Constraint/Nat.hs:294)
    timesDistributesOverGcd (src/Data/Constraint/Nat.hs:297)
    timesDistributesOverLcm (src/Data/Constraint/Nat.hs:300)
    minDistributesOverPlus (src/Data/Constraint/Nat.hs:261)
    minDistributesOverTimes (src/Data/Constraint/Nat.hs:264)
    minDistributesOverPow1 (src/Data/Constraint/Nat.hs:267)
    minDistributesOverPow2 (src/Data/Constraint/Nat.hs:270)
    minDistributesOverMax (src/Data/Constraint/Nat.hs:273)
    maxDistributesOverPlus (src/Data/Constraint/Nat.hs:276)
    maxDistributesOverTimes (src/Data/Constraint/Nat.hs:279)
    maxDistributesOverPow1 (src/Data/Constraint/Nat.hs:282)
    maxDistributesOverPow2 (src/Data/Constraint/Nat.hs:285)
    maxDistributesOverMin (src/Data/Constraint/Nat.hs:288)
    gcdDistributesOverLcm (src/Data/Constraint/Nat.hs:309)
    lcmDistributesOverGcd (src/Data/Constraint/Nat.hs:312)
    minIsIdempotent (src/Data/Constraint/Nat.hs:249)
    maxIsIdempotent (src/Data/Constraint/Nat.hs:252)
    lcmIsIdempotent (src/Data/Constraint/Nat.hs:258)
    gcdIsIdempotent (src/Data/Constraint/Nat.hs:255)
    plusIsCancellative (src/Data/Constraint/Nat.hs:303)
    timesIsCancellative (src/Data/Constraint/Nat.hs:306)
    dividesPlus (src/Data/Constraint/Nat.hs:315)
    dividesTimes (src/Data/Constraint/Nat.hs:318)
    dividesMin (src/Data/Constraint/Nat.hs:321)
    dividesMax (src/Data/Constraint/Nat.hs:324)
    dividesPow (src/Data/Constraint/Nat.hs:330)
    dividesGcd (src/Data/Constraint/Nat.hs:84)
    dividesLcm (src/Data/Constraint/Nat.hs:87)
    plusMonotone1 (src/Data/Constraint/Nat.hs:168)
    plusMonotone2 (src/Data/Constraint/Nat.hs:171)
    timesMonotone1 (src/Data/Constraint/Nat.hs:186)
    timesMonotone2 (src/Data/Constraint/Nat.hs:189)
    powMonotone1 (src/Data/Constraint/Nat.hs:174)
    powMonotone2 (src/Data/Constraint/Nat.hs:177)
    minMonotone1 (src/Data/Constraint/Nat.hs:192)
    minMonotone2 (src/Data/Constraint/Nat.hs:195)
    maxMonotone1 (src/Data/Constraint/Nat.hs:198)
    maxMonotone2 (src/Data/Constraint/Nat.hs:201)
    divMonotone1 (src/Data/Constraint/Nat.hs:180)
    divMonotone2 (src/Data/Constraint/Nat.hs:183)
    euclideanNat (src/Data/Constraint/Nat.hs:216)
    plusMod (src/Data/Constraint/Nat.hs:207)
    timesMod (src/Data/Constraint/Nat.hs:210)
    modBound (src/Data/Constraint/Nat.hs:213)
    dividesDef (src/Data/Constraint/Nat.hs:327)
    timesDiv (src/Data/Constraint/Nat.hs:333)
    eqLe (src/Data/Constraint/Nat.hs:81)
    leEq (src/Data/Constraint/Nat.hs:341)
    leId (src/Data/Constraint/Nat.hs:338)
    leTrans (src/Data/Constraint/Nat.hs:344)
    leZero (src/Data/Constraint/Nat.hs:153)
    zeroLe (src/Data/Constraint/Nat.hs:156)
    plusMinusInverse1 (src/Data/Constraint/Nat.hs:159)
    plusMinusInverse2 (src/Data/Constraint/Nat.hs:162)
    plusMinusInverse3 (src/Data/Constraint/Nat.hs:165)
   4% (  1 / 23) in 'Data.Constraint.Symbol'
  Missing documentation for:
    ++ (src/Data/Constraint/Symbol.hs:44)
    Take (src/Data/Constraint/Symbol.hs:45)
    Drop (src/Data/Constraint/Symbol.hs:46)
    Length (src/Data/Constraint/Symbol.hs:47)
    appendSymbol (src/Data/Constraint/Symbol.hs:67)
    appendUnit1 (src/Data/Constraint/Symbol.hs:70)
    appendUnit2 (src/Data/Constraint/Symbol.hs:73)
    appendAssociates (src/Data/Constraint/Symbol.hs:76)
    takeSymbol (src/Data/Constraint/Symbol.hs:79)
    dropSymbol (src/Data/Constraint/Symbol.hs:82)
    takeAppendDrop (src/Data/Constraint/Symbol.hs:85)
    lengthSymbol (src/Data/Constraint/Symbol.hs:88)
    takeLength (src/Data/Constraint/Symbol.hs:91)
    take0 (src/Data/Constraint/Symbol.hs:94)
    takeEmpty (src/Data/Constraint/Symbol.hs:97)
    dropLength (src/Data/Constraint/Symbol.hs:100)
    drop0 (src/Data/Constraint/Symbol.hs:103)
    dropEmpty (src/Data/Constraint/Symbol.hs:106)
    lengthTake (src/Data/Constraint/Symbol.hs:109)
    lengthDrop (src/Data/Constraint/Symbol.hs:112)
    dropDrop (src/Data/Constraint/Symbol.hs:115)
    takeTake (src/Data/Constraint/Symbol.hs:118)
 100% (  8 /  8) in 'Data.Constraint.Unsafe'
Warning: Data.Constraint.Forall: could not find link destinations for:
    ComposeC Q ForallV'
Documentation created:
.stack-work/dist/x86_64-osx/Cabal-2.4.0.1/doc/html/constraints/index.html,
.stack-work/dist/x86_64-osx/Cabal-2.4.0.1/doc/html/constraints/constraints.txt
Installing library in /Users/daidohinari/.stack/snapshots/x86_64-osx/lts-14.1/8.6.5/lib/x86_64-osx-ghc-8.6.5/constraints-0.10.1-3jmTOvNZxfYEJu3lYrrDXs
Registering library for constraints-0.10.1..
