Configuring exceptions-0.10.2...
Preprocessing library for exceptions-0.10.2..
Building library for exceptions-0.10.2..
[1 of 2] Compiling Control.Monad.Catch ( src/Control/Monad/Catch.hs, .stack-work/dist/x86_64-osx/Cabal-2.4.0.1/build/Control/Monad/Catch.o )
[2 of 2] Compiling Control.Monad.Catch.Pure ( src/Control/Monad/Catch/Pure.hs, .stack-work/dist/x86_64-osx/Cabal-2.4.0.1/build/Control/Monad/Catch/Pure.o )
Preprocessing library for exceptions-0.10.2..
Running Haddock on library for exceptions-0.10.2..
Haddock coverage:
Warning: 'MonadError' is out of scope.
    If you qualify the identifier, haddock can try to link it
    it anyway.
Warning: 'use' is out of scope.
    If you qualify the identifier, haddock can try to link it
    it anyway.
Warning: 'release' is out of scope.
    If you qualify the identifier, haddock can try to link it
    it anyway.
Warning: 'e' is out of scope.
    If you qualify the identifier, haddock can try to link it
    it anyway.
Warning: 'IOException' is out of scope.
    If you qualify the identifier, haddock can try to link it
    it anyway.
Warning: 'Except' is out of scope.
    If you qualify the identifier, haddock can try to link it
    it anyway.
 100% ( 33 / 33) in 'Control.Monad.Catch'
  80% (  8 / 10) in 'Control.Monad.Catch.Pure'
  Missing documentation for:
    Catch (src/Control/Monad/Catch/Pure.hs:96)
    runCatch (src/Control/Monad/Catch/Pure.hs:98)
Documentation created:
.stack-work/dist/x86_64-osx/Cabal-2.4.0.1/doc/html/exceptions/index.html,
.stack-work/dist/x86_64-osx/Cabal-2.4.0.1/doc/html/exceptions/exceptions.txt
Installing library in /Users/daidohinari/.stack/snapshots/x86_64-osx/lts-14.1/8.6.5/lib/x86_64-osx-ghc-8.6.5/exceptions-0.10.2-965Nx9KftkgCsZ4B7Zhuyu
Registering library for exceptions-0.10.2..
