Configuring hashable-1.2.5.0...
Building hashable-1.2.5.0...
Preprocessing library hashable-1.2.5.0...
[1 of 4] Compiling Data.Hashable.Class ( Data/Hashable/Class.hs, .stack-work/dist/x86_64-osx/Cabal-1.24.2.0/build/Data/Hashable/Class.o )

Data/Hashable/Class.hs:594:28: warning: [-Wdeprecations]
    In the use of ‘inlinePerformIO’
    (imported from Data.ByteString.Internal):
    Deprecated: "If you think you know what you are doing, use 'unsafePerformIO'. If you are sure you know what you are doing, use 'unsafeDupablePerformIO'. If you enjoy sharing an address space with a malevolent agent of chaos, try 'accursedUnutterablePerformIO'."
[2 of 4] Compiling Data.Hashable.Generic ( Data/Hashable/Generic.hs, .stack-work/dist/x86_64-osx/Cabal-1.24.2.0/build/Data/Hashable/Generic.o )
[3 of 4] Compiling Data.Hashable.Lifted ( Data/Hashable/Lifted.hs, .stack-work/dist/x86_64-osx/Cabal-1.24.2.0/build/Data/Hashable/Lifted.o )
[4 of 4] Compiling Data.Hashable    ( Data/Hashable.hs, .stack-work/dist/x86_64-osx/Cabal-1.24.2.0/build/Data/Hashable.o )
Running Haddock for hashable-1.2.5.0...
Preprocessing library hashable-1.2.5.0...

Data/Hashable/Class.hs:594:28: warning: [-Wdeprecations]
    In the use of ‘inlinePerformIO’
    (imported from Data.ByteString.Internal):
    Deprecated: "If you think you know what you are doing, use 'unsafePerformIO'. If you are sure you know what you are doing, use 'unsafeDupablePerformIO'. If you enjoy sharing an address space with a malevolent agent of chaos, try 'accursedUnutterablePerformIO'."
Haddock coverage:
  78% ( 21 / 27) in 'Data.Hashable.Class'
  Missing documentation for:
    Hashable1 (Data/Hashable/Class.hs:240)
    Hashable2 (Data/Hashable/Class.hs:248)
    HashArgs (Data/Hashable/Class.hs:230)
    Zero (Data/Hashable/Class.hs:227)
    One (Data/Hashable/Class.hs:228)
    defaultHashWithSalt (Data/Hashable/Class.hs:275)
 100% (  1 /  1) in 'Data.Hashable.Generic'
  80% (  8 / 10) in 'Data.Hashable.Lifted'
  Missing documentation for:
    Hashable1 (Data/Hashable/Class.hs:240)
    Hashable2 (Data/Hashable/Class.hs:248)
 100% ( 28 / 28) in 'Data.Hashable'
Warning: Data.Hashable.Lifted: could not find link destinations for:
    GHashable One
Warning: Data.Hashable: could not find link destinations for:
    GHashable Zero
Documentation created:
.stack-work/dist/x86_64-osx/Cabal-1.24.2.0/doc/html/hashable/index.html,
.stack-work/dist/x86_64-osx/Cabal-1.24.2.0/doc/html/hashable/hashable.txt
Installing library in
/Users/daidohinari/.stack/snapshots/x86_64-osx/lts-8.5/8.0.2/lib/x86_64-osx-ghc-8.0.2/hashable-1.2.5.0-F4MWeNuv2sjJRqBd2T5ul4
Registering hashable-1.2.5.0...
