Configuring optparse-applicative-0.13.2.0...
Building optparse-applicative-0.13.2.0...
Preprocessing library optparse-applicative-0.13.2.0...
[ 1 of 15] Compiling Options.Applicative.Help.Pretty ( Options/Applicative/Help/Pretty.hs, .stack-work/dist/x86_64-osx/Cabal-1.24.2.0/build/Options/Applicative/Help/Pretty.o )
[ 2 of 15] Compiling Options.Applicative.Help.Chunk ( Options/Applicative/Help/Chunk.hs, .stack-work/dist/x86_64-osx/Cabal-1.24.2.0/build/Options/Applicative/Help/Chunk.o )
[ 3 of 15] Compiling Options.Applicative.Help.Types ( Options/Applicative/Help/Types.hs, .stack-work/dist/x86_64-osx/Cabal-1.24.2.0/build/Options/Applicative/Help/Types.o )
[ 4 of 15] Compiling Options.Applicative.Types ( Options/Applicative/Types.hs, .stack-work/dist/x86_64-osx/Cabal-1.24.2.0/build/Options/Applicative/Types.o )
[ 5 of 15] Compiling Options.Applicative.Internal ( Options/Applicative/Internal.hs, .stack-work/dist/x86_64-osx/Cabal-1.24.2.0/build/Options/Applicative/Internal.o )
[ 6 of 15] Compiling Options.Applicative.Common ( Options/Applicative/Common.hs, .stack-work/dist/x86_64-osx/Cabal-1.24.2.0/build/Options/Applicative/Common.o )
[ 7 of 15] Compiling Options.Applicative.Help.Core ( Options/Applicative/Help/Core.hs, .stack-work/dist/x86_64-osx/Cabal-1.24.2.0/build/Options/Applicative/Help/Core.o )
[ 8 of 15] Compiling Options.Applicative.Help ( Options/Applicative/Help.hs, .stack-work/dist/x86_64-osx/Cabal-1.24.2.0/build/Options/Applicative/Help.o )
[ 9 of 15] Compiling Options.Applicative.Builder.Internal ( Options/Applicative/Builder/Internal.hs, .stack-work/dist/x86_64-osx/Cabal-1.24.2.0/build/Options/Applicative/Builder/Internal.o )
[10 of 15] Compiling Options.Applicative.Builder.Completer ( Options/Applicative/Builder/Completer.hs, .stack-work/dist/x86_64-osx/Cabal-1.24.2.0/build/Options/Applicative/Builder/Completer.o )
[11 of 15] Compiling Options.Applicative.Builder ( Options/Applicative/Builder.hs, .stack-work/dist/x86_64-osx/Cabal-1.24.2.0/build/Options/Applicative/Builder.o )
[12 of 15] Compiling Options.Applicative.BashCompletion ( Options/Applicative/BashCompletion.hs, .stack-work/dist/x86_64-osx/Cabal-1.24.2.0/build/Options/Applicative/BashCompletion.o )
[13 of 15] Compiling Options.Applicative.Extra ( Options/Applicative/Extra.hs, .stack-work/dist/x86_64-osx/Cabal-1.24.2.0/build/Options/Applicative/Extra.o )
[14 of 15] Compiling Options.Applicative ( Options/Applicative.hs, .stack-work/dist/x86_64-osx/Cabal-1.24.2.0/build/Options/Applicative.o )
[15 of 15] Compiling Options.Applicative.Arrows ( Options/Applicative/Arrows.hs, .stack-work/dist/x86_64-osx/Cabal-1.24.2.0/build/Options/Applicative/Arrows.o )
Running Haddock for optparse-applicative-0.13.2.0...
Preprocessing library optparse-applicative-0.13.2.0...
Haddock coverage:
  33% (  1 /  3) in 'Options.Applicative.Help.Pretty'
  Missing documentation for:
    Module header
    .$. (Options/Applicative/Help/Pretty.hs:9)
  86% ( 12 / 14) in 'Options.Applicative.Help.Chunk'
  Missing documentation for:
    Module header
    mappendWith (Options/Applicative/Help/Chunk.hs:25)
  33% (  1 /  3) in 'Options.Applicative.Help.Types'
  Missing documentation for:
    Module header
    ParserHelp (Options/Applicative/Help/Types.hs:12)
  37% ( 14 / 38) in 'Options.Applicative.Types'
  Missing documentation for:
    Module header
    ParseError (Options/Applicative/Types.hs:60)
    OptName (Options/Applicative/Types.hs:109)
    CReader (Options/Applicative/Types.hs:182)
    ParserM (Options/Applicative/Types.hs:222)
    Completer (Options/Applicative/Types.hs:258)
    mkCompleter (Options/Applicative/Types.hs:261)
    CompletionResult (Options/Applicative/Types.hs:269)
    ParserFailure (Options/Applicative/Types.hs:276)
    overFailure (Options/Applicative/Types.hs:301)
    Args (Options/Applicative/Types.hs:318)
    OptHelpInfo (Options/Applicative/Types.hs:329)
    OptTree (Options/Applicative/Types.hs:334)
    ParserHelp (Options/Applicative/Help/Types.hs:12)
    SomeParser (Options/Applicative/Types.hs:134)
    IsCmdStart (Options/Applicative/Types.hs:67)
    fromM (Options/Applicative/Types.hs:236)
    oneM (Options/Applicative/Types.hs:239)
    manyM (Options/Applicative/Types.hs:242)
    someM (Options/Applicative/Types.hs:249)
    optVisibility (Options/Applicative/Types.hs:340)
    optMetaVar (Options/Applicative/Types.hs:346)
    optHelp (Options/Applicative/Types.hs:343)
    optShowDefault (Options/Applicative/Types.hs:349)
   0% (  0 / 20) in 'Options.Applicative.Internal'
  Missing documentation for:
    Module header
    P (Options/Applicative/Internal.hs:51)
    MonadP (Options/Applicative/Internal.hs:41)
    ParseError (Options/Applicative/Types.hs:60)
    uncons (Options/Applicative/Internal.hs:96)
    hoistMaybe (Options/Applicative/Internal.hs:87)
    hoistEither (Options/Applicative/Internal.hs:90)
    runReadM (Options/Applicative/Internal.hs:100)
    withReadM (Options/Applicative/Internal.hs:103)
    runP (Options/Applicative/Internal.hs:93)
    Completion (Options/Applicative/Internal.hs:128)
    runCompletion (Options/Applicative/Internal.hs:160)
    contextNames (Options/Applicative/Internal.hs:72)
    ListT (Options/Applicative/Internal.hs:168)
    takeListT (Options/Applicative/Internal.hs:182)
    runListT (Options/Applicative/Internal.hs:186)
    NondetT (Options/Applicative/Internal.hs:227)
    cut (Options/Applicative/Internal.hs:258)
    <!> (Options/Applicative/Internal.hs:252)
    disamb (Options/Applicative/Internal.hs:261)
  72% ( 13 / 18) in 'Options.Applicative.Common'
  Missing documentation for:
    Module header
    showOption (Options/Applicative/Common.hs:64)
    runParserInfo (Options/Applicative/Common.hs:219)
    runParserFully (Options/Applicative/Common.hs:222)
    optionNames (Options/Applicative/Common.hs:68)
  43% (  6 / 14) in 'Options.Applicative.Help.Core'
  Missing documentation for:
    Module header
    fold_tree (Options/Applicative/Help/Core.hs:101)
    ParserHelp (Options/Applicative/Help/Types.hs:12)
    errorHelp (Options/Applicative/Help/Core.hs:133)
    headerHelp (Options/Applicative/Help/Core.hs:136)
    usageHelp (Options/Applicative/Help/Core.hs:139)
    bodyHelp (Options/Applicative/Help/Core.hs:142)
    footerHelp (Options/Applicative/Help/Core.hs:145)
  90% (  9 / 10) in 'Options.Applicative.Help'
  Missing documentation for:
    Module header
  20% (  4 / 20) in 'Options.Applicative.Builder.Internal'
  Missing documentation for:
    Module header
    HasName (Options/Applicative/Builder/Internal.hs:50)
    HasCompleter (Options/Applicative/Builder/Internal.hs:59)
    HasValue (Options/Applicative/Builder/Internal.hs:68)
    HasMetavar (Options/Applicative/Builder/Internal.hs:76)
    OptionFields (Options/Applicative/Builder/Internal.hs:34)
    FlagFields (Options/Applicative/Builder/Internal.hs:39)
    CommandFields (Options/Applicative/Builder/Internal.hs:43)
    ArgumentFields (Options/Applicative/Builder/Internal.hs:47)
    DefaultProp (Options/Applicative/Builder/Internal.hs:87)
    optionMod (Options/Applicative/Builder/Internal.hs:128)
    fieldMod (Options/Applicative/Builder/Internal.hs:131)
    mkCommand (Options/Applicative/Builder/Internal.hs:150)
    mkParser (Options/Applicative/Builder/Internal.hs:156)
    mkOption (Options/Applicative/Builder/Internal.hs:164)
    mkProps (Options/Applicative/Builder/Internal.hs:170)
   0% (  0 /  6) in 'Options.Applicative.Builder.Completer'
  Missing documentation for:
    Module header
    Completer (Options/Applicative/Types.hs:258)
    mkCompleter (Options/Applicative/Types.hs:261)
    listIOCompleter (Options/Applicative/Builder/Completer.hs:17)
    listCompleter (Options/Applicative/Builder/Completer.hs:21)
    bashCompleter (Options/Applicative/Builder/Completer.hs:24)
  81% ( 59 / 73) in 'Options.Applicative.Builder'
  Missing documentation for:
    Module header
    ParseError (Options/Applicative/Types.hs:60)
    PrefsMod (Options/Applicative/Builder.hs:391)
    multiSuffix (Options/Applicative/Builder.hs:401)
    disambiguate (Options/Applicative/Builder.hs:404)
    showHelpOnError (Options/Applicative/Builder.hs:407)
    showHelpOnEmpty (Options/Applicative/Builder.hs:410)
    noBacktrack (Options/Applicative/Builder.hs:413)
    columns (Options/Applicative/Builder.hs:416)
    prefs (Options/Applicative/Builder.hs:419)
    OptionFields (Options/Applicative/Builder/Internal.hs:34)
    FlagFields (Options/Applicative/Builder/Internal.hs:39)
    ArgumentFields (Options/Applicative/Builder/Internal.hs:47)
    CommandFields (Options/Applicative/Builder/Internal.hs:43)
  50% (  1 /  2) in 'Options.Applicative.BashCompletion'
  Missing documentation for:
    bashCompletionParser (Options/Applicative/BashCompletion.hs:21)
  74% ( 14 / 19) in 'Options.Applicative.Extra'
  Missing documentation for:
    Module header
    renderFailure (Options/Applicative/Extra.hs:194)
    ParserFailure (Options/Applicative/Types.hs:276)
    overFailure (Options/Applicative/Types.hs:301)
    CompletionResult (Options/Applicative/Types.hs:269)
  93% ( 13 / 14) in 'Options.Applicative'
  Missing documentation for:
    Module header
 100% (  6 /  6) in 'Options.Applicative.Arrows'
Documentation created:
.stack-work/dist/x86_64-osx/Cabal-1.24.2.0/doc/html/optparse-applicative/index.html,
.stack-work/dist/x86_64-osx/Cabal-1.24.2.0/doc/html/optparse-applicative/optparse-applicative.txt
Installing library in
/Users/daidohinari/.stack/snapshots/x86_64-osx/lts-8.5/8.0.2/lib/x86_64-osx-ghc-8.0.2/optparse-applicative-0.13.2.0-34EUj6Bj0pDLtYR0AoQs8j
Registering optparse-applicative-0.13.2.0...
