Configuring optparse-applicative-0.14.3.0...
Preprocessing library for optparse-applicative-0.14.3.0..
Building library for optparse-applicative-0.14.3.0..
[ 1 of 16] Compiling Options.Applicative.Help.Levenshtein ( Options/Applicative/Help/Levenshtein.hs, .stack-work/dist/x86_64-osx/Cabal-2.4.0.1/build/Options/Applicative/Help/Levenshtein.o )
[ 2 of 16] Compiling Options.Applicative.Help.Pretty ( Options/Applicative/Help/Pretty.hs, .stack-work/dist/x86_64-osx/Cabal-2.4.0.1/build/Options/Applicative/Help/Pretty.o )
[ 3 of 16] Compiling Options.Applicative.Help.Chunk ( Options/Applicative/Help/Chunk.hs, .stack-work/dist/x86_64-osx/Cabal-2.4.0.1/build/Options/Applicative/Help/Chunk.o )
[ 4 of 16] Compiling Options.Applicative.Help.Types ( Options/Applicative/Help/Types.hs, .stack-work/dist/x86_64-osx/Cabal-2.4.0.1/build/Options/Applicative/Help/Types.o )
[ 5 of 16] Compiling Options.Applicative.Types ( Options/Applicative/Types.hs, .stack-work/dist/x86_64-osx/Cabal-2.4.0.1/build/Options/Applicative/Types.o )
[ 6 of 16] Compiling Options.Applicative.Internal ( Options/Applicative/Internal.hs, .stack-work/dist/x86_64-osx/Cabal-2.4.0.1/build/Options/Applicative/Internal.o )
[ 7 of 16] Compiling Options.Applicative.Common ( Options/Applicative/Common.hs, .stack-work/dist/x86_64-osx/Cabal-2.4.0.1/build/Options/Applicative/Common.o )
[ 8 of 16] Compiling Options.Applicative.Help.Core ( Options/Applicative/Help/Core.hs, .stack-work/dist/x86_64-osx/Cabal-2.4.0.1/build/Options/Applicative/Help/Core.o )
[ 9 of 16] Compiling Options.Applicative.Help ( Options/Applicative/Help.hs, .stack-work/dist/x86_64-osx/Cabal-2.4.0.1/build/Options/Applicative/Help.o )
[10 of 16] Compiling Options.Applicative.Builder.Internal ( Options/Applicative/Builder/Internal.hs, .stack-work/dist/x86_64-osx/Cabal-2.4.0.1/build/Options/Applicative/Builder/Internal.o )
[11 of 16] Compiling Options.Applicative.Builder.Completer ( Options/Applicative/Builder/Completer.hs, .stack-work/dist/x86_64-osx/Cabal-2.4.0.1/build/Options/Applicative/Builder/Completer.o )
[12 of 16] Compiling Options.Applicative.Builder ( Options/Applicative/Builder.hs, .stack-work/dist/x86_64-osx/Cabal-2.4.0.1/build/Options/Applicative/Builder.o )

[;1mOptions/Applicative/Builder.hs:105:1: [;1m[35mwarning:[0m[0m[;1m [[;1m[35m-Wunused-imports[0m[0m[;1m][0m[0m[;1m
    The import of ‘Data.Semigroup’ is redundant
      except perhaps to import instances from ‘Data.Semigroup’
    To import instances alone, use: import Data.Semigroup()[0m[0m
[;1m[34m    |[0m[0m
[;1m[34m105 |[0m[0m [;1m[35mimport Data.Semigroup hiding (option)[0m[0m
[;1m[34m    |[0m[0m[;1m[35m ^^^^^^^^^^^^^^^^^^^^^^^^^^^^^^^^^^^^^[0m[0m
[0m[0m[0m[13 of 16] Compiling Options.Applicative.BashCompletion ( Options/Applicative/BashCompletion.hs, .stack-work/dist/x86_64-osx/Cabal-2.4.0.1/build/Options/Applicative/BashCompletion.o )
[14 of 16] Compiling Options.Applicative.Extra ( Options/Applicative/Extra.hs, .stack-work/dist/x86_64-osx/Cabal-2.4.0.1/build/Options/Applicative/Extra.o )
[15 of 16] Compiling Options.Applicative ( Options/Applicative.hs, .stack-work/dist/x86_64-osx/Cabal-2.4.0.1/build/Options/Applicative.o )
[16 of 16] Compiling Options.Applicative.Arrows ( Options/Applicative/Arrows.hs, .stack-work/dist/x86_64-osx/Cabal-2.4.0.1/build/Options/Applicative/Arrows.o )
Preprocessing library for optparse-applicative-0.14.3.0..
Running Haddock on library for optparse-applicative-0.14.3.0..

Options/Applicative/Builder.hs:105:1: warning: [-Wunused-imports]
    The import of ‘Data.Semigroup’ is redundant
      except perhaps to import instances from ‘Data.Semigroup’
    To import instances alone, use: import Data.Semigroup()
    |
105 | import Data.Semigroup hiding (option)
    | ^^^^^^^^^^^^^^^^^^^^^^^^^^^^^^^^^^^^^
Haddock coverage:
  50% (  1 /  2) in 'Options.Applicative.Help.Levenshtein'
  Missing documentation for:
    Module header
  96% (111 /116) in 'Options.Applicative.Help.Pretty'
  Missing documentation for:
    Module header
    nesting
    column
    width
    .$. (Options/Applicative/Help/Pretty.hs:9)
Warning: 'a' is out of scope.
    If you qualify the identifier, haddock can try to link it
    it anyway.
  86% ( 12 / 14) in 'Options.Applicative.Help.Chunk'
  Missing documentation for:
    Module header
    mappendWith (Options/Applicative/Help/Chunk.hs:25)
  33% (  1 /  3) in 'Options.Applicative.Help.Types'
  Missing documentation for:
    Module header
    ParserHelp (Options/Applicative/Help/Types.hs:12)
Warning: 'name' is out of scope.
    If you qualify the identifier, haddock can try to link it
    it anyway.
Warning: 'a' is out of scope.
    If you qualify the identifier, haddock can try to link it
    it anyway.
Warning: 'execParserPure' is out of scope.
    If you qualify the identifier, haddock can try to link it
    it anyway.
  41% ( 16 / 39) in 'Options.Applicative.Types'
  Missing documentation for:
    Module header
    ParseError (Options/Applicative/Types.hs:62)
    OptName (Options/Applicative/Types.hs:113)
    CReader (Options/Applicative/Types.hs:199)
    ParserM (Options/Applicative/Types.hs:242)
    CompletionResult (Options/Applicative/Types.hs:294)
    ParserFailure (Options/Applicative/Types.hs:301)
    overFailure (Options/Applicative/Types.hs:326)
    Args (Options/Applicative/Types.hs:343)
    OptHelpInfo (Options/Applicative/Types.hs:370)
    OptTree (Options/Applicative/Types.hs:377)
    ParserHelp (Options/Applicative/Help/Types.hs:12)
    SomeParser (Options/Applicative/Types.hs:148)
    IsCmdStart (Options/Applicative/Types.hs:71)
    fromM (Options/Applicative/Types.hs:256)
    oneM (Options/Applicative/Types.hs:259)
    manyM (Options/Applicative/Types.hs:262)
    someM (Options/Applicative/Types.hs:269)
    optVisibility (Options/Applicative/Types.hs:383)
    optMetaVar (Options/Applicative/Types.hs:389)
    optHelp (Options/Applicative/Types.hs:386)
    optShowDefault (Options/Applicative/Types.hs:392)
    optDescMod (Options/Applicative/Types.hs:395)
   0% (  0 / 20) in 'Options.Applicative.Internal'
  Missing documentation for:
    Module header
    P (Options/Applicative/Internal.hs:49)
    MonadP (Options/Applicative/Internal.hs:40)
    ParseError (Options/Applicative/Types.hs:62)
    uncons (Options/Applicative/Internal.hs:93)
    hoistMaybe (Options/Applicative/Internal.hs:84)
    hoistEither (Options/Applicative/Internal.hs:87)
    runReadM (Options/Applicative/Internal.hs:97)
    withReadM (Options/Applicative/Internal.hs:100)
    runP (Options/Applicative/Internal.hs:90)
    Completion (Options/Applicative/Internal.hs:125)
    runCompletion (Options/Applicative/Internal.hs:156)
    contextNames (Options/Applicative/Internal.hs:70)
    ListT (Options/Applicative/Internal.hs:164)
    takeListT (Options/Applicative/Internal.hs:178)
    runListT (Options/Applicative/Internal.hs:182)
    NondetT (Options/Applicative/Internal.hs:223)
    cut (Options/Applicative/Internal.hs:254)
    <!> (Options/Applicative/Internal.hs:248)
    disamb (Options/Applicative/Internal.hs:257)
  72% ( 13 / 18) in 'Options.Applicative.Common'
  Missing documentation for:
    Module header
    showOption (Options/Applicative/Common.hs:64)
    runParserInfo (Options/Applicative/Common.hs:228)
    runParserFully (Options/Applicative/Common.hs:231)
    optionNames (Options/Applicative/Common.hs:68)
  40% (  6 / 15) in 'Options.Applicative.Help.Core'
  Missing documentation for:
    Module header
    fold_tree (Options/Applicative/Help/Core.hs:102)
    ParserHelp (Options/Applicative/Help/Types.hs:12)
    errorHelp (Options/Applicative/Help/Core.hs:134)
    headerHelp (Options/Applicative/Help/Core.hs:137)
    suggestionsHelp (Options/Applicative/Help/Core.hs:140)
    usageHelp (Options/Applicative/Help/Core.hs:143)
    bodyHelp (Options/Applicative/Help/Core.hs:146)
    footerHelp (Options/Applicative/Help/Core.hs:149)
  92% ( 11 / 12) in 'Options.Applicative.Help'
  Missing documentation for:
    Module header
Warning: 'strOption' is out of scope.
    If you qualify the identifier, haddock can try to link it
    it anyway.
Warning: 'flag' is out of scope.
    If you qualify the identifier, haddock can try to link it
    it anyway.
  20% (  4 / 20) in 'Options.Applicative.Builder.Internal'
  Missing documentation for:
    Module header
    HasName (Options/Applicative/Builder/Internal.hs:50)
    HasCompleter (Options/Applicative/Builder/Internal.hs:59)
    HasValue (Options/Applicative/Builder/Internal.hs:68)
    HasMetavar (Options/Applicative/Builder/Internal.hs:76)
    OptionFields (Options/Applicative/Builder/Internal.hs:34)
    FlagFields (Options/Applicative/Builder/Internal.hs:39)
    CommandFields (Options/Applicative/Builder/Internal.hs:43)
    ArgumentFields (Options/Applicative/Builder/Internal.hs:47)
    DefaultProp (Options/Applicative/Builder/Internal.hs:87)
    optionMod (Options/Applicative/Builder/Internal.hs:128)
    fieldMod (Options/Applicative/Builder/Internal.hs:131)
    mkCommand (Options/Applicative/Builder/Internal.hs:153)
    mkParser (Options/Applicative/Builder/Internal.hs:159)
    mkOption (Options/Applicative/Builder/Internal.hs:167)
    mkProps (Options/Applicative/Builder/Internal.hs:173)
  83% (  5 /  6) in 'Options.Applicative.Builder.Completer'
  Missing documentation for:
    Module header
Warning: 'Option' is ambiguous. It is defined
    * in ‘Data.Semigroup’
    * at Options/Applicative/Types.hs:143:17
    * in ‘Data.Semigroup’
    * at Options/Applicative/Types.hs:143:1
    You may be able to disambiguate the identifier by qualifying it or
    by hiding some imports.
    Defaulting to 'Option' defined at Options/Applicative/Types.hs:143:1
  86% ( 68 / 79) in 'Options.Applicative.Builder'
  Missing documentation for:
    Module header
    ParseError (Options/Applicative/Types.hs:62)
    PrefsMod (Options/Applicative/Builder.hs:452)
    OptionFields (Options/Applicative/Builder/Internal.hs:34)
    FlagFields (Options/Applicative/Builder/Internal.hs:39)
    ArgumentFields (Options/Applicative/Builder/Internal.hs:47)
    CommandFields (Options/Applicative/Builder/Internal.hs:43)
    HasName (Options/Applicative/Builder/Internal.hs:50)
    HasCompleter (Options/Applicative/Builder/Internal.hs:59)
    HasValue (Options/Applicative/Builder/Internal.hs:68)
    HasMetavar (Options/Applicative/Builder/Internal.hs:76)
  50% (  1 /  2) in 'Options.Applicative.BashCompletion'
  Missing documentation for:
    bashCompletionParser (Options/Applicative/BashCompletion.hs:34)
  74% ( 14 / 19) in 'Options.Applicative.Extra'
  Missing documentation for:
    Module header
    renderFailure (Options/Applicative/Extra.hs:287)
    ParserFailure (Options/Applicative/Types.hs:301)
    overFailure (Options/Applicative/Types.hs:326)
    CompletionResult (Options/Applicative/Types.hs:294)
Warning: 'ByteString' is out of scope.
    If you qualify the identifier, haddock can try to link it
    it anyway.
Warning: 'Text' is out of scope.
    If you qualify the identifier, haddock can try to link it
    it anyway.
Warning: 'Parsec' is out of scope.
    If you qualify the identifier, haddock can try to link it
    it anyway.
  86% (100 /116) in 'Options.Applicative'
  Missing documentation for:
    Module header
    OptionFields (Options/Applicative/Builder/Internal.hs:34)
    FlagFields (Options/Applicative/Builder/Internal.hs:39)
    ArgumentFields (Options/Applicative/Builder/Internal.hs:47)
    CommandFields (Options/Applicative/Builder/Internal.hs:43)
    HasName (Options/Applicative/Builder/Internal.hs:50)
    HasCompleter (Options/Applicative/Builder/Internal.hs:59)
    HasValue (Options/Applicative/Builder/Internal.hs:68)
    HasMetavar (Options/Applicative/Builder/Internal.hs:76)
    renderFailure (Options/Applicative/Extra.hs:287)
    overFailure (Options/Applicative/Types.hs:326)
    PrefsMod (Options/Applicative/Builder.hs:452)
    ParseError (Options/Applicative/Types.hs:62)
    ParserHelp (Options/Applicative/Help/Types.hs:12)
    ParserFailure (Options/Applicative/Types.hs:301)
    CompletionResult (Options/Applicative/Types.hs:294)
 100% (  6 /  6) in 'Options.Applicative.Arrows'
Documentation created:
.stack-work/dist/x86_64-osx/Cabal-2.4.0.1/doc/html/optparse-applicative/index.html,
.stack-work/dist/x86_64-osx/Cabal-2.4.0.1/doc/html/optparse-applicative/optparse-applicative.txt
Installing library in /Users/daidohinari/.stack/snapshots/x86_64-osx/lts-14.1/8.6.5/lib/x86_64-osx-ghc-8.6.5/optparse-applicative-0.14.3.0-GK49BTAfesRFoute4BNmFE
Registering library for optparse-applicative-0.14.3.0..
