Configuring resourcet-1.1.9...
Building resourcet-1.1.9...
Preprocessing library resourcet-1.1.9...
[1 of 4] Compiling Data.Acquire.Internal ( Data/Acquire/Internal.hs, .stack-work/dist/x86_64-osx/Cabal-1.24.2.0/build/Data/Acquire/Internal.o )
[2 of 4] Compiling Control.Monad.Trans.Resource.Internal ( Control/Monad/Trans/Resource/Internal.hs, .stack-work/dist/x86_64-osx/Cabal-1.24.2.0/build/Control/Monad/Trans/Resource/Internal.o )

Control/Monad/Trans/Resource/Internal.hs:50:1: warning: [-Wdeprecations]
    Module ‘Control.Monad.Trans.Error’ is deprecated:
      Use Control.Monad.Trans.Except instead

Control/Monad/Trans/Resource/Internal.hs:77:1: warning: [-Wdodgy-imports]
    Module ‘Prelude’ does not export ‘catch’

Control/Monad/Trans/Resource/Internal.hs:297:11: warning: [-Wdeprecations]
    In the use of type constructor or class ‘Error’
    (imported from Control.Monad.Trans.Error):
    Deprecated: "Use Control.Monad.Trans.Except instead"

Control/Monad/Trans/Resource/Internal.hs:297:56: warning: [-Wdeprecations]
    In the use of type constructor or class ‘ErrorT’
    (imported from Control.Monad.Trans.Error):
    Deprecated: "Use Control.Monad.Trans.Except instead"
[3 of 4] Compiling Control.Monad.Trans.Resource ( Control/Monad/Trans/Resource.hs, .stack-work/dist/x86_64-osx/Cabal-1.24.2.0/build/Control/Monad/Trans/Resource.o )

Control/Monad/Trans/Resource.hs:55:7: warning: [-Wdodgy-exports]
    The export item ‘ExceptionT(..)’ suggests that
    ‘ExceptionT’ has (in-scope) constructors or class methods,
    but it has none

Control/Monad/Trans/Resource.hs:65:1: warning: [-Wunused-imports]
    The import of ‘throw’ from module ‘Control.Exception’ is redundant

Control/Monad/Trans/Resource.hs:74:1: warning: [-Wunused-imports]
    The import of ‘Data.Monoid’ is redundant
      except perhaps to import instances from ‘Data.Monoid’
    To import instances alone, use: import Data.Monoid()

Control/Monad/Trans/Resource.hs:207:1: warning: [-Wunused-top-binds]
    Defined but not used: ‘finally’
[4 of 4] Compiling Data.Acquire     ( Data/Acquire.hs, .stack-work/dist/x86_64-osx/Cabal-1.24.2.0/build/Data/Acquire.o )

Data/Acquire.hs:16:1: warning: [-Wunused-imports]
    The import of ‘Control.Monad.Trans.Resource’ is redundant
      except perhaps to import instances from ‘Control.Monad.Trans.Resource’
    To import instances alone, use: import Control.Monad.Trans.Resource()

Data/Acquire.hs:18:1: warning: [-Wunused-imports]
    The import of ‘Control.Applicative’ is redundant
      except perhaps to import instances from ‘Control.Applicative’
    To import instances alone, use: import Control.Applicative()

Data/Acquire.hs:19:1: warning: [-Wunused-imports]
    The import of ‘Control.Monad.Base’ is redundant
      except perhaps to import instances from ‘Control.Monad.Base’
    To import instances alone, use: import Control.Monad.Base()

Data/Acquire.hs:21:1: warning: [-Wunused-imports]
    The import of ‘Control.Monad.Trans.Control’ is redundant
      except perhaps to import instances from ‘Control.Monad.Trans.Control’
    To import instances alone, use: import Control.Monad.Trans.Control()

Data/Acquire.hs:23:1: warning: [-Wunused-imports]
    The import of ‘Data.Typeable’ is redundant
      except perhaps to import instances from ‘Data.Typeable’
    To import instances alone, use: import Data.Typeable()

Data/Acquire.hs:24:1: warning: [-Wunused-imports]
    The import of ‘Control.Monad’ is redundant
      except perhaps to import instances from ‘Control.Monad’
    To import instances alone, use: import Control.Monad()
Running Haddock for resourcet-1.1.9...
Preprocessing library resourcet-1.1.9...

Control/Monad/Trans/Resource/Internal.hs:50:1: warning: [-Wdeprecations]
    Module ‘Control.Monad.Trans.Error’ is deprecated:
      Use Control.Monad.Trans.Except instead

Control/Monad/Trans/Resource/Internal.hs:77:1: warning: [-Wdodgy-imports]
    Module ‘Prelude’ does not export ‘catch’

Control/Monad/Trans/Resource/Internal.hs:297:11: warning: [-Wdeprecations]
    In the use of type constructor or class ‘Error’
    (imported from Control.Monad.Trans.Error):
    Deprecated: "Use Control.Monad.Trans.Except instead"

Control/Monad/Trans/Resource/Internal.hs:297:56: warning: [-Wdeprecations]
    In the use of type constructor or class ‘ErrorT’
    (imported from Control.Monad.Trans.Error):
    Deprecated: "Use Control.Monad.Trans.Except instead"

Control/Monad/Trans/Resource.hs:55:7: warning: [-Wdodgy-exports]
    The export item ‘ExceptionT(..)’ suggests that
    ‘ExceptionT’ has (in-scope) constructors or class methods,
    but it has none

Control/Monad/Trans/Resource.hs:65:1: warning: [-Wunused-imports]
    The import of ‘throw’ from module ‘Control.Exception’ is redundant

Control/Monad/Trans/Resource.hs:74:1: warning: [-Wunused-imports]
    The import of ‘Data.Monoid’ is redundant
      except perhaps to import instances from ‘Data.Monoid’
    To import instances alone, use: import Data.Monoid()

Control/Monad/Trans/Resource.hs:207:1: warning: [-Wunused-top-binds]
    Defined but not used: ‘finally’

Data/Acquire.hs:16:1: warning: [-Wunused-imports]
    The import of ‘Control.Monad.Trans.Resource’ is redundant
      except perhaps to import instances from ‘Control.Monad.Trans.Resource’
    To import instances alone, use: import Control.Monad.Trans.Resource()

Data/Acquire.hs:18:1: warning: [-Wunused-imports]
    The import of ‘Control.Applicative’ is redundant
      except perhaps to import instances from ‘Control.Applicative’
    To import instances alone, use: import Control.Applicative()

Data/Acquire.hs:19:1: warning: [-Wunused-imports]
    The import of ‘Control.Monad.Base’ is redundant
      except perhaps to import instances from ‘Control.Monad.Base’
    To import instances alone, use: import Control.Monad.Base()

Data/Acquire.hs:21:1: warning: [-Wunused-imports]
    The import of ‘Control.Monad.Trans.Control’ is redundant
      except perhaps to import instances from ‘Control.Monad.Trans.Control’
    To import instances alone, use: import Control.Monad.Trans.Control()

Data/Acquire.hs:23:1: warning: [-Wunused-imports]
    The import of ‘Data.Typeable’ is redundant
      except perhaps to import instances from ‘Data.Typeable’
    To import instances alone, use: import Data.Typeable()

Data/Acquire.hs:24:1: warning: [-Wunused-imports]
    The import of ‘Control.Monad’ is redundant
      except perhaps to import instances from ‘Control.Monad’
    To import instances alone, use: import Control.Monad()
Haddock coverage:
  75% (  6 /  8) in 'Data.Acquire.Internal'
  Missing documentation for:
    Module header
    Allocated (Data/Acquire/Internal.hs:36)
  58% (  7 / 12) in 'Control.Monad.Trans.Resource.Internal'
  Missing documentation for:
    Module header
    ReleaseMap (Control/Monad/Trans/Resource/Internal.hs:110)
    stateAlloc (Control/Monad/Trans/Resource/Internal.hs:312)
    stateCleanup (Control/Monad/Trans/Resource/Internal.hs:320)
    register' (Control/Monad/Trans/Resource/Internal.hs:338)
  98% ( 41 / 42) in 'Control.Monad.Trans.Resource'
  Missing documentation for:
    MonadBaseControl
 100% (  8 /  8) in 'Data.Acquire'
Warning: Control.Monad.Trans.Resource.Internal: could not find link destinations for:
    NextKey RefCount
Warning: Control.Monad.Trans.Resource: could not find link destinations for:
    ~
Documentation created:
.stack-work/dist/x86_64-osx/Cabal-1.24.2.0/doc/html/resourcet/index.html,
.stack-work/dist/x86_64-osx/Cabal-1.24.2.0/doc/html/resourcet/resourcet.txt
Installing library in
/Users/daidohinari/.stack/snapshots/x86_64-osx/lts-8.5/8.0.2/lib/x86_64-osx-ghc-8.0.2/resourcet-1.1.9-Ej57FoSD8NQLck5u9CwWz8
Registering resourcet-1.1.9...
