Configuring shelly-1.8.1...
Preprocessing library for shelly-1.8.1..
Building library for shelly-1.8.1..
[1 of 7] Compiling Shelly.Base      ( src/Shelly/Base.hs, .stack-work/dist/x86_64-osx/Cabal-2.4.0.1/build/Shelly/Base.o )

[;1msrc/Shelly/Base.hs:41:1: [;1m[35mwarning:[0m[0m[;1m [[;1m[35m-Wunused-imports[0m[0m[;1m][0m[0m[;1m
    The import of ‘ProcessHandle’
    from module ‘System.Process’ is redundant[0m[0m
[;1m[34m   |[0m[0m
[;1m[34m41 |[0m[0m [;1m[35mimport System.Process( ProcessHandle, StdStream(..) )[0m[0m
[;1m[34m   |[0m[0m[;1m[35m ^^^^^^^^^^^^^^^^^^^^^^^^^^^^^^^^^^^^^^^^^^^^^^^^^^^^^[0m[0m
[0m[0m[0m
[;1msrc/Shelly/Base.hs:44:1: [;1m[35mwarning:[0m[0m[;1m [[;1m[35m-Wunused-imports[0m[0m[;1m][0m[0m[;1m
    The import of ‘liftM’ from module ‘Control.Monad’ is redundant[0m[0m
[;1m[34m   |[0m[0m
[;1m[34m44 |[0m[0m [;1m[35mimport Control.Monad (when, (>=>),[0m[0m
[;1m[34m   |[0m[0m[;1m[35m ^^^^^^^^^^^^^^^^^^^^^^^^^^^^^^^^^^...[0m[0m
[0m[0m[0m[2 of 7] Compiling Shelly.Directory ( src/Shelly/Directory.hs, .stack-work/dist/x86_64-osx/Cabal-2.4.0.1/build/Shelly/Directory.o )

[;1msrc/Shelly/Directory.hs:5:1: [;1m[35mwarning:[0m[0m[;1m [[;1m[35m-Wunused-imports[0m[0m[;1m][0m[0m[;1m
    The qualified import of ‘Filesystem.Path.CurrentOS’ is redundant
      except perhaps to import instances from ‘Filesystem.Path.CurrentOS’
    To import instances alone, use: import Filesystem.Path.CurrentOS()[0m[0m
[;1m[34m  |[0m[0m
[;1m[34m5 |[0m[0m [;1m[35mimport qualified Filesystem.Path.CurrentOS as FP[0m[0m
[;1m[34m  |[0m[0m[;1m[35m ^^^^^^^^^^^^^^^^^^^^^^^^^^^^^^^^^^^^^^^^^^^^^^^^[0m[0m
[0m[0m[0m[3 of 7] Compiling Shelly.Find      ( src/Shelly/Find.hs, .stack-work/dist/x86_64-osx/Cabal-2.4.0.1/build/Shelly/Find.o )

[;1msrc/Shelly/Find.hs:67:5: [;1m[35mwarning:[0m[0m[;1m [[;1m[35m-Wname-shadowing[0m[0m[;1m][0m[0m[;1m
    This binding for ‘traverse’ shadows the existing binding
      imported from ‘Prelude’ at src/Shelly/Find.hs:11:1-32
      (and originally defined in ‘Data.Traversable’)[0m[0m
[;1m[34m   |[0m[0m
[;1m[34m67 |[0m[0m     [;1m[35mtraverse[0m[0m acc (relativePath, absolutePath) = do
[;1m[34m   |[0m[0m[;1m[35m     ^^^^^^^^[0m[0m
[0m[0m[0m[4 of 7] Compiling Shelly           ( src/Shelly.hs, .stack-work/dist/x86_64-osx/Cabal-2.4.0.1/build/Shelly.o )

[;1msrc/Shelly.hs:107:1: [;1m[35mwarning:[0m[0m[;1m [[;1m[35m-Wunused-imports[0m[0m[;1m][0m[0m[;1m
    The import of ‘toLower’ from module ‘Data.Char’ is redundant[0m[0m
[;1m[34m    |[0m[0m
[;1m[34m107 |[0m[0m [;1m[35mimport Data.Char ( isAlphaNum, isSpace, toLower )[0m[0m
[;1m[34m    |[0m[0m[;1m[35m ^^^^^^^^^^^^^^^^^^^^^^^^^^^^^^^^^^^^^^^^^^^^^^^^^[0m[0m
[0m[0m[0m
[;1msrc/Shelly.hs:132:1: [;1m[35mwarning:[0m[0m[;1m [[;1m[35m-Wunused-imports[0m[0m[;1m][0m[0m[;1m
    The import of ‘Monoid’ from module ‘Data.Monoid’ is redundant[0m[0m
[;1m[34m    |[0m[0m
[;1m[34m132 |[0m[0m [;1m[35mimport Data.Monoid (Monoid, mempty, mappend)[0m[0m
[;1m[34m    |[0m[0m[;1m[35m ^^^^^^^^^^^^^^^^^^^^^^^^^^^^^^^^^^^^^^^^^^^^[0m[0m
[0m[0m[0m
[;1msrc/Shelly.hs:388:5: [;1m[35mwarning:[0m[0m[;1m [[;1m[35m-Wincomplete-patterns[0m[0m[;1m][0m[0m[;1m
    Pattern match(es) are non-exhaustive
    In an equation for ‘toHandle’:
        Patterns not matched: (Just NoStream)[0m[0m
[;1m[34m    |[0m[0m
[;1m[34m388 |[0m[0m     [;1m[35mtoHandle (Just (UseHandle h)) = Just h[0m[0m
[;1m[34m    |[0m[0m[;1m[35m     ^^^^^^^^^^^^^^^^^^^^^^^^^^^^^^^^^^^^^^...[0m[0m
[0m[0m[0m
[;1msrc/Shelly.hs:800:1: [;1m[35mwarning:[0m[0m[;1m [[;1m[35m-Wunused-top-binds[0m[0m[;1m][0m[0m[;1m
    Defined but not used: ‘normalizeEnvVarNameString’[0m[0m
[;1m[34m    |[0m[0m
[;1m[34m800 |[0m[0m [;1m[35mnormalizeEnvVarNameString[0m[0m = id
[;1m[34m    |[0m[0m[;1m[35m ^^^^^^^^^^^^^^^^^^^^^^^^^[0m[0m
[0m[0m[0m[5 of 7] Compiling Shelly.Lifted    ( src/Shelly/Lifted.hs, .stack-work/dist/x86_64-osx/Cabal-2.4.0.1/build/Shelly/Lifted.o )

[;1msrc/Shelly/Lifted.hs:105:1: [;1m[35mwarning:[0m[0m[;1m [[;1m[35m-Wunused-imports[0m[0m[;1m][0m[0m[;1m
    The import of ‘Data.Monoid’ is redundant
      except perhaps to import instances from ‘Data.Monoid’
    To import instances alone, use: import Data.Monoid()[0m[0m
[;1m[34m    |[0m[0m
[;1m[34m105 |[0m[0m [;1m[35mimport Data.Monoid[0m[0m
[;1m[34m    |[0m[0m[;1m[35m ^^^^^^^^^^^^^^^^^^[0m[0m
[0m[0m[0m
[;1msrc/Shelly/Lifted.hs:115:1: [;1m[35mwarning:[0m[0m[;1m [[;1m[35m-Wdeprecations[0m[0m[;1m][0m[0m[;1m
    Module ‘Control.Monad.Trans.List’ is deprecated:
      This transformer is invalid on most monads[0m[0m
[;1m[34m    |[0m[0m
[;1m[34m115 |[0m[0m [;1m[35mimport Control.Monad.Trans.List[0m[0m
[;1m[34m    |[0m[0m[;1m[35m ^^^^^^^^^^^^^^^^^^^^^^^^^^^^^^^[0m[0m
[0m[0m[0m
[;1msrc/Shelly/Lifted.hs:118:1: [;1m[35mwarning:[0m[0m[;1m [[;1m[35m-Wdeprecations[0m[0m[;1m][0m[0m[;1m
    Module ‘Control.Monad.Trans.Error’ is deprecated:
      Use Control.Monad.Trans.Except instead[0m[0m
[;1m[34m    |[0m[0m
[;1m[34m118 |[0m[0m [;1m[35mimport Control.Monad.Trans.Error[0m[0m
[;1m[34m    |[0m[0m[;1m[35m ^^^^^^^^^^^^^^^^^^^^^^^^^^^^^^^^[0m[0m
[0m[0m[0m
[;1msrc/Shelly/Lifted.hs:135:32: [;1m[35mwarning:[0m[0m[;1m [[;1m[35m-Wdeprecations[0m[0m[;1m][0m[0m[;1m
    In the use of type constructor or class ‘ListT’
    (imported from Control.Monad.Trans.List):
    Deprecated: "This transformer is invalid on most monads"[0m[0m
[;1m[34m    |[0m[0m
[;1m[34m135 |[0m[0m instance MonadSh m => MonadSh ([;1m[35mListT[0m[0m m) where
[;1m[34m    |[0m[0m[;1m[35m                                ^^^^^[0m[0m
[0m[0m[0m
[;1msrc/Shelly/Lifted.hs:136:16: [;1m[35mwarning:[0m[0m[;1m [[;1m[35m-Wdeprecations[0m[0m[;1m][0m[0m[;1m
    In the use of data constructor ‘ListT’
    (imported from Control.Monad.Trans.List):
    Deprecated: "This transformer is invalid on most monads"[0m[0m
[;1m[34m    |[0m[0m
[;1m[34m136 |[0m[0m     liftSh m = [;1m[35mListT[0m[0m $ do
[;1m[34m    |[0m[0m[;1m[35m                ^^^^^[0m[0m
[0m[0m[0m
[;1msrc/Shelly/Lifted.hs:143:11: [;1m[35mwarning:[0m[0m[;1m [[;1m[35m-Wdeprecations[0m[0m[;1m][0m[0m[;1m
    In the use of type constructor or class ‘Error’
    (imported from Control.Monad.Trans.Error):
    Deprecated: "Use Control.Monad.Trans.Except instead"[0m[0m
[;1m[34m    |[0m[0m
[;1m[34m143 |[0m[0m instance ([;1m[35mError[0m[0m e, MonadSh m) => MonadSh (ErrorT e m) where
[;1m[34m    |[0m[0m[;1m[35m           ^^^^^[0m[0m
[0m[0m[0m
[;1msrc/Shelly/Lifted.hs:143:43: [;1m[35mwarning:[0m[0m[;1m [[;1m[35m-Wdeprecations[0m[0m[;1m][0m[0m[;1m
    In the use of type constructor or class ‘ErrorT’
    (imported from Control.Monad.Trans.Error):
    Deprecated: "Use Control.Monad.Trans.Except instead"[0m[0m
[;1m[34m    |[0m[0m
[;1m[34m143 |[0m[0m instance (Error e, MonadSh m) => MonadSh ([;1m[35mErrorT[0m[0m e m) where
[;1m[34m    |[0m[0m[;1m[35m                                           ^^^^^^[0m[0m
[0m[0m[0m
[;1msrc/Shelly/Lifted.hs:144:16: [;1m[35mwarning:[0m[0m[;1m [[;1m[35m-Wdeprecations[0m[0m[;1m][0m[0m[;1m
    In the use of data constructor ‘ErrorT’
    (imported from Control.Monad.Trans.Error):
    Deprecated: "Use Control.Monad.Trans.Except instead"[0m[0m
[;1m[34m    |[0m[0m
[;1m[34m144 |[0m[0m     liftSh m = [;1m[35mErrorT[0m[0m $ do
[;1m[34m    |[0m[0m[;1m[35m                ^^^^^^[0m[0m
[0m[0m[0m
[;1msrc/Shelly/Lifted.hs:195:46: [;1m[35mwarning:[0m[0m[;1m [[;1m[35m-Wdeprecations[0m[0m[;1m][0m[0m[;1m
    In the use of type constructor or class ‘ListT’
    (imported from Control.Monad.Trans.List):
    Deprecated: "This transformer is invalid on most monads"[0m[0m
[;1m[34m    |[0m[0m
[;1m[34m195 |[0m[0m instance MonadShControl m => MonadShControl ([;1m[35mListT[0m[0m m) where
[;1m[34m    |[0m[0m[;1m[35m                                              ^^^^^[0m[0m
[0m[0m[0m
[;1msrc/Shelly/Lifted.hs:196:18: [;1m[35mwarning:[0m[0m[;1m [[;1m[35m-Wdeprecations[0m[0m[;1m][0m[0m[;1m
    In the use of type constructor or class ‘ListT’
    (imported from Control.Monad.Trans.List):
    Deprecated: "This transformer is invalid on most monads"[0m[0m
[;1m[34m    |[0m[0m
[;1m[34m196 |[0m[0m     newtype ShM ([;1m[35mListT[0m[0m m) a = ListTShM (ShM m [a])
[;1m[34m    |[0m[0m[;1m[35m                  ^^^^^[0m[0m
[0m[0m[0m
[;1msrc/Shelly/Lifted.hs:198:9: [;1m[35mwarning:[0m[0m[;1m [[;1m[35m-Wdeprecations[0m[0m[;1m][0m[0m[;1m
    In the use of data constructor ‘ListT’
    (imported from Control.Monad.Trans.List):
    Deprecated: "This transformer is invalid on most monads"[0m[0m
[;1m[34m    |[0m[0m
[;1m[34m198 |[0m[0m         [;1m[35mListT[0m[0m $ liftM return $ liftShWith $ \runInSh -> f $ \k ->
[;1m[34m    |[0m[0m[;1m[35m         ^^^^^[0m[0m
[0m[0m[0m
[;1msrc/Shelly/Lifted.hs:199:40: [;1m[35mwarning:[0m[0m[;1m [[;1m[35m-Wdeprecations[0m[0m[;1m][0m[0m[;1m
    In the use of ‘runListT’ (imported from Control.Monad.Trans.List):
    Deprecated: "This transformer is invalid on most monads"[0m[0m
[;1m[34m    |[0m[0m
[;1m[34m199 |[0m[0m             liftM ListTShM $ runInSh $ [;1m[35mrunListT[0m[0m k
[;1m[34m    |[0m[0m[;1m[35m                                        ^^^^^^^^[0m[0m
[0m[0m[0m
[;1msrc/Shelly/Lifted.hs:200:30: [;1m[35mwarning:[0m[0m[;1m [[;1m[35m-Wdeprecations[0m[0m[;1m][0m[0m[;1m
    In the use of data constructor ‘ListT’
    (imported from Control.Monad.Trans.List):
    Deprecated: "This transformer is invalid on most monads"[0m[0m
[;1m[34m    |[0m[0m
[;1m[34m200 |[0m[0m     restoreSh (ListTShM m) = [;1m[35mListT[0m[0m . restoreSh $ m
[;1m[34m    |[0m[0m[;1m[35m                              ^^^^^[0m[0m
[0m[0m[0m
[;1msrc/Shelly/Lifted.hs:243:29: [;1m[35mwarning:[0m[0m[;1m [[;1m[35m-Wdeprecations[0m[0m[;1m][0m[0m[;1m
    In the use of type constructor or class ‘Error’
    (imported from Control.Monad.Trans.Error):
    Deprecated: "Use Control.Monad.Trans.Except instead"[0m[0m
[;1m[34m    |[0m[0m
[;1m[34m243 |[0m[0m instance (MonadShControl m, [;1m[35mError[0m[0m e)
[;1m[34m    |[0m[0m[;1m[35m                             ^^^^^[0m[0m
[0m[0m[0m
[;1msrc/Shelly/Lifted.hs:244:29: [;1m[35mwarning:[0m[0m[;1m [[;1m[35m-Wdeprecations[0m[0m[;1m][0m[0m[;1m
    In the use of type constructor or class ‘ErrorT’
    (imported from Control.Monad.Trans.Error):
    Deprecated: "Use Control.Monad.Trans.Except instead"[0m[0m
[;1m[34m    |[0m[0m
[;1m[34m244 |[0m[0m          => MonadShControl ([;1m[35mErrorT[0m[0m e m) where
[;1m[34m    |[0m[0m[;1m[35m                             ^^^^^^[0m[0m
[0m[0m[0m
[;1msrc/Shelly/Lifted.hs:245:18: [;1m[35mwarning:[0m[0m[;1m [[;1m[35m-Wdeprecations[0m[0m[;1m][0m[0m[;1m
    In the use of type constructor or class ‘ErrorT’
    (imported from Control.Monad.Trans.Error):
    Deprecated: "Use Control.Monad.Trans.Except instead"[0m[0m
[;1m[34m    |[0m[0m
[;1m[34m245 |[0m[0m     newtype ShM ([;1m[35mErrorT[0m[0m e m) a = ErrorTShM (ShM m (Either e a))
[;1m[34m    |[0m[0m[;1m[35m                  ^^^^^^[0m[0m
[0m[0m[0m
[;1msrc/Shelly/Lifted.hs:247:9: [;1m[35mwarning:[0m[0m[;1m [[;1m[35m-Wdeprecations[0m[0m[;1m][0m[0m[;1m
    In the use of data constructor ‘ErrorT’
    (imported from Control.Monad.Trans.Error):
    Deprecated: "Use Control.Monad.Trans.Except instead"[0m[0m
[;1m[34m    |[0m[0m
[;1m[34m247 |[0m[0m         [;1m[35mErrorT[0m[0m $ liftM return $ liftShWith $ \runInSh -> f $ \k ->
[;1m[34m    |[0m[0m[;1m[35m         ^^^^^^[0m[0m
[0m[0m[0m
[;1msrc/Shelly/Lifted.hs:248:41: [;1m[35mwarning:[0m[0m[;1m [[;1m[35m-Wdeprecations[0m[0m[;1m][0m[0m[;1m
    In the use of ‘runErrorT’
    (imported from Control.Monad.Trans.Error):
    Deprecated: "Use Control.Monad.Trans.Except instead"[0m[0m
[;1m[34m    |[0m[0m
[;1m[34m248 |[0m[0m             liftM ErrorTShM $ runInSh $ [;1m[35mrunErrorT[0m[0m k
[;1m[34m    |[0m[0m[;1m[35m                                         ^^^^^^^^^[0m[0m
[0m[0m[0m
[;1msrc/Shelly/Lifted.hs:249:31: [;1m[35mwarning:[0m[0m[;1m [[;1m[35m-Wdeprecations[0m[0m[;1m][0m[0m[;1m
    In the use of data constructor ‘ErrorT’
    (imported from Control.Monad.Trans.Error):
    Deprecated: "Use Control.Monad.Trans.Except instead"[0m[0m
[;1m[34m    |[0m[0m
[;1m[34m249 |[0m[0m     restoreSh (ErrorTShM m) = [;1m[35mErrorT[0m[0m . restoreSh $ m
[;1m[34m    |[0m[0m[;1m[35m                               ^^^^^^[0m[0m
[0m[0m[0m[6 of 7] Compiling Shelly.Pipe      ( src/Shelly/Pipe.hs, .stack-work/dist/x86_64-osx/Cabal-2.4.0.1/build/Shelly/Pipe.o )
[7 of 7] Compiling Shelly.Unix      ( src/Shelly/Unix.hs, .stack-work/dist/x86_64-osx/Cabal-2.4.0.1/build/Shelly/Unix.o )
Preprocessing library for shelly-1.8.1..
Running Haddock on library for shelly-1.8.1..

src/Shelly/Base.hs:41:1: warning: [-Wunused-imports]
    The import of ‘ProcessHandle’
    from module ‘System.Process’ is redundant
   |
41 | import System.Process( ProcessHandle, StdStream(..) )
   | ^^^^^^^^^^^^^^^^^^^^^^^^^^^^^^^^^^^^^^^^^^^^^^^^^^^^^

src/Shelly/Base.hs:44:1: warning: [-Wunused-imports]
    The import of ‘liftM’ from module ‘Control.Monad’ is redundant
   |
44 | import Control.Monad (when, (>=>),
   | ^^^^^^^^^^^^^^^^^^^^^^^^^^^^^^^^^^...

src/Shelly/Directory.hs:5:1: warning: [-Wunused-imports]
    The qualified import of ‘Filesystem.Path.CurrentOS’ is redundant
      except perhaps to import instances from ‘Filesystem.Path.CurrentOS’
    To import instances alone, use: import Filesystem.Path.CurrentOS()
  |
5 | import qualified Filesystem.Path.CurrentOS as FP
  | ^^^^^^^^^^^^^^^^^^^^^^^^^^^^^^^^^^^^^^^^^^^^^^^^

src/Shelly/Find.hs:67:5: warning: [-Wname-shadowing]
    This binding for ‘traverse’ shadows the existing binding
      imported from ‘Prelude’ at src/Shelly/Find.hs:11:1-32
      (and originally defined in ‘Data.Traversable’)
   |
67 |     traverse acc (relativePath, absolutePath) = do
   |     ^^^^^^^^

src/Shelly.hs:107:1: warning: [-Wunused-imports]
    The import of ‘toLower’ from module ‘Data.Char’ is redundant
    |
107 | import Data.Char ( isAlphaNum, isSpace, toLower )
    | ^^^^^^^^^^^^^^^^^^^^^^^^^^^^^^^^^^^^^^^^^^^^^^^^^

src/Shelly.hs:132:1: warning: [-Wunused-imports]
    The import of ‘Monoid’ from module ‘Data.Monoid’ is redundant
    |
132 | import Data.Monoid (Monoid, mempty, mappend)
    | ^^^^^^^^^^^^^^^^^^^^^^^^^^^^^^^^^^^^^^^^^^^^

src/Shelly.hs:800:1: warning: [-Wunused-top-binds]
    Defined but not used: ‘normalizeEnvVarNameString’
    |
800 | normalizeEnvVarNameString = id
    | ^^^^^^^^^^^^^^^^^^^^^^^^^

src/Shelly/Lifted.hs:105:1: warning: [-Wunused-imports]
    The import of ‘Data.Monoid’ is redundant
      except perhaps to import instances from ‘Data.Monoid’
    To import instances alone, use: import Data.Monoid()
    |
105 | import Data.Monoid
    | ^^^^^^^^^^^^^^^^^^

src/Shelly/Lifted.hs:115:1: warning: [-Wdeprecations]
    Module ‘Control.Monad.Trans.List’ is deprecated:
      This transformer is invalid on most monads
    |
115 | import Control.Monad.Trans.List
    | ^^^^^^^^^^^^^^^^^^^^^^^^^^^^^^^

src/Shelly/Lifted.hs:118:1: warning: [-Wdeprecations]
    Module ‘Control.Monad.Trans.Error’ is deprecated:
      Use Control.Monad.Trans.Except instead
    |
118 | import Control.Monad.Trans.Error
    | ^^^^^^^^^^^^^^^^^^^^^^^^^^^^^^^^

src/Shelly/Lifted.hs:135:32: warning: [-Wdeprecations]
    In the use of type constructor or class ‘ListT’
    (imported from Control.Monad.Trans.List):
    Deprecated: "This transformer is invalid on most monads"
    |
135 | instance MonadSh m => MonadSh (ListT m) where
    |                                ^^^^^

src/Shelly/Lifted.hs:136:16: warning: [-Wdeprecations]
    In the use of data constructor ‘ListT’
    (imported from Control.Monad.Trans.List):
    Deprecated: "This transformer is invalid on most monads"
    |
136 |     liftSh m = ListT $ do
    |                ^^^^^

src/Shelly/Lifted.hs:143:11: warning: [-Wdeprecations]
    In the use of type constructor or class ‘Error’
    (imported from Control.Monad.Trans.Error):
    Deprecated: "Use Control.Monad.Trans.Except instead"
    |
143 | instance (Error e, MonadSh m) => MonadSh (ErrorT e m) where
    |           ^^^^^

src/Shelly/Lifted.hs:143:43: warning: [-Wdeprecations]
    In the use of type constructor or class ‘ErrorT’
    (imported from Control.Monad.Trans.Error):
    Deprecated: "Use Control.Monad.Trans.Except instead"
    |
143 | instance (Error e, MonadSh m) => MonadSh (ErrorT e m) where
    |                                           ^^^^^^

src/Shelly/Lifted.hs:144:16: warning: [-Wdeprecations]
    In the use of data constructor ‘ErrorT’
    (imported from Control.Monad.Trans.Error):
    Deprecated: "Use Control.Monad.Trans.Except instead"
    |
144 |     liftSh m = ErrorT $ do
    |                ^^^^^^

src/Shelly/Lifted.hs:195:46: warning: [-Wdeprecations]
    In the use of type constructor or class ‘ListT’
    (imported from Control.Monad.Trans.List):
    Deprecated: "This transformer is invalid on most monads"
    |
195 | instance MonadShControl m => MonadShControl (ListT m) where
    |                                              ^^^^^

src/Shelly/Lifted.hs:196:18: warning: [-Wdeprecations]
    In the use of type constructor or class ‘ListT’
    (imported from Control.Monad.Trans.List):
    Deprecated: "This transformer is invalid on most monads"
    |
196 |     newtype ShM (ListT m) a = ListTShM (ShM m [a])
    |                  ^^^^^

src/Shelly/Lifted.hs:198:9: warning: [-Wdeprecations]
    In the use of data constructor ‘ListT’
    (imported from Control.Monad.Trans.List):
    Deprecated: "This transformer is invalid on most monads"
    |
198 |         ListT $ liftM return $ liftShWith $ \runInSh -> f $ \k ->
    |         ^^^^^

src/Shelly/Lifted.hs:199:40: warning: [-Wdeprecations]
    In the use of ‘runListT’ (imported from Control.Monad.Trans.List):
    Deprecated: "This transformer is invalid on most monads"
    |
199 |             liftM ListTShM $ runInSh $ runListT k
    |                                        ^^^^^^^^

src/Shelly/Lifted.hs:200:30: warning: [-Wdeprecations]
    In the use of data constructor ‘ListT’
    (imported from Control.Monad.Trans.List):
    Deprecated: "This transformer is invalid on most monads"
    |
200 |     restoreSh (ListTShM m) = ListT . restoreSh $ m
    |                              ^^^^^

src/Shelly/Lifted.hs:243:29: warning: [-Wdeprecations]
    In the use of type constructor or class ‘Error’
    (imported from Control.Monad.Trans.Error):
    Deprecated: "Use Control.Monad.Trans.Except instead"
    |
243 | instance (MonadShControl m, Error e)
    |                             ^^^^^

src/Shelly/Lifted.hs:244:29: warning: [-Wdeprecations]
    In the use of type constructor or class ‘ErrorT’
    (imported from Control.Monad.Trans.Error):
    Deprecated: "Use Control.Monad.Trans.Except instead"
    |
244 |          => MonadShControl (ErrorT e m) where
    |                             ^^^^^^

src/Shelly/Lifted.hs:245:18: warning: [-Wdeprecations]
    In the use of type constructor or class ‘ErrorT’
    (imported from Control.Monad.Trans.Error):
    Deprecated: "Use Control.Monad.Trans.Except instead"
    |
245 |     newtype ShM (ErrorT e m) a = ErrorTShM (ShM m (Either e a))
    |                  ^^^^^^

src/Shelly/Lifted.hs:247:9: warning: [-Wdeprecations]
    In the use of data constructor ‘ErrorT’
    (imported from Control.Monad.Trans.Error):
    Deprecated: "Use Control.Monad.Trans.Except instead"
    |
247 |         ErrorT $ liftM return $ liftShWith $ \runInSh -> f $ \k ->
    |         ^^^^^^

src/Shelly/Lifted.hs:248:41: warning: [-Wdeprecations]
    In the use of ‘runErrorT’
    (imported from Control.Monad.Trans.Error):
    Deprecated: "Use Control.Monad.Trans.Except instead"
    |
248 |             liftM ErrorTShM $ runInSh $ runErrorT k
    |                                         ^^^^^^^^^

src/Shelly/Lifted.hs:249:31: warning: [-Wdeprecations]
    In the use of data constructor ‘ErrorT’
    (imported from Control.Monad.Trans.Error):
    Deprecated: "Use Control.Monad.Trans.Except instead"
    |
249 |     restoreSh (ErrorTShM m) = ErrorT . restoreSh $ m
    |                               ^^^^^^
Haddock coverage:
Warning: 'find' is out of scope.
    If you qualify the identifier, haddock can try to link it
    it anyway.
Warning: 'sshPairsP' is out of scope.
    If you qualify the identifier, haddock can try to link it
    it anyway.
  90% (146 /163) in 'Shelly'
  Missing documentation for:
    Sh (src/Shelly/Base.hs:72)
    FoldCallback (src/Shelly.hs:271)
    bash_ (src/Shelly.hs:1207)
    sshCommandText (src/Shelly.hs:1157)
    SshMode (src/Shelly.hs:1101)
    StdHandle (src/Shelly/Base.hs:128)
    StdStream
    get_environment (src/Shelly.hs:775)
    show_command (src/Shelly.hs:1077)
    readfile (src/Shelly.hs:1474)
    writeBinary (src/Shelly.hs:1459)
    bracket_sh (src/Shelly.hs:441)
    RunFailed (src/Shelly.hs:1065)
    toTextWarn (src/Shelly.hs:250)
    FilePath
    get (src/Shelly/Base.hs:255)
    put (src/Shelly.hs:309)
  31% ( 44 /142) in 'Shelly.Lifted'
  Missing documentation for:
    MonadSh (src/Shelly/Lifted.hs:127)
    MonadShControl (src/Shelly/Lifted.hs:183)
    Sh (src/Shelly/Base.hs:72)
    sub (src/Shelly/Lifted.hs:334)
    silently (src/Shelly/Lifted.hs:313)
    verbosely (src/Shelly/Lifted.hs:316)
    escaping (src/Shelly/Lifted.hs:343)
    print_stdout (src/Shelly/Lifted.hs:325)
    print_stderr (src/Shelly/Lifted.hs:328)
    print_commands (src/Shelly/Lifted.hs:331)
    tracing (src/Shelly/Lifted.hs:340)
    errExit (src/Shelly/Lifted.hs:346)
    log_stdout_with (src/Shelly/Lifted.hs:319)
    log_stderr_with (src/Shelly/Lifted.hs:322)
    run (src/Shelly/Lifted.hs:484)
    run_ (src/Shelly/Lifted.hs:503)
    runFoldLines (src/Shelly/Lifted.hs:522)
    FoldCallback (src/Shelly.hs:271)
    -|- (src/Shelly/Lifted.hs:352)
    lastStderr (src/Shelly/Lifted.hs:525)
    setStdin (src/Shelly/Lifted.hs:531)
    lastExitCode (src/Shelly/Lifted.hs:528)
    command (src/Shelly/Lifted.hs:487)
    command_ (src/Shelly/Lifted.hs:491)
    command1 (src/Shelly/Lifted.hs:495)
    command1_ (src/Shelly/Lifted.hs:499)
    sshPairs (src/Shelly/Lifted.hs:481)
    sshPairs_ (src/Shelly/Lifted.hs:478)
    runHandle (src/Shelly/Lifted.hs:506)
    runHandles (src/Shelly/Lifted.hs:513)
    transferLinesAndCombine (src/Shelly/Lifted.hs:369)
    StdHandle (src/Shelly/Base.hs:128)
    StdStream
    setenv (src/Shelly/Lifted.hs:460)
    get_env (src/Shelly/Lifted.hs:472)
    get_env_text (src/Shelly/Lifted.hs:475)
    get_env_all (src/Shelly/Lifted.hs:469)
    appendToPath (src/Shelly/Lifted.hs:463)
    prependToPath (src/Shelly/Lifted.hs:466)
    cd (src/Shelly/Lifted.hs:406)
    chdir (src/Shelly/Lifted.hs:307)
    chdir_p (src/Shelly/Lifted.hs:310)
    pwd (src/Shelly/Lifted.hs:415)
    echo (src/Shelly/Lifted.hs:558)
    echo_n (src/Shelly/Lifted.hs:558)
    echo_err (src/Shelly/Lifted.hs:558)
    echo_n_err (src/Shelly/Lifted.hs:558)
    inspect (src/Shelly/Lifted.hs:592)
    inspect_err (src/Shelly/Lifted.hs:595)
    tag (src/Shelly/Lifted.hs:304)
    trace (src/Shelly/Lifted.hs:337)
    show_command (src/Shelly.hs:1077)
    ls (src/Shelly/Lifted.hs:589)
    lsT (src/Shelly/Lifted.hs:412)
    test_e (src/Shelly/Lifted.hs:442)
    test_f (src/Shelly/Lifted.hs:445)
    test_d (src/Shelly/Lifted.hs:583)
    test_s (src/Shelly/Lifted.hs:586)
    test_px (src/Shelly/Lifted.hs:448)
    which (src/Shelly/Lifted.hs:439)
    absPath (src/Shelly/Lifted.hs:580)
    canonic (src/Shelly/Lifted.hs:572)
    relPath (src/Shelly/Lifted.hs:564)
    relativeTo (src/Shelly/Lifted.hs:567)
    mv (src/Shelly/Lifted.hs:409)
    rm (src/Shelly/Lifted.hs:457)
    rm_f (src/Shelly/Lifted.hs:454)
    rm_rf (src/Shelly/Lifted.hs:451)
    cp (src/Shelly/Lifted.hs:537)
    cp_r (src/Shelly/Lifted.hs:534)
    mkdir (src/Shelly/Lifted.hs:430)
    mkdir_p (src/Shelly/Lifted.hs:433)
    mkdirTree (src/Shelly/Lifted.hs:436)
    readfile (src/Shelly/Lifted.hs:549)
    readBinary (src/Shelly/Lifted.hs:552)
    writefile (src/Shelly/Lifted.hs:540)
    appendfile (src/Shelly/Lifted.hs:546)
    touchfile (src/Shelly/Lifted.hs:543)
    withTmpDir (src/Shelly/Lifted.hs:358)
    exit (src/Shelly/Lifted.hs:418)
    errorExit (src/Shelly/Lifted.hs:421)
    quietExit (src/Shelly/Lifted.hs:424)
    terror (src/Shelly/Lifted.hs:427)
    bracket_sh (src/Shelly/Lifted.hs:390)
    catchany (src/Shelly/Lifted.hs:598)
    catch_sh (src/Shelly/Lifted.hs:378)
    handle_sh (src/Shelly/Lifted.hs:382)
    handleany_sh (src/Shelly/Lifted.hs:402)
    finally_sh (src/Shelly/Lifted.hs:386)
    catches_sh (src/Shelly/Lifted.hs:394)
    catchany_sh (src/Shelly/Lifted.hs:398)
    toTextWarn (src/Shelly/Lifted.hs:366)
    time (src/Shelly/Lifted.hs:361)
    sleep (src/Shelly/Lifted.hs:555)
    FilePath
    get (src/Shelly/Lifted.hs:372)
    put (src/Shelly/Lifted.hs:375)
    followSymlink (src/Shelly/Lifted.hs:349)
  95% (123 /129) in 'Shelly.Pipe'
  Missing documentation for:
    silently (src/Shelly/Pipe.hs:231)
    verbosely (src/Shelly/Pipe.hs:235)
    FoldCallback (src/Shelly.hs:271)
    FilePath
    get (src/Shelly/Pipe.hs:609)
    put (src/Shelly/Pipe.hs:612)
  50% (  1 /  2) in 'Shelly.Unix'
  Missing documentation for:
    kill (src/Shelly/Unix.hs:11)
Warning: Shelly: could not find link destinations for:
    D:R:ShMSha0 ShSh ToFilePath State
Warning: Shelly.Lifted: could not find link destinations for:
    D:R:ShMSha0 ShSh ToFilePath State
Warning: Shelly.Pipe: could not find link destinations for:
    ShellCommand ToFilePath State
Documentation created:
.stack-work/dist/x86_64-osx/Cabal-2.4.0.1/doc/html/shelly/index.html,
.stack-work/dist/x86_64-osx/Cabal-2.4.0.1/doc/html/shelly/shelly.txt
Installing library in /Users/daidohinari/.stack/snapshots/x86_64-osx/lts-14.1/8.6.5/lib/x86_64-osx-ghc-8.6.5/shelly-1.8.1-1FlRzoCY6Yy2oEZ7pv2LE6
Registering library for shelly-1.8.1..
