Configuring system-fileio-0.3.16.4...
Preprocessing library for system-fileio-0.3.16.4..
Building library for system-fileio-0.3.16.4..
[1 of 1] Compiling Filesystem       ( lib/Filesystem.hs, .stack-work/dist/x86_64-osx/Cabal-2.4.0.1/build/Filesystem.o )

[;1mlib/Filesystem.hs:19:1: [;1m[35mwarning:[0m[0m[;1m [[;1m[35m-Wtabs[0m[0m[;1m][0m[0m[;1m
    Tab character found here, and in 350 further locations.
    Please use spaces instead.[0m[0m
[;1m[34m   |[0m[0m
[;1m[34m19 |[0m[0m [;1m[35m        [0m[0m(
[;1m[34m   |[0m[0m[;1m[35m ^^^^^^^^[0m[0m
[0m[0m[0m
[;1mlib/Filesystem.hs:79:1: [;1m[35mwarning:[0m[0m[;1m [[;1m[35m-Wunused-imports[0m[0m[;1m][0m[0m[;1m
    The import of ‘when’ from module ‘Control.Monad’ is redundant[0m[0m
[;1m[34m   |[0m[0m
[;1m[34m79 |[0m[0m [;1m[35mimport           Control.Monad (forM_, unless, when)[0m[0m
[;1m[34m   |[0m[0m[;1m[35m ^^^^^^^^^^^^^^^^^^^^^^^^^^^^^^^^^^^^^^^^^^^^^^^^^^^^[0m[0m
[0m[0m[0m
[;1mlib/Filesystem.hs:928:1: [;1m[35mwarning:[0m[0m[;1m [[;1m[35m-Wunused-top-binds[0m[0m[;1m][0m[0m[;1m
    Defined but not used: ‘throwErrnoPathIfMinus1’[0m[0m
[;1m[34m    |[0m[0m
[;1m[34m928 |[0m[0m [;1m[35mthrowErrnoPathIfMinus1[0m[0m loc path = CError.throwErrnoPathIfMinus1 loc (encodeString path)
[;1m[34m    |[0m[0m[;1m[35m ^^^^^^^^^^^^^^^^^^^^^^[0m[0m
[0m[0m[0mPreprocessing library for system-fileio-0.3.16.4..
Running Haddock on library for system-fileio-0.3.16.4..

lib/Filesystem.hs:19:1: warning: [-Wtabs]
    Tab character found here, and in 350 further locations.
    Please use spaces instead.
   |
19 |         (
   | ^^^^^^^^

lib/Filesystem.hs:79:1: warning: [-Wunused-imports]
    The import of ‘when’ from module ‘Control.Monad’ is redundant
   |
79 | import           Control.Monad (forM_, unless, when)
   | ^^^^^^^^^^^^^^^^^^^^^^^^^^^^^^^^^^^^^^^^^^^^^^^^^^^^

lib/Filesystem.hs:928:1: warning: [-Wunused-top-binds]
    Defined but not used: ‘throwErrnoPathIfMinus1’
    |
928 | throwErrnoPathIfMinus1 loc path = CError.throwErrnoPathIfMinus1 loc (encodeString path)
    | ^^^^^^^^^^^^^^^^^^^^^^
Haddock coverage:
Warning: 'Handle' is out of scope.
    If you qualify the identifier, haddock can try to link it
    it anyway.
 100% ( 46 / 46) in 'Filesystem'
Warning: Filesystem: could not find link destinations for:
    unsafeIndex unsafeRangeSize
Documentation created:
.stack-work/dist/x86_64-osx/Cabal-2.4.0.1/doc/html/system-fileio/index.html,
.stack-work/dist/x86_64-osx/Cabal-2.4.0.1/doc/html/system-fileio/system-fileio.txt
Installing library in /Users/daidohinari/.stack/snapshots/x86_64-osx/lts-14.1/8.6.5/lib/x86_64-osx-ghc-8.6.5/system-fileio-0.3.16.4-HlRuLFEUs5510FaMgZTWEJ
Registering library for system-fileio-0.3.16.4..
