Configuring text-1.2.2.1...
Building text-1.2.2.1...
Preprocessing library text-1.2.2.1...
[ 1 of 44] Compiling Data.Text.Internal.Unsafe.Shift ( Data/Text/Internal/Unsafe/Shift.hs, .stack-work/dist/x86_64-osx/Cabal-1.24.2.0/build/Data/Text/Internal/Unsafe/Shift.o )
[ 2 of 44] Compiling Data.Text.Internal.Unsafe ( Data/Text/Internal/Unsafe.hs, .stack-work/dist/x86_64-osx/Cabal-1.24.2.0/build/Data/Text/Internal/Unsafe.o )
[ 3 of 44] Compiling Data.Text.Internal.Read ( Data/Text/Internal/Read.hs, .stack-work/dist/x86_64-osx/Cabal-1.24.2.0/build/Data/Text/Internal/Read.o )
[ 4 of 44] Compiling Data.Text.Internal.Functions ( Data/Text/Internal/Functions.hs, .stack-work/dist/x86_64-osx/Cabal-1.24.2.0/build/Data/Text/Internal/Functions.o )
[ 5 of 44] Compiling Data.Text.Internal.Encoding.Utf32 ( Data/Text/Internal/Encoding/Utf32.hs, .stack-work/dist/x86_64-osx/Cabal-1.24.2.0/build/Data/Text/Internal/Encoding/Utf32.o )
[ 6 of 44] Compiling Data.Text.Internal.Encoding.Utf16 ( Data/Text/Internal/Encoding/Utf16.hs, .stack-work/dist/x86_64-osx/Cabal-1.24.2.0/build/Data/Text/Internal/Encoding/Utf16.o )
[ 7 of 44] Compiling Data.Text.Internal.Builder.RealFloat.Functions ( Data/Text/Internal/Builder/RealFloat/Functions.hs, .stack-work/dist/x86_64-osx/Cabal-1.24.2.0/build/Data/Text/Internal/Builder/RealFloat/Functions.o )
[ 8 of 44] Compiling Data.Text.Internal.Builder.Int.Digits ( Data/Text/Internal/Builder/Int/Digits.hs, .stack-work/dist/x86_64-osx/Cabal-1.24.2.0/build/Data/Text/Internal/Builder/Int/Digits.o )
[ 9 of 44] Compiling Data.Text.Encoding.Error ( Data/Text/Encoding/Error.hs, .stack-work/dist/x86_64-osx/Cabal-1.24.2.0/build/Data/Text/Encoding/Error.o )
[10 of 44] Compiling Data.Text.Array  ( Data/Text/Array.hs, .stack-work/dist/x86_64-osx/Cabal-1.24.2.0/build/Data/Text/Array.o )
[11 of 44] Compiling Data.Text.Internal.Unsafe.Char ( Data/Text/Internal/Unsafe/Char.hs, .stack-work/dist/x86_64-osx/Cabal-1.24.2.0/build/Data/Text/Internal/Unsafe/Char.o )
[12 of 44] Compiling Data.Text.Internal ( Data/Text/Internal.hs, .stack-work/dist/x86_64-osx/Cabal-1.24.2.0/build/Data/Text/Internal.o )
[13 of 44] Compiling Data.Text.Internal.Fusion.Size ( Data/Text/Internal/Fusion/Size.hs, .stack-work/dist/x86_64-osx/Cabal-1.24.2.0/build/Data/Text/Internal/Fusion/Size.o )
[14 of 44] Compiling Data.Text.Internal.Fusion.Types ( Data/Text/Internal/Fusion/Types.hs, .stack-work/dist/x86_64-osx/Cabal-1.24.2.0/build/Data/Text/Internal/Fusion/Types.o )
[15 of 44] Compiling Data.Text.Internal.Fusion.CaseMapping ( Data/Text/Internal/Fusion/CaseMapping.hs, .stack-work/dist/x86_64-osx/Cabal-1.24.2.0/build/Data/Text/Internal/Fusion/CaseMapping.o )
[16 of 44] Compiling Data.Text.Internal.Fusion.Common ( Data/Text/Internal/Fusion/Common.hs, .stack-work/dist/x86_64-osx/Cabal-1.24.2.0/build/Data/Text/Internal/Fusion/Common.o )
[17 of 44] Compiling Data.Text.Internal.Search ( Data/Text/Internal/Search.hs, .stack-work/dist/x86_64-osx/Cabal-1.24.2.0/build/Data/Text/Internal/Search.o )
[18 of 44] Compiling Data.Text.Internal.Encoding.Utf8 ( Data/Text/Internal/Encoding/Utf8.hs, .stack-work/dist/x86_64-osx/Cabal-1.24.2.0/build/Data/Text/Internal/Encoding/Utf8.o )
[19 of 44] Compiling Data.Text.Unsafe ( Data/Text/Unsafe.hs, .stack-work/dist/x86_64-osx/Cabal-1.24.2.0/build/Data/Text/Unsafe.o )
[20 of 44] Compiling Data.Text.Internal.Private ( Data/Text/Internal/Private.hs, .stack-work/dist/x86_64-osx/Cabal-1.24.2.0/build/Data/Text/Internal/Private.o )
[21 of 44] Compiling Data.Text.Internal.Fusion ( Data/Text/Internal/Fusion.hs, .stack-work/dist/x86_64-osx/Cabal-1.24.2.0/build/Data/Text/Internal/Fusion.o )
[22 of 44] Compiling Data.Text.Internal.Encoding.Fusion.Common ( Data/Text/Internal/Encoding/Fusion/Common.hs, .stack-work/dist/x86_64-osx/Cabal-1.24.2.0/build/Data/Text/Internal/Encoding/Fusion/Common.o )
[23 of 44] Compiling Data.Text.Internal.Encoding.Fusion ( Data/Text/Internal/Encoding/Fusion.hs, .stack-work/dist/x86_64-osx/Cabal-1.24.2.0/build/Data/Text/Internal/Encoding/Fusion.o )
[24 of 44] Compiling Data.Text.Internal.Lazy.Encoding.Fusion ( Data/Text/Internal/Lazy/Encoding/Fusion.hs, .stack-work/dist/x86_64-osx/Cabal-1.24.2.0/build/Data/Text/Internal/Lazy/Encoding/Fusion.o )
[25 of 44] Compiling Data.Text.Show   ( Data/Text/Show.hs, .stack-work/dist/x86_64-osx/Cabal-1.24.2.0/build/Data/Text/Show.o )
[26 of 44] Compiling Data.Text.Encoding ( Data/Text/Encoding.hs, .stack-work/dist/x86_64-osx/Cabal-1.24.2.0/build/Data/Text/Encoding.o )
[27 of 44] Compiling Data.Text.Foreign ( Data/Text/Foreign.hs, .stack-work/dist/x86_64-osx/Cabal-1.24.2.0/build/Data/Text/Foreign.o )
[28 of 44] Compiling Data.Text        ( Data/Text.hs, .stack-work/dist/x86_64-osx/Cabal-1.24.2.0/build/Data/Text.o )

Data/Text.hs:587:1: warning: [-Winline-rule-shadowing]
    Rule "TEXT compareN/length -> compareLength" may never fire
      because ‘length’ might inline first
    Probable fix: add an INLINE[n] or NOINLINE[n] pragma for ‘length’

Data/Text.hs:592:1: warning: [-Winline-rule-shadowing]
    Rule "TEXT ==N/length -> compareLength/==EQ" may never fire
      because ‘length’ might inline first
    Probable fix: add an INLINE[n] or NOINLINE[n] pragma for ‘length’

Data/Text.hs:597:1: warning: [-Winline-rule-shadowing]
    Rule "TEXT /=N/length -> compareLength//=EQ" may never fire
      because ‘length’ might inline first
    Probable fix: add an INLINE[n] or NOINLINE[n] pragma for ‘length’

Data/Text.hs:602:1: warning: [-Winline-rule-shadowing]
    Rule "TEXT <N/length -> compareLength/==LT" may never fire
      because ‘length’ might inline first
    Probable fix: add an INLINE[n] or NOINLINE[n] pragma for ‘length’

Data/Text.hs:607:1: warning: [-Winline-rule-shadowing]
    Rule "TEXT <=N/length -> compareLength//=GT" may never fire
      because ‘length’ might inline first
    Probable fix: add an INLINE[n] or NOINLINE[n] pragma for ‘length’

Data/Text.hs:612:1: warning: [-Winline-rule-shadowing]
    Rule "TEXT >N/length -> compareLength/==GT" may never fire
      because ‘length’ might inline first
    Probable fix: add an INLINE[n] or NOINLINE[n] pragma for ‘length’

Data/Text.hs:617:1: warning: [-Winline-rule-shadowing]
    Rule "TEXT >=N/length -> compareLength//=LT" may never fire
      because ‘length’ might inline first
    Probable fix: add an INLINE[n] or NOINLINE[n] pragma for ‘length’
[29 of 44] Compiling Data.Text.Internal.IO ( Data/Text/Internal/IO.hs, .stack-work/dist/x86_64-osx/Cabal-1.24.2.0/build/Data/Text/Internal/IO.o )
[30 of 44] Compiling Data.Text.IO     ( Data/Text/IO.hs, .stack-work/dist/x86_64-osx/Cabal-1.24.2.0/build/Data/Text/IO.o )
[31 of 44] Compiling Data.Text.Internal.Lazy ( Data/Text/Internal/Lazy.hs, .stack-work/dist/x86_64-osx/Cabal-1.24.2.0/build/Data/Text/Internal/Lazy.o )
[32 of 44] Compiling Data.Text.Internal.Lazy.Fusion ( Data/Text/Internal/Lazy/Fusion.hs, .stack-work/dist/x86_64-osx/Cabal-1.24.2.0/build/Data/Text/Internal/Lazy/Fusion.o )
[33 of 44] Compiling Data.Text.Internal.Lazy.Search ( Data/Text/Internal/Lazy/Search.hs, .stack-work/dist/x86_64-osx/Cabal-1.24.2.0/build/Data/Text/Internal/Lazy/Search.o )
[34 of 44] Compiling Data.Text.Lazy.Internal ( Data/Text/Lazy/Internal.hs, .stack-work/dist/x86_64-osx/Cabal-1.24.2.0/build/Data/Text/Lazy/Internal.o )
[35 of 44] Compiling Data.Text.Lazy.Encoding ( Data/Text/Lazy/Encoding.hs, .stack-work/dist/x86_64-osx/Cabal-1.24.2.0/build/Data/Text/Lazy/Encoding.o )
[36 of 44] Compiling Data.Text.Lazy   ( Data/Text/Lazy.hs, .stack-work/dist/x86_64-osx/Cabal-1.24.2.0/build/Data/Text/Lazy.o )
[37 of 44] Compiling Data.Text.Internal.Builder ( Data/Text/Internal/Builder.hs, .stack-work/dist/x86_64-osx/Cabal-1.24.2.0/build/Data/Text/Internal/Builder.o )

Data/Text/Internal/Builder.hs:324:1: warning: [-Winline-rule-shadowing]
    Rule "flush/flush" may never fire
      because ‘flush’ might inline first
    Probable fix: add an INLINE[n] or NOINLINE[n] pragma for ‘flush’
[38 of 44] Compiling Data.Text.Lazy.Builder ( Data/Text/Lazy/Builder.hs, .stack-work/dist/x86_64-osx/Cabal-1.24.2.0/build/Data/Text/Lazy/Builder.o )
[39 of 44] Compiling Data.Text.Internal.Builder.Functions ( Data/Text/Internal/Builder/Functions.hs, .stack-work/dist/x86_64-osx/Cabal-1.24.2.0/build/Data/Text/Internal/Builder/Functions.o )
[40 of 44] Compiling Data.Text.Lazy.Builder.Int ( Data/Text/Lazy/Builder/Int.hs, .stack-work/dist/x86_64-osx/Cabal-1.24.2.0/build/Data/Text/Lazy/Builder/Int.o )
[41 of 44] Compiling Data.Text.Lazy.Builder.RealFloat ( Data/Text/Lazy/Builder/RealFloat.hs, .stack-work/dist/x86_64-osx/Cabal-1.24.2.0/build/Data/Text/Lazy/Builder/RealFloat.o )
[42 of 44] Compiling Data.Text.Lazy.IO ( Data/Text/Lazy/IO.hs, .stack-work/dist/x86_64-osx/Cabal-1.24.2.0/build/Data/Text/Lazy/IO.o )
[43 of 44] Compiling Data.Text.Lazy.Read ( Data/Text/Lazy/Read.hs, .stack-work/dist/x86_64-osx/Cabal-1.24.2.0/build/Data/Text/Lazy/Read.o )
[44 of 44] Compiling Data.Text.Read   ( Data/Text/Read.hs, .stack-work/dist/x86_64-osx/Cabal-1.24.2.0/build/Data/Text/Read.o )
Running Haddock for text-1.2.2.1...
Preprocessing library text-1.2.2.1...
Haddock coverage:
 100% (  2 /  2) in 'Data.Text.Internal.Unsafe.Shift'
 100% (  3 /  3) in 'Data.Text.Internal.Unsafe'
  14% (  1 /  7) in 'Data.Text.Internal.Read'
  Missing documentation for:
    IReader (Data/Text/Internal/Read.hs:26)
    IParser (Data/Text/Internal/Read.hs:28)
    T (Data/Text/Internal/Read.hs:48)
    digitToInt (Data/Text/Internal/Read.hs:61)
    hexDigitToInt (Data/Text/Internal/Read.hs:55)
    perhaps (Data/Text/Internal/Read.hs:50)
 100% (  2 /  2) in 'Data.Text.Internal.Functions'
  50% (  1 /  2) in 'Data.Text.Internal.Encoding.Utf32'
  Missing documentation for:
    validate (Data/Text/Internal/Encoding/Utf32.hs:24)
  25% (  1 /  4) in 'Data.Text.Internal.Encoding.Utf16'
  Missing documentation for:
    chr2 (Data/Text/Internal/Encoding/Utf16.hs:29)
    validate1 (Data/Text/Internal/Encoding/Utf16.hs:38)
    validate2 (Data/Text/Internal/Encoding/Utf16.hs:42)
  50% (  1 /  2) in 'Data.Text.Internal.Builder.RealFloat.Functions'
  Missing documentation for:
    roundTo (Data/Text/Internal/Builder/RealFloat/Functions.hs:17)
   0% (  0 /  2) in 'Data.Text.Internal.Builder.Int.Digits'
  Missing documentation for:
    Module header
    digits (Data/Text/Internal/Builder/Int/Digits.hs:21)
 100% ( 12 / 12) in 'Data.Text.Encoding.Error'
 100% ( 16 / 16) in 'Data.Text.Array'
  33% (  2 /  6) in 'Data.Text.Internal.Unsafe.Char'
  Missing documentation for:
    ord (Data/Text/Internal/Unsafe/Char.hs:39)
    unsafeChr (Data/Text/Internal/Unsafe/Char.hs:43)
    unsafeChr8 (Data/Text/Internal/Unsafe/Char.hs:47)
    unsafeChr32 (Data/Text/Internal/Unsafe/Char.hs:51)
  95% ( 19 / 20) in 'Data.Text.Internal'
  Missing documentation for:
    textP (Data/Text/Internal.hs:97)
  38% (  5 / 13) in 'Data.Text.Internal.Fusion.Size'
  Missing documentation for:
    Size (Data/Text/Internal/Fusion/Size.hs:40)
    exactly (Data/Text/Internal/Fusion/Size.hs:44)
    exactSize (Data/Text/Internal/Fusion/Size.hs:49)
    maxSize (Data/Text/Internal/Fusion/Size.hs:57)
    betweenSize (Data/Text/Internal/Fusion/Size.hs:65)
    unknownSize (Data/Text/Internal/Fusion/Size.hs:74)
    compareSize (Data/Text/Internal/Fusion/Size.hs:143)
    isEmpty (Data/Text/Internal/Fusion/Size.hs:151)
  88% (  7 /  8) in 'Data.Text.Internal.Fusion.Types'
  Missing documentation for:
    Stream (Data/Text/Internal/Fusion/Types.hs:83)
   0% (  0 /  5) in 'Data.Text.Internal.Fusion.CaseMapping'
  Missing documentation for:
    Module header
    upperMapping (Data/Text/Internal/Fusion/CaseMapping.hs:13)
    lowerMapping (Data/Text/Internal/Fusion/CaseMapping.hs:220)
    titleMapping (Data/Text/Internal/Fusion/CaseMapping.hs:225)
    foldMapping (Data/Text/Internal/Fusion/CaseMapping.hs:324)
  89% ( 63 / 71) in 'Data.Text.Internal.Fusion.Common'
  Missing documentation for:
    singleton (Data/Text/Internal/Fusion/Common.hs:119)
    streamList (Data/Text/Internal/Fusion/Common.hs:125)
    unstreamList (Data/Text/Internal/Fusion/Common.hs:131)
    intercalate (Data/Text/Internal/Fusion/Common.hs:577)
    justifyLeftI (Data/Text/Internal/Fusion/Common.hs:479)
    scanl (Data/Text/Internal/Fusion/Common.hs:656)
    replicateCharI (Data/Text/Internal/Fusion/Common.hs:671)
    replicateI (Data/Text/Internal/Fusion/Common.hs:682)
 100% (  2 /  2) in 'Data.Text.Internal.Search'
  17% (  2 / 12) in 'Data.Text.Internal.Encoding.Utf8'
  Missing documentation for:
    ord2 (Data/Text/Internal/Encoding/Utf8.hs:58)
    ord3 (Data/Text/Internal/Encoding/Utf8.hs:69)
    ord4 (Data/Text/Internal/Encoding/Utf8.hs:81)
    chr2 (Data/Text/Internal/Encoding/Utf8.hs:94)
    chr3 (Data/Text/Internal/Encoding/Utf8.hs:103)
    chr4 (Data/Text/Internal/Encoding/Utf8.hs:114)
    validate1 (Data/Text/Internal/Encoding/Utf8.hs:128)
    validate2 (Data/Text/Internal/Encoding/Utf8.hs:132)
    validate3 (Data/Text/Internal/Encoding/Utf8.hs:136)
    validate4 (Data/Text/Internal/Encoding/Utf8.hs:153)
  93% ( 13 / 14) in 'Data.Text.Unsafe'
  Missing documentation for:
    Iter (Data/Text/Unsafe.hs:62)
  33% (  1 /  3) in 'Data.Text.Internal.Private'
  Missing documentation for:
    runText (Data/Text/Internal/Private.hs:33)
    span_ (Data/Text/Internal/Private.hs:23)
  91% ( 20 / 22) in 'Data.Text.Internal.Fusion'
  Missing documentation for:
    Stream (Data/Text/Internal/Fusion/Types.hs:83)
    length (Data/Text/Internal/Fusion.hs:127)
  33% (  2 /  6) in 'Data.Text.Internal.Encoding.Fusion.Common'
  Missing documentation for:
    restreamUtf16LE (Data/Text/Internal/Encoding/Fusion/Common.hs:63)
    restreamUtf16BE (Data/Text/Internal/Encoding/Fusion/Common.hs:39)
    restreamUtf32LE (Data/Text/Internal/Encoding/Fusion/Common.hs:106)
    restreamUtf32BE (Data/Text/Internal/Encoding/Fusion/Common.hs:87)
  91% ( 10 / 11) in 'Data.Text.Internal.Encoding.Fusion'
  Missing documentation for:
    streamASCII (Data/Text/Internal/Encoding/Fusion.hs:57)
 100% ( 10 / 10) in 'Data.Text.Internal.Lazy.Encoding.Fusion'
 100% (  4 /  4) in 'Data.Text.Show'
 100% ( 33 / 33) in 'Data.Text.Encoding'
 100% ( 18 / 18) in 'Data.Text.Foreign'
 100% (127 /127) in 'Data.Text'
 100% (  3 /  3) in 'Data.Text.Internal.IO'
 100% ( 20 / 20) in 'Data.Text.IO'
  93% ( 14 / 15) in 'Data.Text.Internal.Lazy'
  Missing documentation for:
    Text (Data/Text/Internal/Lazy.hs:47)
 100% (  8 /  8) in 'Data.Text.Internal.Lazy.Fusion'
 100% (  2 /  2) in 'Data.Text.Internal.Lazy.Search'
 100% (  2 /  2) in 'Data.Text.Lazy.Internal'
  89% ( 24 / 27) in 'Data.Text.Lazy.Encoding'
  Missing documentation for:
    encodeUtf8 (Data/Text/Lazy/Encoding.hs:148)
    encodeUtf8Builder (Data/Text/Lazy/Encoding.hs:162)
    encodeUtf8BuilderEscaped (Data/Text/Lazy/Encoding.hs:167)
  99% (128 /129) in 'Data.Text.Lazy'
  Missing documentation for:
    Text (Data/Text/Internal/Lazy.hs:47)
  94% ( 16 / 17) in 'Data.Text.Internal.Builder'
  Missing documentation for:
    append' (Data/Text/Internal/Builder.hs:301)
 100% ( 12 / 12) in 'Data.Text.Lazy.Builder'
 100% (  3 /  3) in 'Data.Text.Internal.Builder.Functions'
   0% (  0 /  3) in 'Data.Text.Lazy.Builder.Int'
  Missing documentation for:
    Module header
    decimal (Data/Text/Lazy/Builder/Int.hs:52)
    hexadecimal (Data/Text/Lazy/Builder/Int.hs:162)
  75% (  3 /  4) in 'Data.Text.Lazy.Builder.RealFloat'
  Missing documentation for:
    formatRealFloat (Data/Text/Lazy/Builder/RealFloat.hs:46)
 100% ( 19 / 19) in 'Data.Text.Lazy.IO'
 100% (  7 /  7) in 'Data.Text.Lazy.Read'
 100% (  7 /  7) in 'Data.Text.Read'
Warning: Data.Text.Internal.Fusion.Common: could not find link destinations for:
    findIndicesI
Warning: Data.Text: could not find link destinations for:
    replicateChar countChar
Warning: Data.Text.Internal.IO: could not find link destinations for:
    Handle__
Warning: Data.Text.Lazy: could not find link destinations for:
    replicateChar dropWords splitAtWord countChar
Warning: Data.Text.Internal.Builder: could not find link destinations for:
    empty append
Warning: Data.Text.Lazy.Builder.RealFloat: could not find link destinations for:
    floatToDigits
Documentation created:
.stack-work/dist/x86_64-osx/Cabal-1.24.2.0/doc/html/text/index.html,
.stack-work/dist/x86_64-osx/Cabal-1.24.2.0/doc/html/text/text.txt
Installing library in
/Users/daidohinari/.stack/snapshots/x86_64-osx/lts-8.5/8.0.2/lib/x86_64-osx-ghc-8.0.2/text-1.2.2.1-Ji7hMs2U4BkBwavd4taEVR
Registering text-1.2.2.1...
