Configuring xml-conduit-1.4.0.4...
Building xml-conduit-1.4.0.4...
Preprocessing library xml-conduit-1.4.0.4...
[1 of 7] Compiling Text.XML.Stream.Token ( Text/XML/Stream/Token.hs, .stack-work/dist/x86_64-osx/Cabal-1.24.2.0/build/Text/XML/Stream/Token.o )
[2 of 7] Compiling Text.XML.Stream.Render ( Text/XML/Stream/Render.hs, .stack-work/dist/x86_64-osx/Cabal-1.24.2.0/build/Text/XML/Stream/Render.o )

Text/XML/Stream/Render.hs:33:1: warning: [-Wunused-imports]
    The import of ‘Control.Monad.Trans.Resource’ is redundant
      except perhaps to import instances from ‘Control.Monad.Trans.Resource’
    To import instances alone, use: import Control.Monad.Trans.Resource()

Text/XML/Stream/Render.hs:34:1: warning: [-Wunused-imports]
    The import of ‘Data.ByteString’ is redundant
      except perhaps to import instances from ‘Data.ByteString’
    To import instances alone, use: import Data.ByteString()

Text/XML/Stream/Render.hs:58:1: warning: [-Wmissing-signatures]
    Top-level binding with no type signature:
      renderBytes :: (primitive-0.6.1.0:Control.Monad.Primitive.PrimMonad
                        base,
                      transformers-base-0.4.4:Control.Monad.Base.MonadBase base m) =>
                     RenderSettings -> ConduitM Event ByteString m ()

Text/XML/Stream/Render.hs:67:1: warning: [-Wmissing-signatures]
    Top-level binding with no type signature:
      renderText :: (MonadThrow m,
                     transformers-base-0.4.4:Control.Monad.Base.MonadBase base m,
                     primitive-0.6.1.0:Control.Monad.Primitive.PrimMonad base) =>
                    RenderSettings -> ConduitM Event Text m ()

Text/XML/Stream/Render.hs:112:18: warning: [-Wname-shadowing]
    This binding for ‘attr’ shadows the existing binding
      defined at Text/XML/Stream/Render.hs:404:1

Text/XML/Stream/Render.hs:384:25: warning: [-Wname-shadowing]
    This binding for ‘content’ shadows the existing binding
      defined at Text/XML/Stream/Render.hs:391:1
[3 of 7] Compiling Text.XML.Stream.Parse ( Text/XML/Stream/Parse.hs, .stack-work/dist/x86_64-osx/Cabal-1.24.2.0/build/Text/XML/Stream/Parse.o )

Text/XML/Stream/Parse.hs:160:1: warning: [-Wunused-imports]
    The import of ‘<$>’ from module ‘Control.Applicative’ is redundant

Text/XML/Stream/Parse.hs:570:5: warning: [-Wname-shadowing]
    This binding for ‘parseText'’ shadows the existing binding
      defined at Text/XML/Stream/Parse.hs:366:1

Text/XML/Stream/Parse.hs:714:20: warning: [-Wname-shadowing]
    This binding for ‘attr’ shadows the existing binding
      defined at Text/XML/Stream/Parse.hs:945:1

Text/XML/Stream/Parse.hs:1045:14: warning: [-Wname-shadowing]
    This binding for ‘e’ shadows the existing binding
      bound at Text/XML/Stream/Parse.hs:1040:10

Text/XML/Stream/Parse.hs:1052:14: warning: [-Wname-shadowing]
    This binding for ‘e’ shadows the existing binding
      bound at Text/XML/Stream/Parse.hs:1047:10

Text/XML/Stream/Parse.hs:1059:14: warning: [-Wname-shadowing]
    This binding for ‘e’ shadows the existing binding
      bound at Text/XML/Stream/Parse.hs:1054:10
[4 of 7] Compiling Text.XML.Unresolved ( Text/XML/Unresolved.hs, .stack-work/dist/x86_64-osx/Cabal-1.24.2.0/build/Text/XML/Unresolved.o )

Text/XML/Unresolved.hs:130:1: warning: [-Wmissing-signatures]
    Top-level binding with no type signature:
      renderBytes :: (transformers-base-0.4.4:Control.Monad.Base.MonadBase
                        base m,
                      primitive-0.6.1.0:Control.Monad.Primitive.PrimMonad base) =>
                     R.RenderSettings -> Document -> ConduitM a ByteString m ()

Text/XML/Unresolved.hs:133:1: warning: [-Wmissing-signatures]
    Top-level binding with no type signature:
      renderText :: (primitive-0.6.1.0:Control.Monad.Primitive.PrimMonad
                       base,
                     transformers-base-0.4.4:Control.Monad.Base.MonadBase base m,
                     MonadThrow m) =>
                    R.RenderSettings -> Document -> ConduitM a Text m ()
[5 of 7] Compiling Text.XML.Cursor.Generic ( Text/XML/Cursor/Generic.hs, .stack-work/dist/x86_64-osx/Cabal-1.24.2.0/build/Text/XML/Cursor/Generic.o )
[6 of 7] Compiling Text.XML         ( Text/XML.hs, .stack-work/dist/x86_64-osx/Cabal-1.24.2.0/build/Text/XML.o )

Text/XML.hs:282:1: warning: [-Wmissing-signatures]
    Top-level binding with no type signature:
      renderBytes :: (primitive-0.6.1.0:Control.Monad.Primitive.PrimMonad
                        base,
                      transformers-base-0.4.4:Control.Monad.Base.MonadBase base m) =>
                     D.RenderSettings -> Document -> ConduitM a ByteString m ()
[7 of 7] Compiling Text.XML.Cursor  ( Text/XML/Cursor.hs, .stack-work/dist/x86_64-osx/Cabal-1.24.2.0/build/Text/XML/Cursor.o )
Running Haddock for xml-conduit-1.4.0.4...
Preprocessing library xml-conduit-1.4.0.4...

Text/XML/Stream/Render.hs:33:1: warning: [-Wunused-imports]
    The import of ‘Control.Monad.Trans.Resource’ is redundant
      except perhaps to import instances from ‘Control.Monad.Trans.Resource’
    To import instances alone, use: import Control.Monad.Trans.Resource()

Text/XML/Stream/Render.hs:34:1: warning: [-Wunused-imports]
    The import of ‘Data.ByteString’ is redundant
      except perhaps to import instances from ‘Data.ByteString’
    To import instances alone, use: import Data.ByteString()

Text/XML/Stream/Render.hs:58:1: warning: [-Wmissing-signatures]
    Top-level binding with no type signature:
      renderBytes :: (primitive-0.6.1.0:Control.Monad.Primitive.PrimMonad
                        base,
                      transformers-base-0.4.4:Control.Monad.Base.MonadBase base m) =>
                     RenderSettings -> ConduitM Event ByteString m ()

Text/XML/Stream/Render.hs:67:1: warning: [-Wmissing-signatures]
    Top-level binding with no type signature:
      renderText :: (MonadThrow m,
                     transformers-base-0.4.4:Control.Monad.Base.MonadBase base m,
                     primitive-0.6.1.0:Control.Monad.Primitive.PrimMonad base) =>
                    RenderSettings -> ConduitM Event Text m ()

Text/XML/Stream/Render.hs:112:18: warning: [-Wname-shadowing]
    This binding for ‘attr’ shadows the existing binding
      defined at Text/XML/Stream/Render.hs:404:1

Text/XML/Stream/Render.hs:384:25: warning: [-Wname-shadowing]
    This binding for ‘content’ shadows the existing binding
      defined at Text/XML/Stream/Render.hs:391:1

Text/XML/Stream/Parse.hs:160:1: warning: [-Wunused-imports]
    The import of ‘<$>’ from module ‘Control.Applicative’ is redundant

Text/XML/Stream/Parse.hs:570:5: warning: [-Wname-shadowing]
    This binding for ‘parseText'’ shadows the existing binding
      defined at Text/XML/Stream/Parse.hs:366:1

Text/XML/Stream/Parse.hs:714:20: warning: [-Wname-shadowing]
    This binding for ‘attr’ shadows the existing binding
      defined at Text/XML/Stream/Parse.hs:945:1

Text/XML/Stream/Parse.hs:1045:14: warning: [-Wname-shadowing]
    This binding for ‘e’ shadows the existing binding
      bound at Text/XML/Stream/Parse.hs:1040:10

Text/XML/Stream/Parse.hs:1052:14: warning: [-Wname-shadowing]
    This binding for ‘e’ shadows the existing binding
      bound at Text/XML/Stream/Parse.hs:1047:10

Text/XML/Stream/Parse.hs:1059:14: warning: [-Wname-shadowing]
    This binding for ‘e’ shadows the existing binding
      bound at Text/XML/Stream/Parse.hs:1054:10

Text/XML/Unresolved.hs:130:1: warning: [-Wmissing-signatures]
    Top-level binding with no type signature:
      renderBytes :: (transformers-base-0.4.4:Control.Monad.Base.MonadBase
                        base m,
                      primitive-0.6.1.0:Control.Monad.Primitive.PrimMonad base) =>
                     R.RenderSettings -> Document -> ConduitM a ByteString m ()

Text/XML/Unresolved.hs:133:1: warning: [-Wmissing-signatures]
    Top-level binding with no type signature:
      renderText :: (primitive-0.6.1.0:Control.Monad.Primitive.PrimMonad
                       base,
                     transformers-base-0.4.4:Control.Monad.Base.MonadBase base m,
                     MonadThrow m) =>
                    R.RenderSettings -> Document -> ConduitM a Text m ()

Text/XML.hs:282:1: warning: [-Wmissing-signatures]
    Top-level binding with no type signature:
      renderBytes :: (primitive-0.6.1.0:Control.Monad.Primitive.PrimMonad
                        base,
                      transformers-base-0.4.4:Control.Monad.Base.MonadBase base m) =>
                     D.RenderSettings -> Document -> ConduitM a ByteString m ()
Haddock coverage:
   0% (  0 /  6) in 'Text.XML.Stream.Token'
  Missing documentation for:
    Module header
    tokenToBuilder (Text/XML/Stream/Token.hs:39)
    TName (Text/XML/Stream/Token.hs:97)
    Token (Text/XML/Stream/Token.hs:30)
    TAttribute (Text/XML/Stream/Token.hs:119)
    NSLevel (Text/XML/Stream/Token.hs:152)
  91% ( 20 / 22) in 'Text.XML.Stream.Render'
  Missing documentation for:
    RenderSettings (Text/XML/Stream/Render.hs:69)
    rsPretty (Text/XML/Stream/Render.hs:70)
  83% ( 52 / 63) in 'Text.XML.Stream.Parse'
  Missing documentation for:
    parseBytesPos (Text/XML/Stream/Parse.hs:337)
    parseText (Text/XML/Stream/Parse.hs:369)
    ParseSettings (Text/XML/Stream/Parse.hs:404)
    DecodeEntities (Text/XML/Stream/Parse.hs:1069)
    psDecodeEntities (Text/XML/Stream/Parse.hs:405)
    optionalAttr (Text/XML/Stream/Parse.hs:954)
    requireAttrRaw (Text/XML/Stream/Parse.hs:938)
    optionalAttrRaw (Text/XML/Stream/Parse.hs:928)
    XmlException (Text/XML/Stream/Parse.hs:880)
    PositionRange
    EventPos (Text/XML/Stream/Parse.hs:322)
  50% ( 17 / 34) in 'Text.XML.Unresolved'
  Missing documentation for:
    writeFile (Text/XML/Unresolved.hs:80)
    readFile (Text/XML/Unresolved.hs:72)
    renderLBS (Text/XML/Unresolved.hs:84)
    parseLBS (Text/XML/Unresolved.hs:93)
    parseLBS_ (Text/XML/Unresolved.hs:98)
    parseText (Text/XML/Unresolved.hs:277)
    parseText_ (Text/XML/Unresolved.hs:283)
    sinkTextDoc (Text/XML/Unresolved.hs:286)
    sinkDoc (Text/XML/Unresolved.hs:75)
    renderBuilder (Text/XML/Unresolved.hs:126)
    renderBytes (Text/XML/Unresolved.hs:130)
    renderText (Text/XML/Unresolved.hs:133)
    InvalidEventStream (Text/XML/Unresolved.hs:101)
    ParseSettings (Text/XML/Stream/Parse.hs:404)
    psDecodeEntities (Text/XML/Stream/Parse.hs:405)
    RenderSettings (Text/XML/Stream/Render.hs:69)
    rsPretty (Text/XML/Stream/Render.hs:70)
  92% ( 24 / 26) in 'Text.XML.Cursor.Generic'
  Missing documentation for:
    Axis (Text/XML/Cursor/Generic.hs:35)
    toCursor (Text/XML/Cursor/Generic.hs:52)
  43% ( 23 / 54) in 'Text.XML'
  Missing documentation for:
    Document (Text/XML.hs:123)
    Prologue
    Instruction
    Miscellaneous
    Node (Text/XML.hs:135)
    Element (Text/XML.hs:150)
    ExternalID
    readFile (Text/XML.hs:227)
    parseLBS (Text/XML.hs:244)
    parseLBS_ (Text/XML.hs:250)
    sinkDoc (Text/XML.hs:253)
    parseText (Text/XML.hs:258)
    parseText_ (Text/XML.hs:264)
    sinkTextDoc (Text/XML.hs:267)
    fromEvents (Text/XML.hs:272)
    UnresolvedEntityException (Text/XML.hs:277)
    XMLException (Text/XML.hs:232)
    writeFile (Text/XML.hs:284)
    renderLBS (Text/XML.hs:288)
    renderText (Text/XML.hs:297)
    renderBytes (Text/XML.hs:282)
    ParseSettings (Text/XML/Stream/Parse.hs:404)
    psDecodeEntities (Text/XML/Stream/Parse.hs:405)
    RenderSettings (Text/XML/Stream/Render.hs:69)
    rsPretty (Text/XML/Stream/Render.hs:70)
    toXMLDocument (Text/XML.hs:167)
    fromXMLDocument (Text/XML.hs:192)
    toXMLNode (Text/XML.hs:183)
    fromXMLNode (Text/XML.hs:220)
    toXMLElement (Text/XML.hs:173)
    fromXMLElement (Text/XML.hs:198)
  96% ( 45 / 47) in 'Text.XML.Cursor'
  Missing documentation for:
    force (Text/XML/Cursor.hs:216)
    forceM (Text/XML/Cursor.hs:220)
Documentation created:
.stack-work/dist/x86_64-osx/Cabal-1.24.2.0/doc/html/xml-conduit/index.html,
.stack-work/dist/x86_64-osx/Cabal-1.24.2.0/doc/html/xml-conduit/xml-conduit.txt
Installing library in
/Users/daidohinari/.stack/snapshots/x86_64-osx/lts-8.5/8.0.2/lib/x86_64-osx-ghc-8.0.2/xml-conduit-1.4.0.4-5ieaKDLUsH2HKP5Nw5NY4h
Registering xml-conduit-1.4.0.4...
