Configuring xml-conduit-1.8.0.1...
Preprocessing library for xml-conduit-1.8.0.1..
Building library for xml-conduit-1.8.0.1..
[1 of 7] Compiling Text.XML.Cursor.Generic ( Text/XML/Cursor/Generic.hs, .stack-work/dist/x86_64-osx/Cabal-2.4.0.1/build/Text/XML/Cursor/Generic.o )
[2 of 7] Compiling Text.XML.Stream.Token ( Text/XML/Stream/Token.hs, .stack-work/dist/x86_64-osx/Cabal-2.4.0.1/build/Text/XML/Stream/Token.o )
[3 of 7] Compiling Text.XML.Stream.Render ( Text/XML/Stream/Render.hs, .stack-work/dist/x86_64-osx/Cabal-2.4.0.1/build/Text/XML/Stream/Render.o )

[;1mText/XML/Stream/Render.hs:43:1: [;1m[35mwarning:[0m[0m[;1m [[;1m[35m-Wunused-imports[0m[0m[;1m][0m[0m[;1m
    The import of ‘mappend’ from module ‘Data.Monoid’ is redundant[0m[0m
[;1m[34m   |[0m[0m
[;1m[34m43 |[0m[0m [;1m[35mimport           Data.Monoid                  (Monoid, mappend, mempty)[0m[0m
[;1m[34m   |[0m[0m[;1m[35m ^^^^^^^^^^^^^^^^^^^^^^^^^^^^^^^^^^^^^^^^^^^^^^^^^^^^^^^^^^^^^^^^^^^^^^^[0m[0m
[0m[0m[0m[4 of 7] Compiling Text.XML.Stream.Parse ( Text/XML/Stream/Parse.hs, .stack-work/dist/x86_64-osx/Cabal-2.4.0.1/build/Text/XML/Stream/Parse.o )
[5 of 7] Compiling Text.XML.Unresolved ( Text/XML/Unresolved.hs, .stack-work/dist/x86_64-osx/Cabal-2.4.0.1/build/Text/XML/Unresolved.o )
[6 of 7] Compiling Text.XML         ( Text/XML.hs, .stack-work/dist/x86_64-osx/Cabal-2.4.0.1/build/Text/XML.o )
[7 of 7] Compiling Text.XML.Cursor  ( Text/XML/Cursor.hs, .stack-work/dist/x86_64-osx/Cabal-2.4.0.1/build/Text/XML/Cursor.o )
Preprocessing library for xml-conduit-1.8.0.1..
Running Haddock on library for xml-conduit-1.8.0.1..

Text/XML/Stream/Render.hs:43:1: warning: [-Wunused-imports]
    The import of ‘mappend’ from module ‘Data.Monoid’ is redundant
   |
43 | import           Data.Monoid                  (Monoid, mappend, mempty)
   | ^^^^^^^^^^^^^^^^^^^^^^^^^^^^^^^^^^^^^^^^^^^^^^^^^^^^^^^^^^^^^^^^^^^^^^^
Haddock coverage:
Warning: 'Node' is out of scope.
    If you qualify the identifier, haddock can try to link it
    it anyway.
Warning: 'NodeElement' is out of scope.
    If you qualify the identifier, haddock can try to link it
    it anyway.
  92% ( 24 / 26) in 'Text.XML.Cursor.Generic'
  Missing documentation for:
    Axis (Text/XML/Cursor/Generic.hs:35)
    toCursor (Text/XML/Cursor/Generic.hs:52)
Warning: 'Enumeratee' is out of scope.
    If you qualify the identifier, haddock can try to link it
    it anyway.
Warning: 'Element' is out of scope.
    If you qualify the identifier, haddock can try to link it
    it anyway.
Warning: 'Element'' is out of scope.
    If you qualify the identifier, haddock can try to link it
    it anyway.
  91% ( 21 / 23) in 'Text.XML.Stream.Render'
  Missing documentation for:
    RenderSettings (Text/XML/Stream/Render.hs:65)
    rsPretty (Text/XML/Stream/Render.hs:66)
Warning: 'Events' is out of scope.
    If you qualify the identifier, haddock can try to link it
    it anyway.
Warning: 'enumFile' is out of scope.
    If you qualify the identifier, haddock can try to link it
    it anyway.
Warning: 'First' is out of scope.
    If you qualify the identifier, haddock can try to link it
    it anyway.
  77% ( 55 / 71) in 'Text.XML.Stream.Parse'
  Missing documentation for:
    parseBytesPos (Text/XML/Stream/Parse.hs:324)
    parseText (Text/XML/Stream/Parse.hs:356)
    ParseSettings (Text/XML/Stream/Parse.hs:395)
    DecodeEntities (Text/XML/Stream/Parse.hs:392)
    DecodeIllegalCharacters (Text/XML/Stream/Parse.hs:393)
    psDecodeEntities (Text/XML/Stream/Parse.hs:396)
    ignoreTag (Text/XML/Stream/Parse.hs:793)
    ignoreTree (Text/XML/Stream/Parse.hs:810)
    ignoreAllTreesContent (Text/XML/Stream/Parse.hs:830)
    takeAllTreesContent (Text/XML/Stream/Parse.hs:1160)
    optionalAttr (Text/XML/Stream/Parse.hs:993)
    requireAttrRaw (Text/XML/Stream/Parse.hs:977)
    optionalAttrRaw (Text/XML/Stream/Parse.hs:967)
    XmlException (Text/XML/Stream/Parse.hs:877)
    PositionRange
    EventPos (Text/XML/Stream/Parse.hs:309)
  50% ( 17 / 34) in 'Text.XML.Unresolved'
  Missing documentation for:
    writeFile (Text/XML/Unresolved.hs:79)
    readFile (Text/XML/Unresolved.hs:71)
    renderLBS (Text/XML/Unresolved.hs:83)
    parseLBS (Text/XML/Unresolved.hs:92)
    parseLBS_ (Text/XML/Unresolved.hs:95)
    parseText (Text/XML/Unresolved.hs:280)
    parseText_ (Text/XML/Unresolved.hs:286)
    sinkTextDoc (Text/XML/Unresolved.hs:289)
    sinkDoc (Text/XML/Unresolved.hs:74)
    renderBuilder (Text/XML/Unresolved.hs:123)
    renderBytes (Text/XML/Unresolved.hs:126)
    renderText (Text/XML/Unresolved.hs:129)
    InvalidEventStream (Text/XML/Unresolved.hs:98)
    ParseSettings (Text/XML/Stream/Parse.hs:395)
    psDecodeEntities (Text/XML/Stream/Parse.hs:396)
    RenderSettings (Text/XML/Stream/Render.hs:65)
    rsPretty (Text/XML/Stream/Render.hs:66)
  44% ( 24 / 55) in 'Text.XML'
  Missing documentation for:
    Document (Text/XML.hs:122)
    Prologue
    Instruction
    Miscellaneous
    Node (Text/XML.hs:134)
    Element (Text/XML.hs:149)
    ExternalID
    readFile (Text/XML.hs:226)
    parseLBS (Text/XML.hs:243)
    parseLBS_ (Text/XML.hs:249)
    sinkDoc (Text/XML.hs:252)
    parseText (Text/XML.hs:257)
    parseText_ (Text/XML.hs:263)
    sinkTextDoc (Text/XML.hs:266)
    fromEvents (Text/XML.hs:271)
    UnresolvedEntityException (Text/XML.hs:276)
    XMLException (Text/XML.hs:231)
    writeFile (Text/XML.hs:283)
    renderLBS (Text/XML.hs:287)
    renderText (Text/XML.hs:296)
    renderBytes (Text/XML.hs:280)
    ParseSettings (Text/XML/Stream/Parse.hs:395)
    psDecodeEntities (Text/XML/Stream/Parse.hs:396)
    RenderSettings (Text/XML/Stream/Render.hs:65)
    rsPretty (Text/XML/Stream/Render.hs:66)
    toXMLDocument (Text/XML.hs:166)
    fromXMLDocument (Text/XML.hs:191)
    toXMLNode (Text/XML.hs:182)
    fromXMLNode (Text/XML.hs:219)
    toXMLElement (Text/XML.hs:172)
    fromXMLElement (Text/XML.hs:197)
Warning: '&|' is out of scope.
    If you qualify the identifier, haddock can try to link it
    it anyway.
Warning: '&/' is out of scope.
    If you qualify the identifier, haddock can try to link it
    it anyway.
Warning: '&//' is out of scope.
    If you qualify the identifier, haddock can try to link it
    it anyway.
Warning: '&.//' is out of scope.
    If you qualify the identifier, haddock can try to link it
    it anyway.
Warning: '$|' is out of scope.
    If you qualify the identifier, haddock can try to link it
    it anyway.
Warning: '$/' is out of scope.
    If you qualify the identifier, haddock can try to link it
    it anyway.
Warning: '$//' is out of scope.
    If you qualify the identifier, haddock can try to link it
    it anyway.
Warning: '$.//' is out of scope.
    If you qualify the identifier, haddock can try to link it
    it anyway.
Warning: 'Content' is out of scope.
    If you qualify the identifier, haddock can try to link it
    it anyway.
  96% ( 45 / 47) in 'Text.XML.Cursor'
  Missing documentation for:
    force (Text/XML/Cursor.hs:216)
    forceM (Text/XML/Cursor.hs:220)
Documentation created:
.stack-work/dist/x86_64-osx/Cabal-2.4.0.1/doc/html/xml-conduit/index.html,
.stack-work/dist/x86_64-osx/Cabal-2.4.0.1/doc/html/xml-conduit/xml-conduit.txt
Installing library in /Users/daidohinari/.stack/snapshots/x86_64-osx/lts-14.1/8.6.5/lib/x86_64-osx-ghc-8.6.5/xml-conduit-1.8.0.1-5ZTpt8Z80t23dC7dOa0USe
Registering library for xml-conduit-1.8.0.1..
