Configuring zlib-0.6.1.2...
Building zlib-0.6.1.2...
Preprocessing library zlib-0.6.1.2...
[1 of 5] Compiling Codec.Compression.Zlib.Stream ( .stack-work/dist/x86_64-osx/Cabal-1.24.2.0/build/Codec/Compression/Zlib/Stream.hs, .stack-work/dist/x86_64-osx/Cabal-1.24.2.0/build/Codec/Compression/Zlib/Stream.o )
[2 of 5] Compiling Codec.Compression.Zlib.Internal ( Codec/Compression/Zlib/Internal.hs, .stack-work/dist/x86_64-osx/Cabal-1.24.2.0/build/Codec/Compression/Zlib/Internal.o )
[3 of 5] Compiling Codec.Compression.Zlib.Raw ( Codec/Compression/Zlib/Raw.hs, .stack-work/dist/x86_64-osx/Cabal-1.24.2.0/build/Codec/Compression/Zlib/Raw.o )
[4 of 5] Compiling Codec.Compression.Zlib ( Codec/Compression/Zlib.hs, .stack-work/dist/x86_64-osx/Cabal-1.24.2.0/build/Codec/Compression/Zlib.o )
[5 of 5] Compiling Codec.Compression.GZip ( Codec/Compression/GZip.hs, .stack-work/dist/x86_64-osx/Cabal-1.24.2.0/build/Codec/Compression/GZip.o )
Running Haddock for zlib-0.6.1.2...
Preprocessing library zlib-0.6.1.2...
Haddock coverage:
  62% ( 40 / 64) in 'Codec.Compression.Zlib.Stream'
  Missing documentation for:
    Stream (Codec/Compression/Zlib/Stream.hsc:351)
    State (Codec/Compression/Zlib/Stream.hsc:400)
    mkState (Codec/Compression/Zlib/Stream.hsc:406)
    runStream (Codec/Compression/Zlib/Stream.hsc:420)
    unsafeLiftIO (Codec/Compression/Zlib/Stream.hsc:429)
    deflateInit (Codec/Compression/Zlib/Stream.hsc:937)
    inflateInit (Codec/Compression/Zlib/Stream.hsc:929)
    formatSupportsDictionary (Codec/Compression/Zlib/Stream.hsc:625)
    deflate (Codec/Compression/Zlib/Stream.hsc:250)
    inflate (Codec/Compression/Zlib/Stream.hsc:270)
    Status (Codec/Compression/Zlib/Stream.hsc:519)
    Flush (Codec/Compression/Zlib/Stream.hsc:565)
    ErrorCode (Codec/Compression/Zlib/Stream.hsc:524)
    inflateReset (Codec/Compression/Zlib/Stream.hsc:290)
    pushInputBuffer (Codec/Compression/Zlib/Stream.hsc:147)
    inputBufferEmpty (Codec/Compression/Zlib/Stream.hsc:169)
    popRemainingInputBuffer (Codec/Compression/Zlib/Stream.hsc:173)
    pushOutputBuffer (Codec/Compression/Zlib/Stream.hsc:187)
    popOutputBuffer (Codec/Compression/Zlib/Stream.hsc:213)
    outputBufferBytesAvailable (Codec/Compression/Zlib/Stream.hsc:230)
    outputBufferSpaceRemaining (Codec/Compression/Zlib/Stream.hsc:236)
    outputBufferFull (Codec/Compression/Zlib/Stream.hsc:242)
    deflateSetDictionary (Codec/Compression/Zlib/Stream.hsc:306)
    inflateSetDictionary (Codec/Compression/Zlib/Stream.hsc:313)
 100% ( 51 / 51) in 'Codec.Compression.Zlib.Internal'
  88% ( 28 / 32) in 'Codec.Compression.Zlib.Raw'
  Missing documentation for:
    compress (Codec/Compression/Zlib/Raw.hs:64)
    decompress (Codec/Compression/Zlib/Raw.hs:58)
    compressWith (Codec/Compression/Zlib/Raw.hs:67)
    decompressWith (Codec/Compression/Zlib/Raw.hs:61)
 100% ( 33 / 33) in 'Codec.Compression.Zlib'
 100% ( 33 / 33) in 'Codec.Compression.GZip'
Documentation created:
.stack-work/dist/x86_64-osx/Cabal-1.24.2.0/doc/html/zlib/index.html,
.stack-work/dist/x86_64-osx/Cabal-1.24.2.0/doc/html/zlib/zlib.txt
Installing library in
/Users/daidohinari/.stack/snapshots/x86_64-osx/lts-8.5/8.0.2/lib/x86_64-osx-ghc-8.0.2/zlib-0.6.1.2-7negTfm2ujt1gW4wr40MUp
Registering zlib-0.6.1.2...
